<?xml version="1.0" encoding="UTF-8"?>
<TestRun id="69a4480a-eacf-4b12-8c62-5a0f56a8d3c4" name="Isidurlll@ISIDURLLL-LAP 2014-02-13 20:54:03" runUser="Isidurlll-Lap\Isidurlll" xmlns="http://microsoft.com/schemas/VisualStudio/TeamTest/2010">
  <TestSettings name="Local" id="394bf3ce-0a1d-449a-bda7-3a6098356fbc">
    <Description>Esta es la configuración de pruebas predeterminada para una ejecución de pruebas local.</Description>
    <Deployment enabled="false" runDeploymentRoot="Isidurlll_ISIDURLLL-LAP 2014-02-13 20_54_03">
      <DeploymentItem filename="C:\Users\Isidurlll\Desktop\svn\trunk\NuevoInmueblateGen\NuevoInmueblateGenNHibernate\bin\Debug\NuevoInmueblateGenNHibernate.dll" />
      <DeploymentItem filename="C:\Users\Isidurlll\Desktop\svn\trunk\NuevoInmueblateGen\NuevoInmueblateCP\bin\Debug\NuevoInmueblateCP.dll" />
      <DeploymentItem filename="C:\Users\Isidurlll\Desktop\svn\trunk\NuevoInmueblateGen\packages\SpecFlow.1.9.0\lib\net35\TechTalk.SpecFlow.dll" />
      <DeploymentItem filename="C:\Users\Isidurlll\Desktop\svn\trunk\NuevoInmueblateGen\packages\NUnit.2.6.3\lib\nunit.framework.dll" />
    </Deployment>
    <Execution>
      <TestTypeSpecific />
      <AgentRule name="Execution Agents">
      </AgentRule>
    </Execution>
  </TestSettings>
  <Times creation="2014-02-13T20:54:03.9447040+01:00" queuing="2014-02-13T20:54:06.4518474+01:00" start="2014-02-13T20:54:06.9628766+01:00" finish="2014-02-13T20:54:08.0549391+01:00" />
  <ResultSummary outcome="Completed">
    <Counters total="1" executed="1" passed="1" error="0" failed="0" timeout="0" aborted="0" inconclusive="0" passedButRunAborted="0" notRunnable="0" notExecuted="0" disconnected="0" warning="0" completed="0" inProgress="0" pending="0" />
  </ResultSummary>
  <TestDefinitions>
    <UnitTest name="TestMethod1" storage="c:\users\isidurlll\desktop\svn\trunk\nuevoinmueblategen\inmueblatetestcp\bin\debug\inmueblatetestcp.dll" id="5e0d9a5f-391e-d1b6-c13b-7d287d3bef6c">
      <Execution id="f9811a52-24e5-4fbe-9ce8-627b81e78ef9" />
      <TestMethod codeBase="C:/Users/Isidurlll/Desktop/svn/trunk/NuevoInmueblateGen/InmueblateTestCP/bin/Debug/InmueblateTestCP.DLL" adapterTypeName="Microsoft.VisualStudio.TestTools.TestTypes.Unit.UnitTestAdapter, Microsoft.VisualStudio.QualityTools.Tips.UnitTest.Adapter, Version=10.0.0.0, Culture=neutral, PublicKeyToken=b03f5f7f11d50a3a" className="InmueblateTestCP.UnitTest1, InmueblateTestCP, Version=1.0.0.0, Culture=neutral, PublicKeyToken=null" name="TestMethod1" />
    </UnitTest>
  </TestDefinitions>
  <TestLists>
    <TestList name="Resultados que no están en la lista" id="8c84fa94-04c1-424b-9868-57a2d4851a1d" />
    <TestList name="Todos los resultados cargados" id="19431567-8539-422a-85d7-44ee4e166bda" />
  </TestLists>
  <TestEntries>
    <TestEntry testId="5e0d9a5f-391e-d1b6-c13b-7d287d3bef6c" executionId="f9811a52-24e5-4fbe-9ce8-627b81e78ef9" testListId="8c84fa94-04c1-424b-9868-57a2d4851a1d" />
  </TestEntries>
  <Results>
    <UnitTestResult executionId="f9811a52-24e5-4fbe-9ce8-627b81e78ef9" testId="5e0d9a5f-391e-d1b6-c13b-7d287d3bef6c" testName="TestMethod1" computerName="ISIDURLLL-LAP" duration="00:00:00.0194525" startTime="2014-02-13T20:54:07.0628823+01:00" endTime="2014-02-13T20:54:07.8899296+01:00" testType="13cdc9d9-ddb5-4fa4-a97d-d965ccfc6d4b" outcome="Passed" testListId="8c84fa94-04c1-424b-9868-57a2d4851a1d" relativeResultsDirectory="f9811a52-24e5-4fbe-9ce8-627b81e78ef9">
    </UnitTestResult>
  </Results>
</TestRun>