<?xml version="1.0" encoding="UTF-8"?>
<TestRun id="8587e909-81ba-4e10-9aa6-fd0126fc4240" name="Isidurlll@ISIDURLLL-LAP 2014-03-11 18:58:06" runUser="Isidurlll-Lap\Isidurlll" xmlns="http://microsoft.com/schemas/VisualStudio/TeamTest/2010">
  <TestSettings name="Configuración de pruebas predeterminada" id="89ac7eda-e459-46e6-99b9-718da605a77d">
    <Deployment runDeploymentRoot="Isidurlll_ISIDURLLL-LAP 2014-03-11 18_58_06">
      <DeploymentItem filename="D:\Master\SVNProyecto\11-03-14\trunk\NuevoInmueblateGen\NuevoInmueblateGenNHibernate\bin\Debug\Castle.DynamicProxy2.dll" />
      <DeploymentItem filename="D:\Master\SVNProyecto\11-03-14\trunk\NuevoInmueblateGen\NuevoInmueblateGenNHibernate\bin\Debug\LinFu.DynamicProxy.dll" />
      <DeploymentItem filename="D:\Master\SVNProyecto\11-03-14\trunk\NuevoInmueblateGen\InitializeDB\bin\Debug\Castle.DynamicProxy2.dll" />
      <DeploymentItem filename="D:\Master\SVNProyecto\11-03-14\trunk\NuevoInmueblateGen\NuevoInmueblateGenNHibernate\bin\Debug\log4net.dll" />
      <DeploymentItem filename="D:\Master\SVNProyecto\11-03-14\trunk\NuevoInmueblateGen\NuevoInmueblateGenNHibernate\bin\Debug\Iesi.Collections.dll" />
      <DeploymentItem filename="D:\Master\SVNProyecto\11-03-14\trunk\NuevoInmueblateGen\NuevoInmueblateGenNHibernate\bin\Debug\NuevoInmueblateGenNHibernate.dll" />
      <DeploymentItem filename="D:\Master\SVNProyecto\11-03-14\trunk\NuevoInmueblateGen\packages\Moq.4.2.1312.1622\lib\net40\Moq.dll" />
      <DeploymentItem filename="D:\Master\SVNProyecto\11-03-14\trunk\NuevoInmueblateGen\InitializeDB\bin\Debug\nunit.core.dll" />
      <DeploymentItem filename="D:\Master\SVNProyecto\11-03-14\trunk\NuevoInmueblateGen\InitializeDB\bin\Debug\log4net.dll" />
      <DeploymentItem filename="D:\Master\SVNProyecto\11-03-14\trunk\NuevoInmueblateGen\NuevoInmueblateGenNHibernate\bin\Debug\Antlr3.Runtime.dll" />
      <DeploymentItem filename="D:\Master\SVNProyecto\11-03-14\trunk\NuevoInmueblateGen\NuevoInmueblateCP\bin\Debug\NuevoInmueblateCP.dll" />
      <DeploymentItem filename="D:\Master\SVNProyecto\11-03-14\trunk\NuevoInmueblateGen\NuevoInmueblateGenNHibernate\bin\Debug\NHibernate.dll" />
      <DeploymentItem filename="D:\Master\SVNProyecto\11-03-14\trunk\NuevoInmueblateGen\InitializeDB\bin\Debug\NHibernate.dll" />
      <DeploymentItem filename="D:\Master\SVNProyecto\11-03-14\trunk\NuevoInmueblateGen\packages\NUnit.2.6.3\lib\nunit.framework.dll" />
      <DeploymentItem filename="D:\Master\SVNProyecto\11-03-14\trunk\NuevoInmueblateGen\NuevoInmueblateGenNHibernate\bin\Debug\NHibernate.ByteCode.Castle.dll" />
      <DeploymentItem filename="D:\Master\SVNProyecto\11-03-14\trunk\NuevoInmueblateGen\InitializeDB\bin\Debug\Antlr3.Runtime.dll" />
      <DeploymentItem filename="D:\Master\SVNProyecto\11-03-14\trunk\NuevoInmueblateGen\InitializeDB\bin\Debug\NHibernate.ByteCode.Castle.dll" />
      <DeploymentItem filename="D:\Master\SVNProyecto\11-03-14\trunk\NuevoInmueblateGen\InitializeDB\bin\Debug\NHibernate.ByteCode.LinFu.dll" />
      <DeploymentItem filename="D:\Master\SVNProyecto\11-03-14\trunk\NuevoInmueblateGen\packages\SpecFlow.1.9.0\lib\net35\TechTalk.SpecFlow.dll" />
      <DeploymentItem filename="D:\Master\SVNProyecto\11-03-14\trunk\NuevoInmueblateGen\NuevoInmueblateGenNHibernate\bin\Debug\NHibernate.ByteCode.LinFu.dll" />
      <DeploymentItem filename="D:\Master\SVNProyecto\11-03-14\trunk\NuevoInmueblateGen\InitializeDB\bin\Debug\Iesi.Collections.dll" />
      <DeploymentItem filename="D:\Master\SVNProyecto\11-03-14\trunk\NuevoInmueblateGen\InitializeDB\bin\Debug\LinFu.DynamicProxy.dll" />
    </Deployment>
    <Execution>
      <TestTypeSpecific />
      <AgentRule name="Execution Agents">
      </AgentRule>
    </Execution>
  </TestSettings>
  <Times creation="2014-03-11T18:58:06.9157923+01:00" queuing="2014-03-11T18:58:08.9629093+01:00" start="2014-03-11T18:58:09.1039174+01:00" finish="2014-03-11T18:58:11.6140610+01:00" />
  <ResultSummary outcome="Failed">
    <Counters total="22" executed="22" error="0" failed="14" timeout="0" aborted="0" inconclusive="8" passedButRunAborted="0" notRunnable="0" notExecuted="0" disconnected="0" warning="0" passed="0" completed="0" inProgress="0" pending="0" />
  </ResultSummary>
  <TestDefinitions>
    <UnitTest name="ResgistrarUsuario_NuevoPeroYaExiste" storage="d:\master\svnproyecto\11-03-14\trunk\nuevoinmueblategen\inmueblatetestcp\bin\debug\inmueblatetestcp.dll" id="5165bcb4-336c-8ad0-f412-09726cec7a6c">
      <Description>ResgistrarUsuario_Nuevo pero ya Existe</Description>
      <Execution id="f7ece7f2-8090-4d1a-95c3-a4b674b92dbb" />
      <Properties>
        <Property>
          <Key>FeatureTitle</Key>
          <Value>UsuarioCP_ResgistrarUsuario</Value>
        </Property>
      </Properties>
      <TestMethod codeBase="D:/Master/SVNProyecto/11-03-14/trunk/NuevoInmueblateGen/InmueblateTestCP/bin/Debug/InmueblateTestCP.DLL" adapterTypeName="Microsoft.VisualStudio.TestTools.TestTypes.Unit.UnitTestAdapter, Microsoft.VisualStudio.QualityTools.Tips.UnitTest.Adapter, Version=10.0.0.0, Culture=neutral, PublicKeyToken=b03f5f7f11d50a3a" className="InmueblateTestCP.InmueblatePruebas.UsuarioCP_ResgistrarUsuarioFeature, InmueblateTestCP, Version=1.0.0.0, Culture=neutral, PublicKeyToken=null" name="ResgistrarUsuario_NuevoPeroYaExiste" />
    </UnitTest>
    <UnitTest name="Login_LogeoComoInmobiliaria" storage="d:\master\svnproyecto\11-03-14\trunk\nuevoinmueblategen\nuevoinmueblatetestcustom\bin\debug\nuevoinmueblatetestcustom.dll" id="00952f56-31d6-d22b-e313-b7986565c621">
      <Description>Login_Logeo como Inmobiliaria</Description>
      <Execution id="e0105325-24cf-47fd-8251-b15fe3d99c98" />
      <Properties>
        <Property>
          <Key>FeatureTitle</Key>
          <Value>SuperUsuarioCEN_Login</Value>
        </Property>
      </Properties>
      <TestMethod codeBase="D:/Master/SVNProyecto/11-03-14/trunk/NuevoInmueblateGen/NuevoInmueblateTestCustom/bin/Debug/NuevoInmueblateTestCustom.DLL" adapterTypeName="Microsoft.VisualStudio.TestTools.TestTypes.Unit.UnitTestAdapter, Microsoft.VisualStudio.QualityTools.Tips.UnitTest.Adapter, Version=10.0.0.0, Culture=neutral, PublicKeyToken=b03f5f7f11d50a3a" className="NuevoInmueblateTestCustom.NuevoInmueblatePruebas.SuperUsuarioCEN_LoginFeature, NuevoInmueblateTestCustom, Version=1.0.0.0, Culture=neutral, PublicKeyToken=null" name="Login_LogeoComoInmobiliaria" />
    </UnitTest>
    <UnitTest name="ObtenerAnunciosRandom_Obtener5Anuncios" storage="d:\master\svnproyecto\11-03-14\trunk\nuevoinmueblategen\nuevoinmueblatetestcustom\bin\debug\nuevoinmueblatetestcustom.dll" id="db9255f2-fa2c-71cd-8d2e-3a49670c6bd6">
      <Description>ObtenerAnunciosRandom_Obtener 5 anuncios</Description>
      <TestCategory>
        <TestCategoryItem TestCategory="mytag" />
      </TestCategory>
      <Execution id="4891abfc-f53a-414b-96ee-03adafe52473" />
      <Properties>
        <Property>
          <Key>FeatureTitle</Key>
          <Value>AnuncioCEN_ObtenerAnunciosRandom</Value>
        </Property>
      </Properties>
      <TestMethod codeBase="D:/Master/SVNProyecto/11-03-14/trunk/NuevoInmueblateGen/NuevoInmueblateTestCustom/bin/Debug/NuevoInmueblateTestCustom.DLL" adapterTypeName="Microsoft.VisualStudio.TestTools.TestTypes.Unit.UnitTestAdapter, Microsoft.VisualStudio.QualityTools.Tips.UnitTest.Adapter, Version=10.0.0.0, Culture=neutral, PublicKeyToken=b03f5f7f11d50a3a" className="NuevoInmueblateTestCustom.NuevoInmueblatePruebas.AnuncioCEN_ObtenerAnunciosRandomFeature, NuevoInmueblateTestCustom, Version=1.0.0.0, Culture=neutral, PublicKeyToken=null" name="ObtenerAnunciosRandom_Obtener5Anuncios" />
    </UnitTest>
    <UnitTest name="Login_LogeoErroneo" storage="d:\master\svnproyecto\11-03-14\trunk\nuevoinmueblategen\nuevoinmueblatetestcustom\bin\debug\nuevoinmueblatetestcustom.dll" id="045d05a4-cbf6-728f-368d-3c4852e02d35">
      <Description>Login_Logeo erroneo</Description>
      <TestCategory>
        <TestCategoryItem TestCategory="mytag" />
      </TestCategory>
      <Execution id="1720be21-c8ec-4c2d-a2ed-01ec63aec57d" />
      <Properties>
        <Property>
          <Key>FeatureTitle</Key>
          <Value>SuperUsuarioCEN_Login</Value>
        </Property>
      </Properties>
      <TestMethod codeBase="D:/Master/SVNProyecto/11-03-14/trunk/NuevoInmueblateGen/NuevoInmueblateTestCustom/bin/Debug/NuevoInmueblateTestCustom.DLL" adapterTypeName="Microsoft.VisualStudio.TestTools.TestTypes.Unit.UnitTestAdapter, Microsoft.VisualStudio.QualityTools.Tips.UnitTest.Adapter, Version=10.0.0.0, Culture=neutral, PublicKeyToken=b03f5f7f11d50a3a" className="NuevoInmueblateTestCustom.NuevoInmueblatePruebas.SuperUsuarioCEN_LoginFeature, NuevoInmueblateTestCustom, Version=1.0.0.0, Culture=neutral, PublicKeyToken=null" name="Login_LogeoErroneo" />
    </UnitTest>
    <UnitTest name="EnviarPetcion_UsuarioAToA" storage="d:\master\svnproyecto\11-03-14\trunk\nuevoinmueblategen\inmueblatetestcp\bin\debug\inmueblatetestcp.dll" id="b0f950f9-726e-26dd-e9a2-0383d6c3889f">
      <Description>EnviarPetcion_Usuario a to a</Description>
      <Execution id="88fa69aa-dee6-4852-ad23-c96ef8cea6f5" />
      <Properties>
        <Property>
          <Key>FeatureTitle</Key>
          <Value>UsuarioCP_EnviarPeticion</Value>
        </Property>
      </Properties>
      <TestMethod codeBase="D:/Master/SVNProyecto/11-03-14/trunk/NuevoInmueblateGen/InmueblateTestCP/bin/Debug/InmueblateTestCP.DLL" adapterTypeName="Microsoft.VisualStudio.TestTools.TestTypes.Unit.UnitTestAdapter, Microsoft.VisualStudio.QualityTools.Tips.UnitTest.Adapter, Version=10.0.0.0, Culture=neutral, PublicKeyToken=b03f5f7f11d50a3a" className="InmueblateTestCP.InmueblatePruebas.UsuarioCP_EnviarPeticionFeature, InmueblateTestCP, Version=1.0.0.0, Culture=neutral, PublicKeyToken=null" name="EnviarPetcion_UsuarioAToA" />
    </UnitTest>
    <UnitTest name="Aceptar_Peticion_Incorrecta3" storage="d:\master\svnproyecto\11-03-14\trunk\nuevoinmueblategen\inmueblatetestcp\bin\debug\inmueblatetestcp.dll" id="f65e809a-8a70-bb0b-7adc-b5578c726787">
      <Description>Aceptar_Peticion_Incorrecta3</Description>
      <Execution id="d177ec5b-3c38-4662-8267-c35ae9e47167" />
      <Properties>
        <Property>
          <Key>FeatureTitle</Key>
          <Value>UsuarioCP_AceptarPeticionAmistad</Value>
        </Property>
      </Properties>
      <TestMethod codeBase="D:/Master/SVNProyecto/11-03-14/trunk/NuevoInmueblateGen/InmueblateTestCP/bin/Debug/InmueblateTestCP.DLL" adapterTypeName="Microsoft.VisualStudio.TestTools.TestTypes.Unit.UnitTestAdapter, Microsoft.VisualStudio.QualityTools.Tips.UnitTest.Adapter, Version=10.0.0.0, Culture=neutral, PublicKeyToken=b03f5f7f11d50a3a" className="InmueblateTestCP.InmueblatePruebas.UsuarioCP_AceptarPeticionAmistadFeature, InmueblateTestCP, Version=1.0.0.0, Culture=neutral, PublicKeyToken=null" name="Aceptar_Peticion_Incorrecta3" />
    </UnitTest>
    <UnitTest name="ObtenerAnunciosRandom_Obtener3AnunciosDistintos" storage="d:\master\svnproyecto\11-03-14\trunk\nuevoinmueblategen\nuevoinmueblatetestcustom\bin\debug\nuevoinmueblatetestcustom.dll" id="1d573309-85dd-68be-b0c6-d2c46acf4ceb">
      <Description>ObtenerAnunciosRandom_Obtener 3 anuncios distintos</Description>
      <Execution id="07a7d6f5-14b8-4b86-ad24-0a61c77ba252" />
      <Properties>
        <Property>
          <Key>FeatureTitle</Key>
          <Value>AnuncioCEN_ObtenerAnunciosRandom</Value>
        </Property>
      </Properties>
      <TestMethod codeBase="D:/Master/SVNProyecto/11-03-14/trunk/NuevoInmueblateGen/NuevoInmueblateTestCustom/bin/Debug/NuevoInmueblateTestCustom.DLL" adapterTypeName="Microsoft.VisualStudio.TestTools.TestTypes.Unit.UnitTestAdapter, Microsoft.VisualStudio.QualityTools.Tips.UnitTest.Adapter, Version=10.0.0.0, Culture=neutral, PublicKeyToken=b03f5f7f11d50a3a" className="NuevoInmueblateTestCustom.NuevoInmueblatePruebas.AnuncioCEN_ObtenerAnunciosRandomFeature, NuevoInmueblateTestCustom, Version=1.0.0.0, Culture=neutral, PublicKeyToken=null" name="ObtenerAnunciosRandom_Obtener3AnunciosDistintos" />
    </UnitTest>
    <UnitTest name="Rechazar_Peticion_Incorrecta1" storage="d:\master\svnproyecto\11-03-14\trunk\nuevoinmueblategen\inmueblatetestcp\bin\debug\inmueblatetestcp.dll" id="0cb3bce0-6e44-075f-32b3-bfc1013e2a4b">
      <Description>Rechazar_Peticion_Incorrecta1</Description>
      <Execution id="d82e0317-6592-486e-9c3c-08ce96861041" />
      <Properties>
        <Property>
          <Key>FeatureTitle</Key>
          <Value>UsuarioCP_RechazarPeticionAmistad</Value>
        </Property>
      </Properties>
      <TestMethod codeBase="D:/Master/SVNProyecto/11-03-14/trunk/NuevoInmueblateGen/InmueblateTestCP/bin/Debug/InmueblateTestCP.DLL" adapterTypeName="Microsoft.VisualStudio.TestTools.TestTypes.Unit.UnitTestAdapter, Microsoft.VisualStudio.QualityTools.Tips.UnitTest.Adapter, Version=10.0.0.0, Culture=neutral, PublicKeyToken=b03f5f7f11d50a3a" className="InmueblateTestCP.InmueblatePruebas.UsuarioCP_RechazarPeticionAmistadFeature, InmueblateTestCP, Version=1.0.0.0, Culture=neutral, PublicKeyToken=null" name="Rechazar_Peticion_Incorrecta1" />
    </UnitTest>
    <UnitTest name="EnviarPeticion_AUsuarioQueNoExiste" storage="d:\master\svnproyecto\11-03-14\trunk\nuevoinmueblategen\inmueblatetestcp\bin\debug\inmueblatetestcp.dll" id="38477b57-b245-c466-d984-52365250b758">
      <Description>EnviarPeticion_A Usuario que no existe</Description>
      <Execution id="748aaf17-84cc-402a-b71b-83771738ce22" />
      <Properties>
        <Property>
          <Key>FeatureTitle</Key>
          <Value>UsuarioCP_EnviarPeticion</Value>
        </Property>
      </Properties>
      <TestMethod codeBase="D:/Master/SVNProyecto/11-03-14/trunk/NuevoInmueblateGen/InmueblateTestCP/bin/Debug/InmueblateTestCP.DLL" adapterTypeName="Microsoft.VisualStudio.TestTools.TestTypes.Unit.UnitTestAdapter, Microsoft.VisualStudio.QualityTools.Tips.UnitTest.Adapter, Version=10.0.0.0, Culture=neutral, PublicKeyToken=b03f5f7f11d50a3a" className="InmueblateTestCP.InmueblatePruebas.UsuarioCP_EnviarPeticionFeature, InmueblateTestCP, Version=1.0.0.0, Culture=neutral, PublicKeyToken=null" name="EnviarPeticion_AUsuarioQueNoExiste" />
    </UnitTest>
    <UnitTest name="Aceptar_Peticion_Incorrecta3" storage="d:\master\svnproyecto\11-03-14\trunk\nuevoinmueblategen\inmueblatetestcp\bin\debug\inmueblatetestcp.dll" id="dc60f9ef-ccae-5e87-5821-861d849908d4">
      <Description>Aceptar_Peticion_Incorrecta3</Description>
      <Execution id="a26ea4e1-2f73-4ef5-842e-1b5d59268828" />
      <Properties>
        <Property>
          <Key>FeatureTitle</Key>
          <Value>UsuarioCP_RechazarPeticionAmistad</Value>
        </Property>
      </Properties>
      <TestMethod codeBase="D:/Master/SVNProyecto/11-03-14/trunk/NuevoInmueblateGen/InmueblateTestCP/bin/Debug/InmueblateTestCP.DLL" adapterTypeName="Microsoft.VisualStudio.TestTools.TestTypes.Unit.UnitTestAdapter, Microsoft.VisualStudio.QualityTools.Tips.UnitTest.Adapter, Version=10.0.0.0, Culture=neutral, PublicKeyToken=b03f5f7f11d50a3a" className="InmueblateTestCP.InmueblatePruebas.UsuarioCP_RechazarPeticionAmistadFeature, InmueblateTestCP, Version=1.0.0.0, Culture=neutral, PublicKeyToken=null" name="Aceptar_Peticion_Incorrecta3" />
    </UnitTest>
    <UnitTest name="Login_LogeoComoUsuario" storage="d:\master\svnproyecto\11-03-14\trunk\nuevoinmueblategen\nuevoinmueblatetestcustom\bin\debug\nuevoinmueblatetestcustom.dll" id="ea4b81a9-1664-4046-9b10-00e87cb982e5">
      <Description>Login_Logeo como usuario</Description>
      <Execution id="b74ff190-9dd2-4802-b315-5af044628809" />
      <Properties>
        <Property>
          <Key>FeatureTitle</Key>
          <Value>SuperUsuarioCEN_Login</Value>
        </Property>
      </Properties>
      <TestMethod codeBase="D:/Master/SVNProyecto/11-03-14/trunk/NuevoInmueblateGen/NuevoInmueblateTestCustom/bin/Debug/NuevoInmueblateTestCustom.DLL" adapterTypeName="Microsoft.VisualStudio.TestTools.TestTypes.Unit.UnitTestAdapter, Microsoft.VisualStudio.QualityTools.Tips.UnitTest.Adapter, Version=10.0.0.0, Culture=neutral, PublicKeyToken=b03f5f7f11d50a3a" className="NuevoInmueblateTestCustom.NuevoInmueblatePruebas.SuperUsuarioCEN_LoginFeature, NuevoInmueblateTestCustom, Version=1.0.0.0, Culture=neutral, PublicKeyToken=null" name="Login_LogeoComoUsuario" />
    </UnitTest>
    <UnitTest name="Aceptar_Peticion_Correcta" storage="d:\master\svnproyecto\11-03-14\trunk\nuevoinmueblategen\inmueblatetestcp\bin\debug\inmueblatetestcp.dll" id="6951d93d-f414-3fc5-e412-43b9c41666e9">
      <Description>Aceptar_Peticion_Correcta</Description>
      <TestCategory>
        <TestCategoryItem TestCategory="mytag" />
      </TestCategory>
      <Execution id="3700d8c6-eed9-4bc3-99ab-b3800ce1c9c5" />
      <Properties>
        <Property>
          <Key>FeatureTitle</Key>
          <Value>UsuarioCP_AceptarPeticionAmistad</Value>
        </Property>
      </Properties>
      <TestMethod codeBase="D:/Master/SVNProyecto/11-03-14/trunk/NuevoInmueblateGen/InmueblateTestCP/bin/Debug/InmueblateTestCP.DLL" adapterTypeName="Microsoft.VisualStudio.TestTools.TestTypes.Unit.UnitTestAdapter, Microsoft.VisualStudio.QualityTools.Tips.UnitTest.Adapter, Version=10.0.0.0, Culture=neutral, PublicKeyToken=b03f5f7f11d50a3a" className="InmueblateTestCP.InmueblatePruebas.UsuarioCP_AceptarPeticionAmistadFeature, InmueblateTestCP, Version=1.0.0.0, Culture=neutral, PublicKeyToken=null" name="Aceptar_Peticion_Correcta" />
    </UnitTest>
    <UnitTest name="EnviarPeticion_UsuarioAToB" storage="d:\master\svnproyecto\11-03-14\trunk\nuevoinmueblategen\inmueblatetestcp\bin\debug\inmueblatetestcp.dll" id="4a5efe0e-29fc-6f13-b293-784cefe007b5">
      <Description>EnviarPeticion_Usuario a to b</Description>
      <TestCategory>
        <TestCategoryItem TestCategory="mytag" />
      </TestCategory>
      <Execution id="cc014ebe-a3a0-41f9-a020-175922ff179e" />
      <Properties>
        <Property>
          <Key>FeatureTitle</Key>
          <Value>UsuarioCP_EnviarPeticion</Value>
        </Property>
      </Properties>
      <TestMethod codeBase="D:/Master/SVNProyecto/11-03-14/trunk/NuevoInmueblateGen/InmueblateTestCP/bin/Debug/InmueblateTestCP.DLL" adapterTypeName="Microsoft.VisualStudio.TestTools.TestTypes.Unit.UnitTestAdapter, Microsoft.VisualStudio.QualityTools.Tips.UnitTest.Adapter, Version=10.0.0.0, Culture=neutral, PublicKeyToken=b03f5f7f11d50a3a" className="InmueblateTestCP.InmueblatePruebas.UsuarioCP_EnviarPeticionFeature, InmueblateTestCP, Version=1.0.0.0, Culture=neutral, PublicKeyToken=null" name="EnviarPeticion_UsuarioAToB" />
    </UnitTest>
    <UnitTest name="Rechazar_Peticion_Correcta" storage="d:\master\svnproyecto\11-03-14\trunk\nuevoinmueblategen\inmueblatetestcp\bin\debug\inmueblatetestcp.dll" id="9399c62f-dfb7-3267-a92b-b94eef466f10">
      <Description>Rechazar_Peticion_Correcta</Description>
      <TestCategory>
        <TestCategoryItem TestCategory="mytag" />
      </TestCategory>
      <Execution id="2a7cd23e-df95-4163-976f-2f0c22d28225" />
      <Properties>
        <Property>
          <Key>FeatureTitle</Key>
          <Value>UsuarioCP_RechazarPeticionAmistad</Value>
        </Property>
      </Properties>
      <TestMethod codeBase="D:/Master/SVNProyecto/11-03-14/trunk/NuevoInmueblateGen/InmueblateTestCP/bin/Debug/InmueblateTestCP.DLL" adapterTypeName="Microsoft.VisualStudio.TestTools.TestTypes.Unit.UnitTestAdapter, Microsoft.VisualStudio.QualityTools.Tips.UnitTest.Adapter, Version=10.0.0.0, Culture=neutral, PublicKeyToken=b03f5f7f11d50a3a" className="InmueblateTestCP.InmueblatePruebas.UsuarioCP_RechazarPeticionAmistadFeature, InmueblateTestCP, Version=1.0.0.0, Culture=neutral, PublicKeyToken=null" name="Rechazar_Peticion_Correcta" />
    </UnitTest>
    <UnitTest name="Rechazar_Peticion_Incorrecta2" storage="d:\master\svnproyecto\11-03-14\trunk\nuevoinmueblategen\inmueblatetestcp\bin\debug\inmueblatetestcp.dll" id="5b50e441-63ef-87aa-63e8-30641e020210">
      <Description>Rechazar_Peticion_Incorrecta2</Description>
      <Execution id="bc0f57b2-5f91-44e1-8d8b-c5a2c9a7a451" />
      <Properties>
        <Property>
          <Key>FeatureTitle</Key>
          <Value>UsuarioCP_RechazarPeticionAmistad</Value>
        </Property>
      </Properties>
      <TestMethod codeBase="D:/Master/SVNProyecto/11-03-14/trunk/NuevoInmueblateGen/InmueblateTestCP/bin/Debug/InmueblateTestCP.DLL" adapterTypeName="Microsoft.VisualStudio.TestTools.TestTypes.Unit.UnitTestAdapter, Microsoft.VisualStudio.QualityTools.Tips.UnitTest.Adapter, Version=10.0.0.0, Culture=neutral, PublicKeyToken=b03f5f7f11d50a3a" className="InmueblateTestCP.InmueblatePruebas.UsuarioCP_RechazarPeticionAmistadFeature, InmueblateTestCP, Version=1.0.0.0, Culture=neutral, PublicKeyToken=null" name="Rechazar_Peticion_Incorrecta2" />
    </UnitTest>
    <UnitTest name="ObtenerAnunciosRandom_Obtener15Anuncios" storage="d:\master\svnproyecto\11-03-14\trunk\nuevoinmueblategen\nuevoinmueblatetestcustom\bin\debug\nuevoinmueblatetestcustom.dll" id="45dbb885-c276-72e4-847f-ec8c00850b98">
      <Description>ObtenerAnunciosRandom_Obtener 15 anuncios</Description>
      <Execution id="3cefda1a-7adc-46f8-93e5-a077de0f36c8" />
      <Properties>
        <Property>
          <Key>FeatureTitle</Key>
          <Value>AnuncioCEN_ObtenerAnunciosRandom</Value>
        </Property>
      </Properties>
      <TestMethod codeBase="D:/Master/SVNProyecto/11-03-14/trunk/NuevoInmueblateGen/NuevoInmueblateTestCustom/bin/Debug/NuevoInmueblateTestCustom.DLL" adapterTypeName="Microsoft.VisualStudio.TestTools.TestTypes.Unit.UnitTestAdapter, Microsoft.VisualStudio.QualityTools.Tips.UnitTest.Adapter, Version=10.0.0.0, Culture=neutral, PublicKeyToken=b03f5f7f11d50a3a" className="NuevoInmueblateTestCustom.NuevoInmueblatePruebas.AnuncioCEN_ObtenerAnunciosRandomFeature, NuevoInmueblateTestCustom, Version=1.0.0.0, Culture=neutral, PublicKeyToken=null" name="ObtenerAnunciosRandom_Obtener15Anuncios" />
    </UnitTest>
    <UnitTest name="Aceptar_Peticion_Incorrecta1" storage="d:\master\svnproyecto\11-03-14\trunk\nuevoinmueblategen\inmueblatetestcp\bin\debug\inmueblatetestcp.dll" id="1dfa8ac7-09b9-66f3-6ee9-c7f24a18280a">
      <Description>Aceptar_Peticion_Incorrecta1</Description>
      <Execution id="1f3c3abc-b567-4d4b-bc43-bb5002dbba52" />
      <Properties>
        <Property>
          <Key>FeatureTitle</Key>
          <Value>UsuarioCP_AceptarPeticionAmistad</Value>
        </Property>
      </Properties>
      <TestMethod codeBase="D:/Master/SVNProyecto/11-03-14/trunk/NuevoInmueblateGen/InmueblateTestCP/bin/Debug/InmueblateTestCP.DLL" adapterTypeName="Microsoft.VisualStudio.TestTools.TestTypes.Unit.UnitTestAdapter, Microsoft.VisualStudio.QualityTools.Tips.UnitTest.Adapter, Version=10.0.0.0, Culture=neutral, PublicKeyToken=b03f5f7f11d50a3a" className="InmueblateTestCP.InmueblatePruebas.UsuarioCP_AceptarPeticionAmistadFeature, InmueblateTestCP, Version=1.0.0.0, Culture=neutral, PublicKeyToken=null" name="Aceptar_Peticion_Incorrecta1" />
    </UnitTest>
    <UnitTest name="Aceptar_Peticion_Incorrecta2" storage="d:\master\svnproyecto\11-03-14\trunk\nuevoinmueblategen\inmueblatetestcp\bin\debug\inmueblatetestcp.dll" id="dcea4d4c-3b4c-f245-c9ec-997ef13bfb01">
      <Description>Aceptar_Peticion_Incorrecta2</Description>
      <Execution id="be37dc47-5744-4e97-806c-d8866479bf55" />
      <Properties>
        <Property>
          <Key>FeatureTitle</Key>
          <Value>UsuarioCP_AceptarPeticionAmistad</Value>
        </Property>
      </Properties>
      <TestMethod codeBase="D:/Master/SVNProyecto/11-03-14/trunk/NuevoInmueblateGen/InmueblateTestCP/bin/Debug/InmueblateTestCP.DLL" adapterTypeName="Microsoft.VisualStudio.TestTools.TestTypes.Unit.UnitTestAdapter, Microsoft.VisualStudio.QualityTools.Tips.UnitTest.Adapter, Version=10.0.0.0, Culture=neutral, PublicKeyToken=b03f5f7f11d50a3a" className="InmueblateTestCP.InmueblatePruebas.UsuarioCP_AceptarPeticionAmistadFeature, InmueblateTestCP, Version=1.0.0.0, Culture=neutral, PublicKeyToken=null" name="Aceptar_Peticion_Incorrecta2" />
    </UnitTest>
    <UnitTest name="ResgistrarUsuario_Nuevo" storage="d:\master\svnproyecto\11-03-14\trunk\nuevoinmueblategen\inmueblatetestcp\bin\debug\inmueblatetestcp.dll" id="518eb9ff-7c9c-b40b-befc-dc0166e524ff">
      <Description>ResgistrarUsuario_Nuevo</Description>
      <TestCategory>
        <TestCategoryItem TestCategory="mytag" />
      </TestCategory>
      <Execution id="3f99d6b3-f308-456b-a7eb-c7fb73fa5170" />
      <Properties>
        <Property>
          <Key>FeatureTitle</Key>
          <Value>UsuarioCP_ResgistrarUsuario</Value>
        </Property>
      </Properties>
      <TestMethod codeBase="D:/Master/SVNProyecto/11-03-14/trunk/NuevoInmueblateGen/InmueblateTestCP/bin/Debug/InmueblateTestCP.DLL" adapterTypeName="Microsoft.VisualStudio.TestTools.TestTypes.Unit.UnitTestAdapter, Microsoft.VisualStudio.QualityTools.Tips.UnitTest.Adapter, Version=10.0.0.0, Culture=neutral, PublicKeyToken=b03f5f7f11d50a3a" className="InmueblateTestCP.InmueblatePruebas.UsuarioCP_ResgistrarUsuarioFeature, InmueblateTestCP, Version=1.0.0.0, Culture=neutral, PublicKeyToken=null" name="ResgistrarUsuario_Nuevo" />
    </UnitTest>
    <UnitTest name="ObtenerAnunciosRandom_Obtener_5Anuncios" storage="d:\master\svnproyecto\11-03-14\trunk\nuevoinmueblategen\nuevoinmueblatetestcustom\bin\debug\nuevoinmueblatetestcustom.dll" id="345f4970-bc1c-2ce6-5fc0-e43fe4b1ae6b">
      <Description>ObtenerAnunciosRandom_Obtener -5 anuncios</Description>
      <Execution id="131613f7-b0ad-4509-8cd0-1d156c8ebd53" />
      <Properties>
        <Property>
          <Key>FeatureTitle</Key>
          <Value>AnuncioCEN_ObtenerAnunciosRandom</Value>
        </Property>
      </Properties>
      <TestMethod codeBase="D:/Master/SVNProyecto/11-03-14/trunk/NuevoInmueblateGen/NuevoInmueblateTestCustom/bin/Debug/NuevoInmueblateTestCustom.DLL" adapterTypeName="Microsoft.VisualStudio.TestTools.TestTypes.Unit.UnitTestAdapter, Microsoft.VisualStudio.QualityTools.Tips.UnitTest.Adapter, Version=10.0.0.0, Culture=neutral, PublicKeyToken=b03f5f7f11d50a3a" className="NuevoInmueblateTestCustom.NuevoInmueblatePruebas.AnuncioCEN_ObtenerAnunciosRandomFeature, NuevoInmueblateTestCustom, Version=1.0.0.0, Culture=neutral, PublicKeyToken=null" name="ObtenerAnunciosRandom_Obtener_5Anuncios" />
    </UnitTest>
    <UnitTest name="EnviarPeticion_YaExistePeticion" storage="d:\master\svnproyecto\11-03-14\trunk\nuevoinmueblategen\inmueblatetestcp\bin\debug\inmueblatetestcp.dll" id="016c5d57-ee6a-e77b-591b-df22e86568fe">
      <Description>EnviarPeticion_Ya existe peticion</Description>
      <Execution id="188e9acd-f05a-4011-8ca2-2a3f85269290" />
      <Properties>
        <Property>
          <Key>FeatureTitle</Key>
          <Value>UsuarioCP_EnviarPeticion</Value>
        </Property>
      </Properties>
      <TestMethod codeBase="D:/Master/SVNProyecto/11-03-14/trunk/NuevoInmueblateGen/InmueblateTestCP/bin/Debug/InmueblateTestCP.DLL" adapterTypeName="Microsoft.VisualStudio.TestTools.TestTypes.Unit.UnitTestAdapter, Microsoft.VisualStudio.QualityTools.Tips.UnitTest.Adapter, Version=10.0.0.0, Culture=neutral, PublicKeyToken=b03f5f7f11d50a3a" className="InmueblateTestCP.InmueblatePruebas.UsuarioCP_EnviarPeticionFeature, InmueblateTestCP, Version=1.0.0.0, Culture=neutral, PublicKeyToken=null" name="EnviarPeticion_YaExistePeticion" />
    </UnitTest>
    <UnitTest name="Login_LogeoComoModerador" storage="d:\master\svnproyecto\11-03-14\trunk\nuevoinmueblategen\nuevoinmueblatetestcustom\bin\debug\nuevoinmueblatetestcustom.dll" id="01cfc0a0-5fb4-aedb-fe2e-1ed5623507f2">
      <Description>Login_Logeo como moderador</Description>
      <Execution id="4beb6a96-df8c-4106-94fc-948b4ab04260" />
      <Properties>
        <Property>
          <Key>FeatureTitle</Key>
          <Value>SuperUsuarioCEN_Login</Value>
        </Property>
      </Properties>
      <TestMethod codeBase="D:/Master/SVNProyecto/11-03-14/trunk/NuevoInmueblateGen/NuevoInmueblateTestCustom/bin/Debug/NuevoInmueblateTestCustom.DLL" adapterTypeName="Microsoft.VisualStudio.TestTools.TestTypes.Unit.UnitTestAdapter, Microsoft.VisualStudio.QualityTools.Tips.UnitTest.Adapter, Version=10.0.0.0, Culture=neutral, PublicKeyToken=b03f5f7f11d50a3a" className="NuevoInmueblateTestCustom.NuevoInmueblatePruebas.SuperUsuarioCEN_LoginFeature, NuevoInmueblateTestCustom, Version=1.0.0.0, Culture=neutral, PublicKeyToken=null" name="Login_LogeoComoModerador" />
    </UnitTest>
  </TestDefinitions>
  <TestLists>
    <TestList name="Resultados que no están en la lista" id="8c84fa94-04c1-424b-9868-57a2d4851a1d" />
    <TestList name="Todos los resultados cargados" id="19431567-8539-422a-85d7-44ee4e166bda" />
  </TestLists>
  <TestEntries>
    <TestEntry testId="00952f56-31d6-d22b-e313-b7986565c621" executionId="e0105325-24cf-47fd-8251-b15fe3d99c98" testListId="8c84fa94-04c1-424b-9868-57a2d4851a1d" />
    <TestEntry testId="016c5d57-ee6a-e77b-591b-df22e86568fe" executionId="188e9acd-f05a-4011-8ca2-2a3f85269290" testListId="8c84fa94-04c1-424b-9868-57a2d4851a1d" />
    <TestEntry testId="01cfc0a0-5fb4-aedb-fe2e-1ed5623507f2" executionId="4beb6a96-df8c-4106-94fc-948b4ab04260" testListId="8c84fa94-04c1-424b-9868-57a2d4851a1d" />
    <TestEntry testId="045d05a4-cbf6-728f-368d-3c4852e02d35" executionId="1720be21-c8ec-4c2d-a2ed-01ec63aec57d" testListId="8c84fa94-04c1-424b-9868-57a2d4851a1d" />
    <TestEntry testId="0cb3bce0-6e44-075f-32b3-bfc1013e2a4b" executionId="d82e0317-6592-486e-9c3c-08ce96861041" testListId="8c84fa94-04c1-424b-9868-57a2d4851a1d" />
    <TestEntry testId="1d573309-85dd-68be-b0c6-d2c46acf4ceb" executionId="07a7d6f5-14b8-4b86-ad24-0a61c77ba252" testListId="8c84fa94-04c1-424b-9868-57a2d4851a1d" />
    <TestEntry testId="1dfa8ac7-09b9-66f3-6ee9-c7f24a18280a" executionId="1f3c3abc-b567-4d4b-bc43-bb5002dbba52" testListId="8c84fa94-04c1-424b-9868-57a2d4851a1d" />
    <TestEntry testId="345f4970-bc1c-2ce6-5fc0-e43fe4b1ae6b" executionId="131613f7-b0ad-4509-8cd0-1d156c8ebd53" testListId="8c84fa94-04c1-424b-9868-57a2d4851a1d" />
    <TestEntry testId="38477b57-b245-c466-d984-52365250b758" executionId="748aaf17-84cc-402a-b71b-83771738ce22" testListId="8c84fa94-04c1-424b-9868-57a2d4851a1d" />
    <TestEntry testId="45dbb885-c276-72e4-847f-ec8c00850b98" executionId="3cefda1a-7adc-46f8-93e5-a077de0f36c8" testListId="8c84fa94-04c1-424b-9868-57a2d4851a1d" />
    <TestEntry testId="4a5efe0e-29fc-6f13-b293-784cefe007b5" executionId="cc014ebe-a3a0-41f9-a020-175922ff179e" testListId="8c84fa94-04c1-424b-9868-57a2d4851a1d" />
    <TestEntry testId="5165bcb4-336c-8ad0-f412-09726cec7a6c" executionId="f7ece7f2-8090-4d1a-95c3-a4b674b92dbb" testListId="8c84fa94-04c1-424b-9868-57a2d4851a1d" />
    <TestEntry testId="518eb9ff-7c9c-b40b-befc-dc0166e524ff" executionId="3f99d6b3-f308-456b-a7eb-c7fb73fa5170" testListId="8c84fa94-04c1-424b-9868-57a2d4851a1d" />
    <TestEntry testId="5b50e441-63ef-87aa-63e8-30641e020210" executionId="bc0f57b2-5f91-44e1-8d8b-c5a2c9a7a451" testListId="8c84fa94-04c1-424b-9868-57a2d4851a1d" />
    <TestEntry testId="6951d93d-f414-3fc5-e412-43b9c41666e9" executionId="3700d8c6-eed9-4bc3-99ab-b3800ce1c9c5" testListId="8c84fa94-04c1-424b-9868-57a2d4851a1d" />
    <TestEntry testId="9399c62f-dfb7-3267-a92b-b94eef466f10" executionId="2a7cd23e-df95-4163-976f-2f0c22d28225" testListId="8c84fa94-04c1-424b-9868-57a2d4851a1d" />
    <TestEntry testId="b0f950f9-726e-26dd-e9a2-0383d6c3889f" executionId="88fa69aa-dee6-4852-ad23-c96ef8cea6f5" testListId="8c84fa94-04c1-424b-9868-57a2d4851a1d" />
    <TestEntry testId="db9255f2-fa2c-71cd-8d2e-3a49670c6bd6" executionId="4891abfc-f53a-414b-96ee-03adafe52473" testListId="8c84fa94-04c1-424b-9868-57a2d4851a1d" />
    <TestEntry testId="dc60f9ef-ccae-5e87-5821-861d849908d4" executionId="a26ea4e1-2f73-4ef5-842e-1b5d59268828" testListId="8c84fa94-04c1-424b-9868-57a2d4851a1d" />
    <TestEntry testId="dcea4d4c-3b4c-f245-c9ec-997ef13bfb01" executionId="be37dc47-5744-4e97-806c-d8866479bf55" testListId="8c84fa94-04c1-424b-9868-57a2d4851a1d" />
    <TestEntry testId="ea4b81a9-1664-4046-9b10-00e87cb982e5" executionId="b74ff190-9dd2-4802-b315-5af044628809" testListId="8c84fa94-04c1-424b-9868-57a2d4851a1d" />
    <TestEntry testId="f65e809a-8a70-bb0b-7adc-b5578c726787" executionId="d177ec5b-3c38-4662-8267-c35ae9e47167" testListId="8c84fa94-04c1-424b-9868-57a2d4851a1d" />
  </TestEntries>
  <Results>
    <UnitTestResult executionId="e0105325-24cf-47fd-8251-b15fe3d99c98" testId="00952f56-31d6-d22b-e313-b7986565c621" testName="Login_LogeoComoInmobiliaria" computerName="ISIDURLLL-LAP" duration="00:00:00.4441720" startTime="2014-03-11T18:58:09.2609264+01:00" endTime="2014-03-11T18:58:10.4279931+01:00" testType="13cdc9d9-ddb5-4fa4-a97d-d965ccfc6d4b" outcome="Failed" testListId="8c84fa94-04c1-424b-9868-57a2d4851a1d" relativeResultsDirectory="e0105325-24cf-47fd-8251-b15fe3d99c98">
      <Output>
        <StdOut>Given Una inmobiliara con email "jpcs@inm.es" y contraseña "jpcs"
-&gt; done: SuperUsuarioCEN_LoginSteps.GivenUnaInmobiliaraConEmailYContrasena("jpcs@inm.es", "jpcs") (0,0s)
When quiero logearme en la red social como "Inmobiliaria"
-&gt; error: Error in SuperUsuarioCAD.
Then debo logearme como usuario y devolver 4
-&gt; skipped because of previous errors</StdOut>
        <ErrorInfo>
          <Message>El método de prueba NuevoInmueblateTestCustom.NuevoInmueblatePruebas.SuperUsuarioCEN_LoginFeature.Login_LogeoComoInmobiliaria produjo la excepción: 
NuevoInmueblateGenNHibernate.Exceptions.DataLayerException: Error in SuperUsuarioCAD. ---&gt; NHibernate.Cfg.HibernateConfigException: An exception occurred during configuration of persistence layer. ---&gt; System.IO.FileNotFoundException: No se pudo encontrar el archivo 'D:\Master\SVNProyecto\11-03-14\trunk\NuevoInmueblateGen\TestResults\Isidurlll_ISIDURLLL-LAP 2014-03-11 18_58_06\Out\hibernate.cfg.xml'.</Message>
          <StackTrace>    en System.IO.__Error.WinIOError(Int32 errorCode, String maybeFullPath)
   en System.IO.FileStream.Init(String path, FileMode mode, FileAccess access, Int32 rights, Boolean useRights, FileShare share, Int32 bufferSize, FileOptions options, SECURITY_ATTRIBUTES secAttrs, String msgPath, Boolean bFromProxy, Boolean useLongPath, Boolean checkHost)
   en System.IO.FileStream..ctor(String path, FileMode mode, FileAccess access, FileShare share, Int32 bufferSize)
   en System.Xml.XmlDownloadManager.GetStream(Uri uri, ICredentials credentials, IWebProxy proxy, RequestCachePolicy cachePolicy)
   en System.Xml.XmlUrlResolver.GetEntity(Uri absoluteUri, String role, Type ofObjectToReturn)
   en System.Xml.XmlTextReaderImpl.OpenUrlDelegate(Object xmlResolver)
   en System.Threading.CompressedStack.runTryCode(Object userData)
   en System.Runtime.CompilerServices.RuntimeHelpers.ExecuteCodeWithGuaranteedCleanup(TryCode code, CleanupCode backoutCode, Object userData)
   en System.Threading.CompressedStack.Run(CompressedStack compressedStack, ContextCallback callback, Object state)
   en System.Xml.XmlTextReaderImpl.OpenUrl()
   en System.Xml.XmlTextReaderImpl.Read()
   en System.Xml.XmlTextReader.Read()
   en System.Xml.XmlCharCheckingReader.Read()
   en System.Xml.XsdValidatingReader.Read()
   en System.Xml.XPath.XPathDocument.LoadFromReader(XmlReader reader, XmlSpace space)
   en System.Xml.XPath.XPathDocument..ctor(XmlReader reader, XmlSpace space)
   en NHibernate.Cfg.ConfigurationSchema.HibernateConfiguration..ctor(XmlReader hbConfigurationReader, Boolean fromAppSetting)
 --- Fin del seguimiento de la pila de la excepción interna ---
    en NHibernate.Cfg.ConfigurationSchema.HibernateConfiguration..ctor(XmlReader hbConfigurationReader, Boolean fromAppSetting)
   en NHibernate.Cfg.Configuration.Configure(XmlReader textReader)
   en NHibernate.Cfg.Configuration.Configure(String fileName, Boolean ignoreSessionFactoryConfig)
   en NHibernate.Cfg.Configuration.Configure()
   en NuevoInmueblateGenNHibernate.CAD.RedSocial.NHibernateHelper.get_SessionFactory() en D:\Master\SVNProyecto\11-03-14\trunk\NuevoInmueblateGen\NuevoInmueblateGenNHibernate\NHibernateHelper.cs:línea 24
   en NuevoInmueblateGenNHibernate.CAD.RedSocial.NHibernateHelper.OpenSession() en D:\Master\SVNProyecto\11-03-14\trunk\NuevoInmueblateGen\NuevoInmueblateGenNHibernate\NHibernateHelper.cs:línea 35
   en NuevoInmueblateGenNHibernate.CAD.RedSocial.BasicCAD.SessionInitializeTransaction() en D:\Master\SVNProyecto\11-03-14\trunk\NuevoInmueblateGen\NuevoInmueblateGenNHibernate\CAD\BasicCAD.cs:línea 32
   en NuevoInmueblateGenNHibernate.CAD.RedSocial.SuperUsuarioCAD.ObtenerUsuarioPorEmail(String pe_email) en D:\Master\SVNProyecto\11-03-14\trunk\NuevoInmueblateGen\NuevoInmueblateGenNHibernate\CAD\RedSocial\SuperUsuarioCAD.cs:línea 242
 --- Fin del seguimiento de la pila de la excepción interna ---
    en NuevoInmueblateGenNHibernate.CAD.RedSocial.SuperUsuarioCAD.ObtenerUsuarioPorEmail(String pe_email) en D:\Master\SVNProyecto\11-03-14\trunk\NuevoInmueblateGen\NuevoInmueblateGenNHibernate\CAD\RedSocial\SuperUsuarioCAD.cs:línea 257
   en NuevoInmueblateGenNHibernate.CEN.RedSocial.SuperUsuarioCEN.ObtenerUsuarioPorEmail(String pe_email) en D:\Master\SVNProyecto\11-03-14\trunk\NuevoInmueblateGen\NuevoInmueblateGenNHibernate\CEN\RedSocial\SuperUsuarioCEN.cs:línea 63
   en NuevoInmueblateGenNHibernate.CEN.RedSocial.SuperUsuarioCEN.Login(Int32 p_oid, String p_email, String p_pass) en D:\Master\SVNProyecto\11-03-14\trunk\NuevoInmueblateGen\NuevoInmueblateGenNHibernate\CEN\RedSocial\SuperUsuarioCEN_Login.cs:línea 30
   en NuevoInmueblateTestCustom.NuevoInmueblatePruebas.SuperUsuarioCEN_LoginSteps.WhenQuieroLogearmeEnLaRedSocialComo(String tipo) en D:\Master\SVNProyecto\11-03-14\trunk\NuevoInmueblateGen\NuevoInmueblateTestCustom\NuevoInmueblatePruebas\SuperUsuarioCEN_LoginSteps.cs:línea 47
   en lambda_method(Closure , IContextManager , String )
   en TechTalk.SpecFlow.Bindings.BindingInvoker.InvokeBinding(IBinding binding, IContextManager contextManager, Object[] arguments, ITestTracer testTracer, TimeSpan&amp; duration)
   en TechTalk.SpecFlow.Infrastructure.TestExecutionEngine.ExecuteStepMatch(BindingMatch match, Object[] arguments)
   en TechTalk.SpecFlow.Infrastructure.TestExecutionEngine.ExecuteStep(StepInstance stepInstance)
   en TechTalk.SpecFlow.Infrastructure.TestExecutionEngine.OnAfterLastStep()
   en TechTalk.SpecFlow.TestRunner.CollectScenarioErrors()
   en NuevoInmueblateTestCustom.NuevoInmueblatePruebas.SuperUsuarioCEN_LoginFeature.ScenarioCleanup() en D:\Master\SVNProyecto\11-03-14\trunk\NuevoInmueblateGen\NuevoInmueblateTestCustom\NuevoInmueblatePruebas\SuperUsuarioCEN_Login.feature.cs:línea 0
   en NuevoInmueblateTestCustom.NuevoInmueblatePruebas.SuperUsuarioCEN_LoginFeature.Login_LogeoComoInmobiliaria() en d:\Master\SVNProyecto\11-03-14\trunk\NuevoInmueblateGen\NuevoInmueblateTestCustom\NuevoInmueblatePruebas\SuperUsuarioCEN_Login.feature:línea 22
</StackTrace>
        </ErrorInfo>
      </Output>
    </UnitTestResult>
    <UnitTestResult executionId="188e9acd-f05a-4011-8ca2-2a3f85269290" testId="016c5d57-ee6a-e77b-591b-df22e86568fe" testName="EnviarPeticion_YaExistePeticion" computerName="ISIDURLLL-LAP" duration="00:00:00.2367324" startTime="2014-03-11T18:58:10.4329934+01:00" endTime="2014-03-11T18:58:11.1010316+01:00" testType="13cdc9d9-ddb5-4fa4-a97d-d965ccfc6d4b" outcome="Failed" testListId="8c84fa94-04c1-424b-9868-57a2d4851a1d" relativeResultsDirectory="188e9acd-f05a-4011-8ca2-2a3f85269290">
      <Output>
        <StdOut>Given Usuario a con direccion: "4@inm.es"
-&gt; error: Error in SuperUsuarioCAD.
And Usuario b con direccion: "5@inm.es"
-&gt; skipped because of previous errors
When el Usuario a le envía la petición al Usuario b
-&gt; skipped because of previous errors
Then el resultado deberia ser 3
-&gt; skipped because of previous errors</StdOut>
        <ErrorInfo>
          <Message>El método de prueba InmueblateTestCP.InmueblatePruebas.UsuarioCP_EnviarPeticionFeature.EnviarPeticion_YaExistePeticion produjo la excepción: 
NuevoInmueblateGenNHibernate.Exceptions.DataLayerException: Error in SuperUsuarioCAD. ---&gt; NHibernate.Cfg.HibernateConfigException: An exception occurred during configuration of persistence layer. ---&gt; System.IO.FileNotFoundException: No se pudo encontrar el archivo 'D:\Master\SVNProyecto\11-03-14\trunk\NuevoInmueblateGen\TestResults\Isidurlll_ISIDURLLL-LAP 2014-03-11 18_58_06\Out\hibernate.cfg.xml'.</Message>
          <StackTrace>    en System.IO.__Error.WinIOError(Int32 errorCode, String maybeFullPath)
   en System.IO.FileStream.Init(String path, FileMode mode, FileAccess access, Int32 rights, Boolean useRights, FileShare share, Int32 bufferSize, FileOptions options, SECURITY_ATTRIBUTES secAttrs, String msgPath, Boolean bFromProxy, Boolean useLongPath, Boolean checkHost)
   en System.IO.FileStream..ctor(String path, FileMode mode, FileAccess access, FileShare share, Int32 bufferSize)
   en System.Xml.XmlDownloadManager.GetStream(Uri uri, ICredentials credentials, IWebProxy proxy, RequestCachePolicy cachePolicy)
   en System.Xml.XmlUrlResolver.GetEntity(Uri absoluteUri, String role, Type ofObjectToReturn)
   en System.Xml.XmlTextReaderImpl.OpenUrlDelegate(Object xmlResolver)
   en System.Threading.CompressedStack.runTryCode(Object userData)
   en System.Runtime.CompilerServices.RuntimeHelpers.ExecuteCodeWithGuaranteedCleanup(TryCode code, CleanupCode backoutCode, Object userData)
   en System.Threading.CompressedStack.Run(CompressedStack compressedStack, ContextCallback callback, Object state)
   en System.Xml.XmlTextReaderImpl.OpenUrl()
   en System.Xml.XmlTextReaderImpl.Read()
   en System.Xml.XmlTextReader.Read()
   en System.Xml.XmlCharCheckingReader.Read()
   en System.Xml.XsdValidatingReader.Read()
   en System.Xml.XPath.XPathDocument.LoadFromReader(XmlReader reader, XmlSpace space)
   en System.Xml.XPath.XPathDocument..ctor(XmlReader reader, XmlSpace space)
   en NHibernate.Cfg.ConfigurationSchema.HibernateConfiguration..ctor(XmlReader hbConfigurationReader, Boolean fromAppSetting)
 --- Fin del seguimiento de la pila de la excepción interna ---
    en NHibernate.Cfg.ConfigurationSchema.HibernateConfiguration..ctor(XmlReader hbConfigurationReader, Boolean fromAppSetting)
   en NHibernate.Cfg.Configuration.Configure(XmlReader textReader)
   en NHibernate.Cfg.Configuration.Configure(String fileName, Boolean ignoreSessionFactoryConfig)
   en NHibernate.Cfg.Configuration.Configure()
   en NuevoInmueblateGenNHibernate.CAD.RedSocial.NHibernateHelper.get_SessionFactory() en D:\Master\SVNProyecto\11-03-14\trunk\NuevoInmueblateGen\NuevoInmueblateGenNHibernate\NHibernateHelper.cs:línea 24
   en NuevoInmueblateGenNHibernate.CAD.RedSocial.NHibernateHelper.OpenSession() en D:\Master\SVNProyecto\11-03-14\trunk\NuevoInmueblateGen\NuevoInmueblateGenNHibernate\NHibernateHelper.cs:línea 35
   en NuevoInmueblateGenNHibernate.CAD.RedSocial.BasicCAD.SessionInitializeTransaction() en D:\Master\SVNProyecto\11-03-14\trunk\NuevoInmueblateGen\NuevoInmueblateGenNHibernate\CAD\BasicCAD.cs:línea 32
   en NuevoInmueblateGenNHibernate.CAD.RedSocial.SuperUsuarioCAD.ObtenerUsuarioPorEmail(String pe_email) en D:\Master\SVNProyecto\11-03-14\trunk\NuevoInmueblateGen\NuevoInmueblateGenNHibernate\CAD\RedSocial\SuperUsuarioCAD.cs:línea 242
 --- Fin del seguimiento de la pila de la excepción interna ---
    en NuevoInmueblateGenNHibernate.CAD.RedSocial.SuperUsuarioCAD.ObtenerUsuarioPorEmail(String pe_email) en D:\Master\SVNProyecto\11-03-14\trunk\NuevoInmueblateGen\NuevoInmueblateGenNHibernate\CAD\RedSocial\SuperUsuarioCAD.cs:línea 257
   en NuevoInmueblateGenNHibernate.CEN.RedSocial.SuperUsuarioCEN.ObtenerUsuarioPorEmail(String pe_email) en D:\Master\SVNProyecto\11-03-14\trunk\NuevoInmueblateGen\NuevoInmueblateGenNHibernate\CEN\RedSocial\SuperUsuarioCEN.cs:línea 63
   en InmueblateTestCP.InmueblatePruebas.UsuarioCP_EnviarPeticionSteps.GivenUsuarioAConDireccion(String pe_mail) en D:\Master\SVNProyecto\11-03-14\trunk\NuevoInmueblateGen\InmueblateTestCP\InmueblatePruebas\UsuarioCP_EnviarPeticionSteps.cs:línea 24
   en lambda_method(Closure , IContextManager , String )
   en TechTalk.SpecFlow.Bindings.BindingInvoker.InvokeBinding(IBinding binding, IContextManager contextManager, Object[] arguments, ITestTracer testTracer, TimeSpan&amp; duration)
   en TechTalk.SpecFlow.Infrastructure.TestExecutionEngine.ExecuteStepMatch(BindingMatch match, Object[] arguments)
   en TechTalk.SpecFlow.Infrastructure.TestExecutionEngine.ExecuteStep(StepInstance stepInstance)
   en TechTalk.SpecFlow.Infrastructure.TestExecutionEngine.OnAfterLastStep()
   en TechTalk.SpecFlow.TestRunner.CollectScenarioErrors()
   en InmueblateTestCP.InmueblatePruebas.UsuarioCP_EnviarPeticionFeature.ScenarioCleanup() en D:\Master\SVNProyecto\11-03-14\trunk\NuevoInmueblateGen\InmueblateTestCP\InmueblatePruebas\UsuarioCP_EnviarPeticion.feature.cs:línea 0
   en InmueblateTestCP.InmueblatePruebas.UsuarioCP_EnviarPeticionFeature.EnviarPeticion_YaExistePeticion() en d:\Master\SVNProyecto\11-03-14\trunk\NuevoInmueblateGen\InmueblateTestCP\InmueblatePruebas\UsuarioCP_EnviarPeticion.feature:línea 26
</StackTrace>
        </ErrorInfo>
      </Output>
    </UnitTestResult>
    <UnitTestResult executionId="4beb6a96-df8c-4106-94fc-948b4ab04260" testId="01cfc0a0-5fb4-aedb-fe2e-1ed5623507f2" testName="Login_LogeoComoModerador" computerName="ISIDURLLL-LAP" duration="00:00:00.0058165" startTime="2014-03-11T18:58:11.1030318+01:00" endTime="2014-03-11T18:58:11.1210328+01:00" testType="13cdc9d9-ddb5-4fa4-a97d-d965ccfc6d4b" outcome="Failed" testListId="8c84fa94-04c1-424b-9868-57a2d4851a1d" relativeResultsDirectory="4beb6a96-df8c-4106-94fc-948b4ab04260">
      <Output>
        <StdOut>Given Un moderador con email "avam@inm.es" y contraseña "avam"
-&gt; done: SuperUsuarioCEN_LoginSteps.GivenUnModeradorConEmailYContrasena("avam@inm.es", "avam") (0,0s)
When quiero logearme en la red social como "Moderador"
-&gt; error: Error in SuperUsuarioCAD.
Then debo logearme como usuario y devolver 2
-&gt; skipped because of previous errors</StdOut>
        <ErrorInfo>
          <Message>El método de prueba NuevoInmueblateTestCustom.NuevoInmueblatePruebas.SuperUsuarioCEN_LoginFeature.Login_LogeoComoModerador produjo la excepción: 
NuevoInmueblateGenNHibernate.Exceptions.DataLayerException: Error in SuperUsuarioCAD. ---&gt; NHibernate.Cfg.HibernateConfigException: An exception occurred during configuration of persistence layer. ---&gt; System.IO.FileNotFoundException: No se pudo encontrar el archivo 'D:\Master\SVNProyecto\11-03-14\trunk\NuevoInmueblateGen\TestResults\Isidurlll_ISIDURLLL-LAP 2014-03-11 18_58_06\Out\hibernate.cfg.xml'.</Message>
          <StackTrace>    en System.IO.__Error.WinIOError(Int32 errorCode, String maybeFullPath)
   en System.IO.FileStream.Init(String path, FileMode mode, FileAccess access, Int32 rights, Boolean useRights, FileShare share, Int32 bufferSize, FileOptions options, SECURITY_ATTRIBUTES secAttrs, String msgPath, Boolean bFromProxy, Boolean useLongPath, Boolean checkHost)
   en System.IO.FileStream..ctor(String path, FileMode mode, FileAccess access, FileShare share, Int32 bufferSize)
   en System.Xml.XmlDownloadManager.GetStream(Uri uri, ICredentials credentials, IWebProxy proxy, RequestCachePolicy cachePolicy)
   en System.Xml.XmlUrlResolver.GetEntity(Uri absoluteUri, String role, Type ofObjectToReturn)
   en System.Xml.XmlTextReaderImpl.OpenUrlDelegate(Object xmlResolver)
   en System.Threading.CompressedStack.runTryCode(Object userData)
   en System.Runtime.CompilerServices.RuntimeHelpers.ExecuteCodeWithGuaranteedCleanup(TryCode code, CleanupCode backoutCode, Object userData)
   en System.Threading.CompressedStack.Run(CompressedStack compressedStack, ContextCallback callback, Object state)
   en System.Xml.XmlTextReaderImpl.OpenUrl()
   en System.Xml.XmlTextReaderImpl.Read()
   en System.Xml.XmlTextReader.Read()
   en System.Xml.XmlCharCheckingReader.Read()
   en System.Xml.XsdValidatingReader.Read()
   en System.Xml.XPath.XPathDocument.LoadFromReader(XmlReader reader, XmlSpace space)
   en System.Xml.XPath.XPathDocument..ctor(XmlReader reader, XmlSpace space)
   en NHibernate.Cfg.ConfigurationSchema.HibernateConfiguration..ctor(XmlReader hbConfigurationReader, Boolean fromAppSetting)
 --- Fin del seguimiento de la pila de la excepción interna ---
    en NHibernate.Cfg.ConfigurationSchema.HibernateConfiguration..ctor(XmlReader hbConfigurationReader, Boolean fromAppSetting)
   en NHibernate.Cfg.Configuration.Configure(XmlReader textReader)
   en NHibernate.Cfg.Configuration.Configure(String fileName, Boolean ignoreSessionFactoryConfig)
   en NHibernate.Cfg.Configuration.Configure()
   en NuevoInmueblateGenNHibernate.CAD.RedSocial.NHibernateHelper.get_SessionFactory() en D:\Master\SVNProyecto\11-03-14\trunk\NuevoInmueblateGen\NuevoInmueblateGenNHibernate\NHibernateHelper.cs:línea 24
   en NuevoInmueblateGenNHibernate.CAD.RedSocial.NHibernateHelper.OpenSession() en D:\Master\SVNProyecto\11-03-14\trunk\NuevoInmueblateGen\NuevoInmueblateGenNHibernate\NHibernateHelper.cs:línea 35
   en NuevoInmueblateGenNHibernate.CAD.RedSocial.BasicCAD.SessionInitializeTransaction() en D:\Master\SVNProyecto\11-03-14\trunk\NuevoInmueblateGen\NuevoInmueblateGenNHibernate\CAD\BasicCAD.cs:línea 32
   en NuevoInmueblateGenNHibernate.CAD.RedSocial.SuperUsuarioCAD.ObtenerUsuarioPorEmail(String pe_email) en D:\Master\SVNProyecto\11-03-14\trunk\NuevoInmueblateGen\NuevoInmueblateGenNHibernate\CAD\RedSocial\SuperUsuarioCAD.cs:línea 242
 --- Fin del seguimiento de la pila de la excepción interna ---
    en NuevoInmueblateGenNHibernate.CAD.RedSocial.SuperUsuarioCAD.ObtenerUsuarioPorEmail(String pe_email) en D:\Master\SVNProyecto\11-03-14\trunk\NuevoInmueblateGen\NuevoInmueblateGenNHibernate\CAD\RedSocial\SuperUsuarioCAD.cs:línea 257
   en NuevoInmueblateGenNHibernate.CEN.RedSocial.SuperUsuarioCEN.ObtenerUsuarioPorEmail(String pe_email) en D:\Master\SVNProyecto\11-03-14\trunk\NuevoInmueblateGen\NuevoInmueblateGenNHibernate\CEN\RedSocial\SuperUsuarioCEN.cs:línea 63
   en NuevoInmueblateGenNHibernate.CEN.RedSocial.SuperUsuarioCEN.Login(Int32 p_oid, String p_email, String p_pass) en D:\Master\SVNProyecto\11-03-14\trunk\NuevoInmueblateGen\NuevoInmueblateGenNHibernate\CEN\RedSocial\SuperUsuarioCEN_Login.cs:línea 30
   en NuevoInmueblateTestCustom.NuevoInmueblatePruebas.SuperUsuarioCEN_LoginSteps.WhenQuieroLogearmeEnLaRedSocialComo(String tipo) en D:\Master\SVNProyecto\11-03-14\trunk\NuevoInmueblateGen\NuevoInmueblateTestCustom\NuevoInmueblatePruebas\SuperUsuarioCEN_LoginSteps.cs:línea 46
   en lambda_method(Closure , IContextManager , String )
   en TechTalk.SpecFlow.Bindings.BindingInvoker.InvokeBinding(IBinding binding, IContextManager contextManager, Object[] arguments, ITestTracer testTracer, TimeSpan&amp; duration)
   en TechTalk.SpecFlow.Infrastructure.TestExecutionEngine.ExecuteStepMatch(BindingMatch match, Object[] arguments)
   en TechTalk.SpecFlow.Infrastructure.TestExecutionEngine.ExecuteStep(StepInstance stepInstance)
   en TechTalk.SpecFlow.Infrastructure.TestExecutionEngine.OnAfterLastStep()
   en TechTalk.SpecFlow.TestRunner.CollectScenarioErrors()
   en NuevoInmueblateTestCustom.NuevoInmueblatePruebas.SuperUsuarioCEN_LoginFeature.ScenarioCleanup() en D:\Master\SVNProyecto\11-03-14\trunk\NuevoInmueblateGen\NuevoInmueblateTestCustom\NuevoInmueblatePruebas\SuperUsuarioCEN_Login.feature.cs:línea 0
   en NuevoInmueblateTestCustom.NuevoInmueblatePruebas.SuperUsuarioCEN_LoginFeature.Login_LogeoComoModerador() en d:\Master\SVNProyecto\11-03-14\trunk\NuevoInmueblateGen\NuevoInmueblateTestCustom\NuevoInmueblatePruebas\SuperUsuarioCEN_Login.feature:línea 12
</StackTrace>
        </ErrorInfo>
      </Output>
    </UnitTestResult>
    <UnitTestResult executionId="1720be21-c8ec-4c2d-a2ed-01ec63aec57d" testId="045d05a4-cbf6-728f-368d-3c4852e02d35" testName="Login_LogeoErroneo" computerName="ISIDURLLL-LAP" duration="00:00:00.0064179" startTime="2014-03-11T18:58:11.1230329+01:00" endTime="2014-03-11T18:58:11.1400339+01:00" testType="13cdc9d9-ddb5-4fa4-a97d-d965ccfc6d4b" outcome="Failed" testListId="8c84fa94-04c1-424b-9868-57a2d4851a1d" relativeResultsDirectory="1720be21-c8ec-4c2d-a2ed-01ec63aec57d">
      <Output>
        <StdOut>Given Un usuario con email "ddv@inm.es" y contraseña "ddv"
-&gt; done: SuperUsuarioCEN_LoginSteps.GivenUnUsuarioConEmailYContrasena("ddv@inm.es", "ddv") (0,0s)
When quiero logearme en la red social como "Usuario"
-&gt; error: Error in SuperUsuarioCAD.
Then debo logearme como usuario y devolver 1
-&gt; skipped because of previous errors</StdOut>
        <ErrorInfo>
          <Message>El método de prueba NuevoInmueblateTestCustom.NuevoInmueblatePruebas.SuperUsuarioCEN_LoginFeature.Login_LogeoErroneo produjo la excepción: 
NuevoInmueblateGenNHibernate.Exceptions.DataLayerException: Error in SuperUsuarioCAD. ---&gt; NHibernate.Cfg.HibernateConfigException: An exception occurred during configuration of persistence layer. ---&gt; System.IO.FileNotFoundException: No se pudo encontrar el archivo 'D:\Master\SVNProyecto\11-03-14\trunk\NuevoInmueblateGen\TestResults\Isidurlll_ISIDURLLL-LAP 2014-03-11 18_58_06\Out\hibernate.cfg.xml'.</Message>
          <StackTrace>    en System.IO.__Error.WinIOError(Int32 errorCode, String maybeFullPath)
   en System.IO.FileStream.Init(String path, FileMode mode, FileAccess access, Int32 rights, Boolean useRights, FileShare share, Int32 bufferSize, FileOptions options, SECURITY_ATTRIBUTES secAttrs, String msgPath, Boolean bFromProxy, Boolean useLongPath, Boolean checkHost)
   en System.IO.FileStream..ctor(String path, FileMode mode, FileAccess access, FileShare share, Int32 bufferSize)
   en System.Xml.XmlDownloadManager.GetStream(Uri uri, ICredentials credentials, IWebProxy proxy, RequestCachePolicy cachePolicy)
   en System.Xml.XmlUrlResolver.GetEntity(Uri absoluteUri, String role, Type ofObjectToReturn)
   en System.Xml.XmlTextReaderImpl.OpenUrlDelegate(Object xmlResolver)
   en System.Threading.CompressedStack.runTryCode(Object userData)
   en System.Runtime.CompilerServices.RuntimeHelpers.ExecuteCodeWithGuaranteedCleanup(TryCode code, CleanupCode backoutCode, Object userData)
   en System.Threading.CompressedStack.Run(CompressedStack compressedStack, ContextCallback callback, Object state)
   en System.Xml.XmlTextReaderImpl.OpenUrl()
   en System.Xml.XmlTextReaderImpl.Read()
   en System.Xml.XmlTextReader.Read()
   en System.Xml.XmlCharCheckingReader.Read()
   en System.Xml.XsdValidatingReader.Read()
   en System.Xml.XPath.XPathDocument.LoadFromReader(XmlReader reader, XmlSpace space)
   en System.Xml.XPath.XPathDocument..ctor(XmlReader reader, XmlSpace space)
   en NHibernate.Cfg.ConfigurationSchema.HibernateConfiguration..ctor(XmlReader hbConfigurationReader, Boolean fromAppSetting)
 --- Fin del seguimiento de la pila de la excepción interna ---
    en NHibernate.Cfg.ConfigurationSchema.HibernateConfiguration..ctor(XmlReader hbConfigurationReader, Boolean fromAppSetting)
   en NHibernate.Cfg.Configuration.Configure(XmlReader textReader)
   en NHibernate.Cfg.Configuration.Configure(String fileName, Boolean ignoreSessionFactoryConfig)
   en NHibernate.Cfg.Configuration.Configure()
   en NuevoInmueblateGenNHibernate.CAD.RedSocial.NHibernateHelper.get_SessionFactory() en D:\Master\SVNProyecto\11-03-14\trunk\NuevoInmueblateGen\NuevoInmueblateGenNHibernate\NHibernateHelper.cs:línea 24
   en NuevoInmueblateGenNHibernate.CAD.RedSocial.NHibernateHelper.OpenSession() en D:\Master\SVNProyecto\11-03-14\trunk\NuevoInmueblateGen\NuevoInmueblateGenNHibernate\NHibernateHelper.cs:línea 35
   en NuevoInmueblateGenNHibernate.CAD.RedSocial.BasicCAD.SessionInitializeTransaction() en D:\Master\SVNProyecto\11-03-14\trunk\NuevoInmueblateGen\NuevoInmueblateGenNHibernate\CAD\BasicCAD.cs:línea 32
   en NuevoInmueblateGenNHibernate.CAD.RedSocial.SuperUsuarioCAD.ObtenerUsuarioPorEmail(String pe_email) en D:\Master\SVNProyecto\11-03-14\trunk\NuevoInmueblateGen\NuevoInmueblateGenNHibernate\CAD\RedSocial\SuperUsuarioCAD.cs:línea 242
 --- Fin del seguimiento de la pila de la excepción interna ---
    en NuevoInmueblateGenNHibernate.CAD.RedSocial.SuperUsuarioCAD.ObtenerUsuarioPorEmail(String pe_email) en D:\Master\SVNProyecto\11-03-14\trunk\NuevoInmueblateGen\NuevoInmueblateGenNHibernate\CAD\RedSocial\SuperUsuarioCAD.cs:línea 257
   en NuevoInmueblateGenNHibernate.CEN.RedSocial.SuperUsuarioCEN.ObtenerUsuarioPorEmail(String pe_email) en D:\Master\SVNProyecto\11-03-14\trunk\NuevoInmueblateGen\NuevoInmueblateGenNHibernate\CEN\RedSocial\SuperUsuarioCEN.cs:línea 63
   en NuevoInmueblateGenNHibernate.CEN.RedSocial.SuperUsuarioCEN.Login(Int32 p_oid, String p_email, String p_pass) en D:\Master\SVNProyecto\11-03-14\trunk\NuevoInmueblateGen\NuevoInmueblateGenNHibernate\CEN\RedSocial\SuperUsuarioCEN_Login.cs:línea 30
   en NuevoInmueblateTestCustom.NuevoInmueblatePruebas.SuperUsuarioCEN_LoginSteps.WhenQuieroLogearmeEnLaRedSocialComo(String tipo) en D:\Master\SVNProyecto\11-03-14\trunk\NuevoInmueblateGen\NuevoInmueblateTestCustom\NuevoInmueblatePruebas\SuperUsuarioCEN_LoginSteps.cs:línea 45
   en lambda_method(Closure , IContextManager , String )
   en TechTalk.SpecFlow.Bindings.BindingInvoker.InvokeBinding(IBinding binding, IContextManager contextManager, Object[] arguments, ITestTracer testTracer, TimeSpan&amp; duration)
   en TechTalk.SpecFlow.Infrastructure.TestExecutionEngine.ExecuteStepMatch(BindingMatch match, Object[] arguments)
   en TechTalk.SpecFlow.Infrastructure.TestExecutionEngine.ExecuteStep(StepInstance stepInstance)
   en TechTalk.SpecFlow.Infrastructure.TestExecutionEngine.OnAfterLastStep()
   en TechTalk.SpecFlow.TestRunner.CollectScenarioErrors()
   en NuevoInmueblateTestCustom.NuevoInmueblatePruebas.SuperUsuarioCEN_LoginFeature.ScenarioCleanup() en D:\Master\SVNProyecto\11-03-14\trunk\NuevoInmueblateGen\NuevoInmueblateTestCustom\NuevoInmueblatePruebas\SuperUsuarioCEN_Login.feature.cs:línea 0
   en NuevoInmueblateTestCustom.NuevoInmueblatePruebas.SuperUsuarioCEN_LoginFeature.Login_LogeoErroneo() en d:\Master\SVNProyecto\11-03-14\trunk\NuevoInmueblateGen\NuevoInmueblateTestCustom\NuevoInmueblatePruebas\SuperUsuarioCEN_Login.feature:línea 7
</StackTrace>
        </ErrorInfo>
      </Output>
    </UnitTestResult>
    <UnitTestResult executionId="d82e0317-6592-486e-9c3c-08ce96861041" testId="0cb3bce0-6e44-075f-32b3-bfc1013e2a4b" testName="Rechazar_Peticion_Incorrecta1" computerName="ISIDURLLL-LAP" duration="00:00:00.0241841" startTime="2014-03-11T18:58:11.1430340+01:00" endTime="2014-03-11T18:58:11.1820363+01:00" testType="13cdc9d9-ddb5-4fa4-a97d-d965ccfc6d4b" outcome="Inconclusive" testListId="8c84fa94-04c1-424b-9868-57a2d4851a1d" relativeResultsDirectory="d82e0317-6592-486e-9c3c-08ce96861041">
      <Output>
        <StdOut>Given La peticion con id 2 a sido aceptada
-&gt; pending: UsuarioCP_AceptarPeticionAmistadSteps.GivenLaPeticionConIdASidoAceptada(2)
And El emisor es amigo del receptor
-&gt; skipped because of previous errors
And El receptor no es amigo del emisor
-&gt; skipped because of previous errors
When Registo el evento en la base de datos
-&gt; skipped because of previous errors
Then el resultado debe ser -1
-&gt; skipped because of previous errors</StdOut>
        <ErrorInfo>
          <Message>Error de Assert.Inconclusive. One or more step definitions are not implemented yet.
  UsuarioCP_AceptarPeticionAmistadSteps.GivenLaPeticionConIdASidoAceptada(2)</Message>
          <StackTrace>   en lambda_method(Closure , String , Object[] )
   en TechTalk.SpecFlow.UnitTestProvider.MsTestRuntimeProvider.TestInconclusive(String message)
   en TechTalk.SpecFlow.UnitTestProvider.MsTestRuntimeProvider.TestPending(String message)
   en TechTalk.SpecFlow.ErrorHandling.ErrorProvider.ThrowPendingError(TestStatus testStatus, String message)
   en TechTalk.SpecFlow.Infrastructure.TestExecutionEngine.OnAfterLastStep()
   en TechTalk.SpecFlow.TestRunner.CollectScenarioErrors()
   en InmueblateTestCP.InmueblatePruebas.UsuarioCP_RechazarPeticionAmistadFeature.ScenarioCleanup() en D:\Master\SVNProyecto\11-03-14\trunk\NuevoInmueblateGen\InmueblateTestCP\InmueblatePruebas\UsuarioCP_RechazarPeticionAmistad.feature.cs:línea 0
   en InmueblateTestCP.InmueblatePruebas.UsuarioCP_RechazarPeticionAmistadFeature.Rechazar_Peticion_Incorrecta1() en d:\Master\SVNProyecto\11-03-14\trunk\NuevoInmueblateGen\InmueblateTestCP\InmueblatePruebas\UsuarioCP_RechazarPeticionAmistad.feature:línea 16
</StackTrace>
        </ErrorInfo>
      </Output>
    </UnitTestResult>
    <UnitTestResult executionId="07a7d6f5-14b8-4b86-ad24-0a61c77ba252" testId="1d573309-85dd-68be-b0c6-d2c46acf4ceb" testName="ObtenerAnunciosRandom_Obtener3AnunciosDistintos" computerName="ISIDURLLL-LAP" duration="00:00:00.0112106" startTime="2014-03-11T18:58:11.1840364+01:00" endTime="2014-03-11T18:58:11.2110379+01:00" testType="13cdc9d9-ddb5-4fa4-a97d-d965ccfc6d4b" outcome="Failed" testListId="8c84fa94-04c1-424b-9868-57a2d4851a1d" relativeResultsDirectory="07a7d6f5-14b8-4b86-ad24-0a61c77ba252">
      <Output>
        <StdOut>Given quiero 3 anuncios aleatorios
-&gt; done: AnuncioCEN_ObtenerAnunciosRandomSteps.GivenQuieroAnunciosAleatorios(3) (0,0s)
When creo dos listas de mis anuncios
-&gt; error: Error in AnuncioCAD.
Then las listas deberian ser distintas
-&gt; skipped because of previous errors</StdOut>
        <ErrorInfo>
          <Message>El método de prueba NuevoInmueblateTestCustom.NuevoInmueblatePruebas.AnuncioCEN_ObtenerAnunciosRandomFeature.ObtenerAnunciosRandom_Obtener3AnunciosDistintos produjo la excepción: 
NuevoInmueblateGenNHibernate.Exceptions.DataLayerException: Error in AnuncioCAD. ---&gt; NHibernate.Cfg.HibernateConfigException: An exception occurred during configuration of persistence layer. ---&gt; System.IO.FileNotFoundException: No se pudo encontrar el archivo 'D:\Master\SVNProyecto\11-03-14\trunk\NuevoInmueblateGen\TestResults\Isidurlll_ISIDURLLL-LAP 2014-03-11 18_58_06\Out\hibernate.cfg.xml'.</Message>
          <StackTrace>    en System.IO.__Error.WinIOError(Int32 errorCode, String maybeFullPath)
   en System.IO.FileStream.Init(String path, FileMode mode, FileAccess access, Int32 rights, Boolean useRights, FileShare share, Int32 bufferSize, FileOptions options, SECURITY_ATTRIBUTES secAttrs, String msgPath, Boolean bFromProxy, Boolean useLongPath, Boolean checkHost)
   en System.IO.FileStream..ctor(String path, FileMode mode, FileAccess access, FileShare share, Int32 bufferSize)
   en System.Xml.XmlDownloadManager.GetStream(Uri uri, ICredentials credentials, IWebProxy proxy, RequestCachePolicy cachePolicy)
   en System.Xml.XmlUrlResolver.GetEntity(Uri absoluteUri, String role, Type ofObjectToReturn)
   en System.Xml.XmlTextReaderImpl.OpenUrlDelegate(Object xmlResolver)
   en System.Threading.CompressedStack.runTryCode(Object userData)
   en System.Runtime.CompilerServices.RuntimeHelpers.ExecuteCodeWithGuaranteedCleanup(TryCode code, CleanupCode backoutCode, Object userData)
   en System.Threading.CompressedStack.Run(CompressedStack compressedStack, ContextCallback callback, Object state)
   en System.Xml.XmlTextReaderImpl.OpenUrl()
   en System.Xml.XmlTextReaderImpl.Read()
   en System.Xml.XmlTextReader.Read()
   en System.Xml.XmlCharCheckingReader.Read()
   en System.Xml.XsdValidatingReader.Read()
   en System.Xml.XPath.XPathDocument.LoadFromReader(XmlReader reader, XmlSpace space)
   en System.Xml.XPath.XPathDocument..ctor(XmlReader reader, XmlSpace space)
   en NHibernate.Cfg.ConfigurationSchema.HibernateConfiguration..ctor(XmlReader hbConfigurationReader, Boolean fromAppSetting)
 --- Fin del seguimiento de la pila de la excepción interna ---
    en NHibernate.Cfg.ConfigurationSchema.HibernateConfiguration..ctor(XmlReader hbConfigurationReader, Boolean fromAppSetting)
   en NHibernate.Cfg.Configuration.Configure(XmlReader textReader)
   en NHibernate.Cfg.Configuration.Configure(String fileName, Boolean ignoreSessionFactoryConfig)
   en NHibernate.Cfg.Configuration.Configure()
   en NuevoInmueblateGenNHibernate.CAD.RedSocial.NHibernateHelper.get_SessionFactory() en D:\Master\SVNProyecto\11-03-14\trunk\NuevoInmueblateGen\NuevoInmueblateGenNHibernate\NHibernateHelper.cs:línea 24
   en NuevoInmueblateGenNHibernate.CAD.RedSocial.NHibernateHelper.OpenSession() en D:\Master\SVNProyecto\11-03-14\trunk\NuevoInmueblateGen\NuevoInmueblateGenNHibernate\NHibernateHelper.cs:línea 35
   en NuevoInmueblateGenNHibernate.CAD.RedSocial.BasicCAD.SessionInitializeTransaction() en D:\Master\SVNProyecto\11-03-14\trunk\NuevoInmueblateGen\NuevoInmueblateGenNHibernate\CAD\BasicCAD.cs:línea 32
   en NuevoInmueblateGenNHibernate.CAD.RedSocial.AnuncioCAD.DameTodosLosAnuncios(Int32 first, Int32 size) en D:\Master\SVNProyecto\11-03-14\trunk\NuevoInmueblateGen\NuevoInmueblateGenNHibernate\CAD\RedSocial\AnuncioCAD.cs:línea 147
 --- Fin del seguimiento de la pila de la excepción interna ---
    en NuevoInmueblateGenNHibernate.CAD.RedSocial.AnuncioCAD.DameTodosLosAnuncios(Int32 first, Int32 size) en D:\Master\SVNProyecto\11-03-14\trunk\NuevoInmueblateGen\NuevoInmueblateGenNHibernate\CAD\RedSocial\AnuncioCAD.cs:línea 160
   en NuevoInmueblateGenNHibernate.CEN.RedSocial.AnuncioCEN.DameTodosLosAnuncios(Int32 first, Int32 size) en D:\Master\SVNProyecto\11-03-14\trunk\NuevoInmueblateGen\NuevoInmueblateGenNHibernate\CEN\RedSocial\AnuncioCEN_DameTodosLosAnuncios.cs:línea 23
   en NuevoInmueblateGenNHibernate.CEN.RedSocial.AnuncioCEN.ObtenerAnunciosRandom(Int32 pe_numero) en D:\Master\SVNProyecto\11-03-14\trunk\NuevoInmueblateGen\NuevoInmueblateGenNHibernate\CEN\RedSocial\AnuncioCEN_ObtenerAnunciosRandom.cs:línea 25
   en NuevoInmueblateTestCustom.NuevoInmueblatePruebas.AnuncioCEN_ObtenerAnunciosRandomSteps.WhenCreoDosListasDeMisAnuncios() en D:\Master\SVNProyecto\11-03-14\trunk\NuevoInmueblateGen\NuevoInmueblateTestCustom\NuevoInmueblatePruebas\AnuncioCEN_ObtenerAnunciosRandomSteps.cs:línea 35
   en lambda_method(Closure , IContextManager )
   en TechTalk.SpecFlow.Bindings.BindingInvoker.InvokeBinding(IBinding binding, IContextManager contextManager, Object[] arguments, ITestTracer testTracer, TimeSpan&amp; duration)
   en TechTalk.SpecFlow.Infrastructure.TestExecutionEngine.ExecuteStepMatch(BindingMatch match, Object[] arguments)
   en TechTalk.SpecFlow.Infrastructure.TestExecutionEngine.ExecuteStep(StepInstance stepInstance)
   en TechTalk.SpecFlow.Infrastructure.TestExecutionEngine.OnAfterLastStep()
   en TechTalk.SpecFlow.TestRunner.CollectScenarioErrors()
   en NuevoInmueblateTestCustom.NuevoInmueblatePruebas.AnuncioCEN_ObtenerAnunciosRandomFeature.ScenarioCleanup() en D:\Master\SVNProyecto\11-03-14\trunk\NuevoInmueblateGen\NuevoInmueblateTestCustom\NuevoInmueblatePruebas\AnuncioCEN_ObtenerAnunciosRandom.feature.cs:línea 0
   en NuevoInmueblateTestCustom.NuevoInmueblatePruebas.AnuncioCEN_ObtenerAnunciosRandomFeature.ObtenerAnunciosRandom_Obtener3AnunciosDistintos() en d:\Master\SVNProyecto\11-03-14\trunk\NuevoInmueblateGen\NuevoInmueblateTestCustom\NuevoInmueblatePruebas\AnuncioCEN_ObtenerAnunciosRandom.feature:línea 22
</StackTrace>
        </ErrorInfo>
      </Output>
    </UnitTestResult>
    <UnitTestResult executionId="1f3c3abc-b567-4d4b-bc43-bb5002dbba52" testId="1dfa8ac7-09b9-66f3-6ee9-c7f24a18280a" testName="Aceptar_Peticion_Incorrecta1" computerName="ISIDURLLL-LAP" duration="00:00:00.0034458" startTime="2014-03-11T18:58:11.2130380+01:00" endTime="2014-03-11T18:58:11.2270388+01:00" testType="13cdc9d9-ddb5-4fa4-a97d-d965ccfc6d4b" outcome="Inconclusive" testListId="8c84fa94-04c1-424b-9868-57a2d4851a1d" relativeResultsDirectory="1f3c3abc-b567-4d4b-bc43-bb5002dbba52">
      <Output>
        <StdOut>Given La peticion con id 2 a sido aceptada
-&gt; pending: UsuarioCP_AceptarPeticionAmistadSteps.GivenLaPeticionConIdASidoAceptada(2)
And El emisor es amigo del receptor
-&gt; skipped because of previous errors
And El receptor no es amigo del emisor
-&gt; skipped because of previous errors
When Registo el evento en la base de datos
-&gt; skipped because of previous errors
Then el resultado debe ser -1
-&gt; skipped because of previous errors</StdOut>
        <ErrorInfo>
          <Message>Error de Assert.Inconclusive. One or more step definitions are not implemented yet.
  UsuarioCP_AceptarPeticionAmistadSteps.GivenLaPeticionConIdASidoAceptada(2)</Message>
          <StackTrace>   en lambda_method(Closure , String , Object[] )
   en TechTalk.SpecFlow.UnitTestProvider.MsTestRuntimeProvider.TestInconclusive(String message)
   en TechTalk.SpecFlow.UnitTestProvider.MsTestRuntimeProvider.TestPending(String message)
   en TechTalk.SpecFlow.ErrorHandling.ErrorProvider.ThrowPendingError(TestStatus testStatus, String message)
   en TechTalk.SpecFlow.Infrastructure.TestExecutionEngine.OnAfterLastStep()
   en TechTalk.SpecFlow.TestRunner.CollectScenarioErrors()
   en InmueblateTestCP.InmueblatePruebas.UsuarioCP_AceptarPeticionAmistadFeature.ScenarioCleanup() en D:\Master\SVNProyecto\11-03-14\trunk\NuevoInmueblateGen\InmueblateTestCP\InmueblatePruebas\UsuarioCP_AceptarPeticionAmistad.feature.cs:línea 0
   en InmueblateTestCP.InmueblatePruebas.UsuarioCP_AceptarPeticionAmistadFeature.Aceptar_Peticion_Incorrecta1() en d:\Master\SVNProyecto\11-03-14\trunk\NuevoInmueblateGen\InmueblateTestCP\InmueblatePruebas\UsuarioCP_AceptarPeticionAmistad.feature:línea 16
</StackTrace>
        </ErrorInfo>
      </Output>
    </UnitTestResult>
    <UnitTestResult executionId="131613f7-b0ad-4509-8cd0-1d156c8ebd53" testId="345f4970-bc1c-2ce6-5fc0-e43fe4b1ae6b" testName="ObtenerAnunciosRandom_Obtener_5Anuncios" computerName="ISIDURLLL-LAP" duration="00:00:00.0058466" startTime="2014-03-11T18:58:11.2290390+01:00" endTime="2014-03-11T18:58:11.2450399+01:00" testType="13cdc9d9-ddb5-4fa4-a97d-d965ccfc6d4b" outcome="Failed" testListId="8c84fa94-04c1-424b-9868-57a2d4851a1d" relativeResultsDirectory="131613f7-b0ad-4509-8cd0-1d156c8ebd53">
      <Output>
        <StdOut>Given quiero -5 anuncios aleatorios
-&gt; done: AnuncioCEN_ObtenerAnunciosRandomSteps.GivenQuieroAnunciosAleatorios(-5) (0,0s)
When busco mis anuncios
-&gt; error: Error in AnuncioCAD.
Then deberia otener 0 anuncios
-&gt; skipped because of previous errors</StdOut>
        <ErrorInfo>
          <Message>El método de prueba NuevoInmueblateTestCustom.NuevoInmueblatePruebas.AnuncioCEN_ObtenerAnunciosRandomFeature.ObtenerAnunciosRandom_Obtener_5Anuncios produjo la excepción: 
NuevoInmueblateGenNHibernate.Exceptions.DataLayerException: Error in AnuncioCAD. ---&gt; NHibernate.Cfg.HibernateConfigException: An exception occurred during configuration of persistence layer. ---&gt; System.IO.FileNotFoundException: No se pudo encontrar el archivo 'D:\Master\SVNProyecto\11-03-14\trunk\NuevoInmueblateGen\TestResults\Isidurlll_ISIDURLLL-LAP 2014-03-11 18_58_06\Out\hibernate.cfg.xml'.</Message>
          <StackTrace>    en System.IO.__Error.WinIOError(Int32 errorCode, String maybeFullPath)
   en System.IO.FileStream.Init(String path, FileMode mode, FileAccess access, Int32 rights, Boolean useRights, FileShare share, Int32 bufferSize, FileOptions options, SECURITY_ATTRIBUTES secAttrs, String msgPath, Boolean bFromProxy, Boolean useLongPath, Boolean checkHost)
   en System.IO.FileStream..ctor(String path, FileMode mode, FileAccess access, FileShare share, Int32 bufferSize)
   en System.Xml.XmlDownloadManager.GetStream(Uri uri, ICredentials credentials, IWebProxy proxy, RequestCachePolicy cachePolicy)
   en System.Xml.XmlUrlResolver.GetEntity(Uri absoluteUri, String role, Type ofObjectToReturn)
   en System.Xml.XmlTextReaderImpl.OpenUrlDelegate(Object xmlResolver)
   en System.Threading.CompressedStack.runTryCode(Object userData)
   en System.Runtime.CompilerServices.RuntimeHelpers.ExecuteCodeWithGuaranteedCleanup(TryCode code, CleanupCode backoutCode, Object userData)
   en System.Threading.CompressedStack.Run(CompressedStack compressedStack, ContextCallback callback, Object state)
   en System.Xml.XmlTextReaderImpl.OpenUrl()
   en System.Xml.XmlTextReaderImpl.Read()
   en System.Xml.XmlTextReader.Read()
   en System.Xml.XmlCharCheckingReader.Read()
   en System.Xml.XsdValidatingReader.Read()
   en System.Xml.XPath.XPathDocument.LoadFromReader(XmlReader reader, XmlSpace space)
   en System.Xml.XPath.XPathDocument..ctor(XmlReader reader, XmlSpace space)
   en NHibernate.Cfg.ConfigurationSchema.HibernateConfiguration..ctor(XmlReader hbConfigurationReader, Boolean fromAppSetting)
 --- Fin del seguimiento de la pila de la excepción interna ---
    en NHibernate.Cfg.ConfigurationSchema.HibernateConfiguration..ctor(XmlReader hbConfigurationReader, Boolean fromAppSetting)
   en NHibernate.Cfg.Configuration.Configure(XmlReader textReader)
   en NHibernate.Cfg.Configuration.Configure(String fileName, Boolean ignoreSessionFactoryConfig)
   en NHibernate.Cfg.Configuration.Configure()
   en NuevoInmueblateGenNHibernate.CAD.RedSocial.NHibernateHelper.get_SessionFactory() en D:\Master\SVNProyecto\11-03-14\trunk\NuevoInmueblateGen\NuevoInmueblateGenNHibernate\NHibernateHelper.cs:línea 24
   en NuevoInmueblateGenNHibernate.CAD.RedSocial.NHibernateHelper.OpenSession() en D:\Master\SVNProyecto\11-03-14\trunk\NuevoInmueblateGen\NuevoInmueblateGenNHibernate\NHibernateHelper.cs:línea 35
   en NuevoInmueblateGenNHibernate.CAD.RedSocial.BasicCAD.SessionInitializeTransaction() en D:\Master\SVNProyecto\11-03-14\trunk\NuevoInmueblateGen\NuevoInmueblateGenNHibernate\CAD\BasicCAD.cs:línea 32
   en NuevoInmueblateGenNHibernate.CAD.RedSocial.AnuncioCAD.DameTodosLosAnuncios(Int32 first, Int32 size) en D:\Master\SVNProyecto\11-03-14\trunk\NuevoInmueblateGen\NuevoInmueblateGenNHibernate\CAD\RedSocial\AnuncioCAD.cs:línea 147
 --- Fin del seguimiento de la pila de la excepción interna ---
    en NuevoInmueblateGenNHibernate.CAD.RedSocial.AnuncioCAD.DameTodosLosAnuncios(Int32 first, Int32 size) en D:\Master\SVNProyecto\11-03-14\trunk\NuevoInmueblateGen\NuevoInmueblateGenNHibernate\CAD\RedSocial\AnuncioCAD.cs:línea 160
   en NuevoInmueblateGenNHibernate.CEN.RedSocial.AnuncioCEN.DameTodosLosAnuncios(Int32 first, Int32 size) en D:\Master\SVNProyecto\11-03-14\trunk\NuevoInmueblateGen\NuevoInmueblateGenNHibernate\CEN\RedSocial\AnuncioCEN_DameTodosLosAnuncios.cs:línea 23
   en NuevoInmueblateGenNHibernate.CEN.RedSocial.AnuncioCEN.ObtenerAnunciosRandom(Int32 pe_numero) en D:\Master\SVNProyecto\11-03-14\trunk\NuevoInmueblateGen\NuevoInmueblateGenNHibernate\CEN\RedSocial\AnuncioCEN_ObtenerAnunciosRandom.cs:línea 25
   en NuevoInmueblateTestCustom.NuevoInmueblatePruebas.AnuncioCEN_ObtenerAnunciosRandomSteps.WhenBuscoMisAnuncios() en D:\Master\SVNProyecto\11-03-14\trunk\NuevoInmueblateGen\NuevoInmueblateTestCustom\NuevoInmueblatePruebas\AnuncioCEN_ObtenerAnunciosRandomSteps.cs:línea 29
   en lambda_method(Closure , IContextManager )
   en TechTalk.SpecFlow.Bindings.BindingInvoker.InvokeBinding(IBinding binding, IContextManager contextManager, Object[] arguments, ITestTracer testTracer, TimeSpan&amp; duration)
   en TechTalk.SpecFlow.Infrastructure.TestExecutionEngine.ExecuteStepMatch(BindingMatch match, Object[] arguments)
   en TechTalk.SpecFlow.Infrastructure.TestExecutionEngine.ExecuteStep(StepInstance stepInstance)
   en TechTalk.SpecFlow.Infrastructure.TestExecutionEngine.OnAfterLastStep()
   en TechTalk.SpecFlow.TestRunner.CollectScenarioErrors()
   en NuevoInmueblateTestCustom.NuevoInmueblatePruebas.AnuncioCEN_ObtenerAnunciosRandomFeature.ScenarioCleanup() en D:\Master\SVNProyecto\11-03-14\trunk\NuevoInmueblateGen\NuevoInmueblateTestCustom\NuevoInmueblatePruebas\AnuncioCEN_ObtenerAnunciosRandom.feature.cs:línea 0
   en NuevoInmueblateTestCustom.NuevoInmueblatePruebas.AnuncioCEN_ObtenerAnunciosRandomFeature.ObtenerAnunciosRandom_Obtener_5Anuncios() en d:\Master\SVNProyecto\11-03-14\trunk\NuevoInmueblateGen\NuevoInmueblateTestCustom\NuevoInmueblatePruebas\AnuncioCEN_ObtenerAnunciosRandom.feature:línea 17
</StackTrace>
        </ErrorInfo>
      </Output>
    </UnitTestResult>
    <UnitTestResult executionId="748aaf17-84cc-402a-b71b-83771738ce22" testId="38477b57-b245-c466-d984-52365250b758" testName="EnviarPeticion_AUsuarioQueNoExiste" computerName="ISIDURLLL-LAP" duration="00:00:00.0051667" startTime="2014-03-11T18:58:11.2470400+01:00" endTime="2014-03-11T18:58:11.2630409+01:00" testType="13cdc9d9-ddb5-4fa4-a97d-d965ccfc6d4b" outcome="Failed" testListId="8c84fa94-04c1-424b-9868-57a2d4851a1d" relativeResultsDirectory="748aaf17-84cc-402a-b71b-83771738ce22">
      <Output>
        <StdOut>Given Usuario a con direccion: "ijsl@inm.es"
-&gt; error: Error in SuperUsuarioCAD.
And Usuario b con direccion: "noexsite@inm.es"
-&gt; skipped because of previous errors
When el Usuario a le envía la petición al Usuario b
-&gt; skipped because of previous errors
Then el resultado deberia ser 1
-&gt; skipped because of previous errors</StdOut>
        <ErrorInfo>
          <Message>El método de prueba InmueblateTestCP.InmueblatePruebas.UsuarioCP_EnviarPeticionFeature.EnviarPeticion_AUsuarioQueNoExiste produjo la excepción: 
NuevoInmueblateGenNHibernate.Exceptions.DataLayerException: Error in SuperUsuarioCAD. ---&gt; NHibernate.Cfg.HibernateConfigException: An exception occurred during configuration of persistence layer. ---&gt; System.IO.FileNotFoundException: No se pudo encontrar el archivo 'D:\Master\SVNProyecto\11-03-14\trunk\NuevoInmueblateGen\TestResults\Isidurlll_ISIDURLLL-LAP 2014-03-11 18_58_06\Out\hibernate.cfg.xml'.</Message>
          <StackTrace>    en System.IO.__Error.WinIOError(Int32 errorCode, String maybeFullPath)
   en System.IO.FileStream.Init(String path, FileMode mode, FileAccess access, Int32 rights, Boolean useRights, FileShare share, Int32 bufferSize, FileOptions options, SECURITY_ATTRIBUTES secAttrs, String msgPath, Boolean bFromProxy, Boolean useLongPath, Boolean checkHost)
   en System.IO.FileStream..ctor(String path, FileMode mode, FileAccess access, FileShare share, Int32 bufferSize)
   en System.Xml.XmlDownloadManager.GetStream(Uri uri, ICredentials credentials, IWebProxy proxy, RequestCachePolicy cachePolicy)
   en System.Xml.XmlUrlResolver.GetEntity(Uri absoluteUri, String role, Type ofObjectToReturn)
   en System.Xml.XmlTextReaderImpl.OpenUrlDelegate(Object xmlResolver)
   en System.Threading.CompressedStack.runTryCode(Object userData)
   en System.Runtime.CompilerServices.RuntimeHelpers.ExecuteCodeWithGuaranteedCleanup(TryCode code, CleanupCode backoutCode, Object userData)
   en System.Threading.CompressedStack.Run(CompressedStack compressedStack, ContextCallback callback, Object state)
   en System.Xml.XmlTextReaderImpl.OpenUrl()
   en System.Xml.XmlTextReaderImpl.Read()
   en System.Xml.XmlTextReader.Read()
   en System.Xml.XmlCharCheckingReader.Read()
   en System.Xml.XsdValidatingReader.Read()
   en System.Xml.XPath.XPathDocument.LoadFromReader(XmlReader reader, XmlSpace space)
   en System.Xml.XPath.XPathDocument..ctor(XmlReader reader, XmlSpace space)
   en NHibernate.Cfg.ConfigurationSchema.HibernateConfiguration..ctor(XmlReader hbConfigurationReader, Boolean fromAppSetting)
 --- Fin del seguimiento de la pila de la excepción interna ---
    en NHibernate.Cfg.ConfigurationSchema.HibernateConfiguration..ctor(XmlReader hbConfigurationReader, Boolean fromAppSetting)
   en NHibernate.Cfg.Configuration.Configure(XmlReader textReader)
   en NHibernate.Cfg.Configuration.Configure(String fileName, Boolean ignoreSessionFactoryConfig)
   en NHibernate.Cfg.Configuration.Configure()
   en NuevoInmueblateGenNHibernate.CAD.RedSocial.NHibernateHelper.get_SessionFactory() en D:\Master\SVNProyecto\11-03-14\trunk\NuevoInmueblateGen\NuevoInmueblateGenNHibernate\NHibernateHelper.cs:línea 24
   en NuevoInmueblateGenNHibernate.CAD.RedSocial.NHibernateHelper.OpenSession() en D:\Master\SVNProyecto\11-03-14\trunk\NuevoInmueblateGen\NuevoInmueblateGenNHibernate\NHibernateHelper.cs:línea 35
   en NuevoInmueblateGenNHibernate.CAD.RedSocial.BasicCAD.SessionInitializeTransaction() en D:\Master\SVNProyecto\11-03-14\trunk\NuevoInmueblateGen\NuevoInmueblateGenNHibernate\CAD\BasicCAD.cs:línea 32
   en NuevoInmueblateGenNHibernate.CAD.RedSocial.SuperUsuarioCAD.ObtenerUsuarioPorEmail(String pe_email) en D:\Master\SVNProyecto\11-03-14\trunk\NuevoInmueblateGen\NuevoInmueblateGenNHibernate\CAD\RedSocial\SuperUsuarioCAD.cs:línea 242
 --- Fin del seguimiento de la pila de la excepción interna ---
    en NuevoInmueblateGenNHibernate.CAD.RedSocial.SuperUsuarioCAD.ObtenerUsuarioPorEmail(String pe_email) en D:\Master\SVNProyecto\11-03-14\trunk\NuevoInmueblateGen\NuevoInmueblateGenNHibernate\CAD\RedSocial\SuperUsuarioCAD.cs:línea 257
   en NuevoInmueblateGenNHibernate.CEN.RedSocial.SuperUsuarioCEN.ObtenerUsuarioPorEmail(String pe_email) en D:\Master\SVNProyecto\11-03-14\trunk\NuevoInmueblateGen\NuevoInmueblateGenNHibernate\CEN\RedSocial\SuperUsuarioCEN.cs:línea 63
   en InmueblateTestCP.InmueblatePruebas.UsuarioCP_EnviarPeticionSteps.GivenUsuarioAConDireccion(String pe_mail) en D:\Master\SVNProyecto\11-03-14\trunk\NuevoInmueblateGen\InmueblateTestCP\InmueblatePruebas\UsuarioCP_EnviarPeticionSteps.cs:línea 24
   en lambda_method(Closure , IContextManager , String )
   en TechTalk.SpecFlow.Bindings.BindingInvoker.InvokeBinding(IBinding binding, IContextManager contextManager, Object[] arguments, ITestTracer testTracer, TimeSpan&amp; duration)
   en TechTalk.SpecFlow.Infrastructure.TestExecutionEngine.ExecuteStepMatch(BindingMatch match, Object[] arguments)
   en TechTalk.SpecFlow.Infrastructure.TestExecutionEngine.ExecuteStep(StepInstance stepInstance)
   en TechTalk.SpecFlow.Infrastructure.TestExecutionEngine.OnAfterLastStep()
   en TechTalk.SpecFlow.TestRunner.CollectScenarioErrors()
   en InmueblateTestCP.InmueblatePruebas.UsuarioCP_EnviarPeticionFeature.ScenarioCleanup() en D:\Master\SVNProyecto\11-03-14\trunk\NuevoInmueblateGen\InmueblateTestCP\InmueblatePruebas\UsuarioCP_EnviarPeticion.feature.cs:línea 0
   en InmueblateTestCP.InmueblatePruebas.UsuarioCP_EnviarPeticionFeature.EnviarPeticion_AUsuarioQueNoExiste() en d:\Master\SVNProyecto\11-03-14\trunk\NuevoInmueblateGen\InmueblateTestCP\InmueblatePruebas\UsuarioCP_EnviarPeticion.feature:línea 20
</StackTrace>
        </ErrorInfo>
      </Output>
    </UnitTestResult>
    <UnitTestResult executionId="3cefda1a-7adc-46f8-93e5-a077de0f36c8" testId="45dbb885-c276-72e4-847f-ec8c00850b98" testName="ObtenerAnunciosRandom_Obtener15Anuncios" computerName="ISIDURLLL-LAP" duration="00:00:00.0051525" startTime="2014-03-11T18:58:11.2650410+01:00" endTime="2014-03-11T18:58:11.2790418+01:00" testType="13cdc9d9-ddb5-4fa4-a97d-d965ccfc6d4b" outcome="Failed" testListId="8c84fa94-04c1-424b-9868-57a2d4851a1d" relativeResultsDirectory="3cefda1a-7adc-46f8-93e5-a077de0f36c8">
      <Output>
        <StdOut>Given quiero 15 anuncios aleatorios
-&gt; done: AnuncioCEN_ObtenerAnunciosRandomSteps.GivenQuieroAnunciosAleatorios(15) (0,0s)
When busco mis anuncios
-&gt; error: Error in AnuncioCAD.
Then deberia otener 10 anuncios
-&gt; skipped because of previous errors</StdOut>
        <ErrorInfo>
          <Message>El método de prueba NuevoInmueblateTestCustom.NuevoInmueblatePruebas.AnuncioCEN_ObtenerAnunciosRandomFeature.ObtenerAnunciosRandom_Obtener15Anuncios produjo la excepción: 
NuevoInmueblateGenNHibernate.Exceptions.DataLayerException: Error in AnuncioCAD. ---&gt; NHibernate.Cfg.HibernateConfigException: An exception occurred during configuration of persistence layer. ---&gt; System.IO.FileNotFoundException: No se pudo encontrar el archivo 'D:\Master\SVNProyecto\11-03-14\trunk\NuevoInmueblateGen\TestResults\Isidurlll_ISIDURLLL-LAP 2014-03-11 18_58_06\Out\hibernate.cfg.xml'.</Message>
          <StackTrace>    en System.IO.__Error.WinIOError(Int32 errorCode, String maybeFullPath)
   en System.IO.FileStream.Init(String path, FileMode mode, FileAccess access, Int32 rights, Boolean useRights, FileShare share, Int32 bufferSize, FileOptions options, SECURITY_ATTRIBUTES secAttrs, String msgPath, Boolean bFromProxy, Boolean useLongPath, Boolean checkHost)
   en System.IO.FileStream..ctor(String path, FileMode mode, FileAccess access, FileShare share, Int32 bufferSize)
   en System.Xml.XmlDownloadManager.GetStream(Uri uri, ICredentials credentials, IWebProxy proxy, RequestCachePolicy cachePolicy)
   en System.Xml.XmlUrlResolver.GetEntity(Uri absoluteUri, String role, Type ofObjectToReturn)
   en System.Xml.XmlTextReaderImpl.OpenUrlDelegate(Object xmlResolver)
   en System.Threading.CompressedStack.runTryCode(Object userData)
   en System.Runtime.CompilerServices.RuntimeHelpers.ExecuteCodeWithGuaranteedCleanup(TryCode code, CleanupCode backoutCode, Object userData)
   en System.Threading.CompressedStack.Run(CompressedStack compressedStack, ContextCallback callback, Object state)
   en System.Xml.XmlTextReaderImpl.OpenUrl()
   en System.Xml.XmlTextReaderImpl.Read()
   en System.Xml.XmlTextReader.Read()
   en System.Xml.XmlCharCheckingReader.Read()
   en System.Xml.XsdValidatingReader.Read()
   en System.Xml.XPath.XPathDocument.LoadFromReader(XmlReader reader, XmlSpace space)
   en System.Xml.XPath.XPathDocument..ctor(XmlReader reader, XmlSpace space)
   en NHibernate.Cfg.ConfigurationSchema.HibernateConfiguration..ctor(XmlReader hbConfigurationReader, Boolean fromAppSetting)
 --- Fin del seguimiento de la pila de la excepción interna ---
    en NHibernate.Cfg.ConfigurationSchema.HibernateConfiguration..ctor(XmlReader hbConfigurationReader, Boolean fromAppSetting)
   en NHibernate.Cfg.Configuration.Configure(XmlReader textReader)
   en NHibernate.Cfg.Configuration.Configure(String fileName, Boolean ignoreSessionFactoryConfig)
   en NHibernate.Cfg.Configuration.Configure()
   en NuevoInmueblateGenNHibernate.CAD.RedSocial.NHibernateHelper.get_SessionFactory() en D:\Master\SVNProyecto\11-03-14\trunk\NuevoInmueblateGen\NuevoInmueblateGenNHibernate\NHibernateHelper.cs:línea 24
   en NuevoInmueblateGenNHibernate.CAD.RedSocial.NHibernateHelper.OpenSession() en D:\Master\SVNProyecto\11-03-14\trunk\NuevoInmueblateGen\NuevoInmueblateGenNHibernate\NHibernateHelper.cs:línea 35
   en NuevoInmueblateGenNHibernate.CAD.RedSocial.BasicCAD.SessionInitializeTransaction() en D:\Master\SVNProyecto\11-03-14\trunk\NuevoInmueblateGen\NuevoInmueblateGenNHibernate\CAD\BasicCAD.cs:línea 32
   en NuevoInmueblateGenNHibernate.CAD.RedSocial.AnuncioCAD.DameTodosLosAnuncios(Int32 first, Int32 size) en D:\Master\SVNProyecto\11-03-14\trunk\NuevoInmueblateGen\NuevoInmueblateGenNHibernate\CAD\RedSocial\AnuncioCAD.cs:línea 147
 --- Fin del seguimiento de la pila de la excepción interna ---
    en NuevoInmueblateGenNHibernate.CAD.RedSocial.AnuncioCAD.DameTodosLosAnuncios(Int32 first, Int32 size) en D:\Master\SVNProyecto\11-03-14\trunk\NuevoInmueblateGen\NuevoInmueblateGenNHibernate\CAD\RedSocial\AnuncioCAD.cs:línea 160
   en NuevoInmueblateGenNHibernate.CEN.RedSocial.AnuncioCEN.DameTodosLosAnuncios(Int32 first, Int32 size) en D:\Master\SVNProyecto\11-03-14\trunk\NuevoInmueblateGen\NuevoInmueblateGenNHibernate\CEN\RedSocial\AnuncioCEN_DameTodosLosAnuncios.cs:línea 23
   en NuevoInmueblateGenNHibernate.CEN.RedSocial.AnuncioCEN.ObtenerAnunciosRandom(Int32 pe_numero) en D:\Master\SVNProyecto\11-03-14\trunk\NuevoInmueblateGen\NuevoInmueblateGenNHibernate\CEN\RedSocial\AnuncioCEN_ObtenerAnunciosRandom.cs:línea 25
   en NuevoInmueblateTestCustom.NuevoInmueblatePruebas.AnuncioCEN_ObtenerAnunciosRandomSteps.WhenBuscoMisAnuncios() en D:\Master\SVNProyecto\11-03-14\trunk\NuevoInmueblateGen\NuevoInmueblateTestCustom\NuevoInmueblatePruebas\AnuncioCEN_ObtenerAnunciosRandomSteps.cs:línea 29
   en lambda_method(Closure , IContextManager )
   en TechTalk.SpecFlow.Bindings.BindingInvoker.InvokeBinding(IBinding binding, IContextManager contextManager, Object[] arguments, ITestTracer testTracer, TimeSpan&amp; duration)
   en TechTalk.SpecFlow.Infrastructure.TestExecutionEngine.ExecuteStepMatch(BindingMatch match, Object[] arguments)
   en TechTalk.SpecFlow.Infrastructure.TestExecutionEngine.ExecuteStep(StepInstance stepInstance)
   en TechTalk.SpecFlow.Infrastructure.TestExecutionEngine.OnAfterLastStep()
   en TechTalk.SpecFlow.TestRunner.CollectScenarioErrors()
   en NuevoInmueblateTestCustom.NuevoInmueblatePruebas.AnuncioCEN_ObtenerAnunciosRandomFeature.ScenarioCleanup() en D:\Master\SVNProyecto\11-03-14\trunk\NuevoInmueblateGen\NuevoInmueblateTestCustom\NuevoInmueblatePruebas\AnuncioCEN_ObtenerAnunciosRandom.feature.cs:línea 0
   en NuevoInmueblateTestCustom.NuevoInmueblatePruebas.AnuncioCEN_ObtenerAnunciosRandomFeature.ObtenerAnunciosRandom_Obtener15Anuncios() en d:\Master\SVNProyecto\11-03-14\trunk\NuevoInmueblateGen\NuevoInmueblateTestCustom\NuevoInmueblatePruebas\AnuncioCEN_ObtenerAnunciosRandom.feature:línea 12
</StackTrace>
        </ErrorInfo>
      </Output>
    </UnitTestResult>
    <UnitTestResult executionId="cc014ebe-a3a0-41f9-a020-175922ff179e" testId="4a5efe0e-29fc-6f13-b293-784cefe007b5" testName="EnviarPeticion_UsuarioAToB" computerName="ISIDURLLL-LAP" duration="00:00:00.0063671" startTime="2014-03-11T18:58:11.2820420+01:00" endTime="2014-03-11T18:58:11.3020431+01:00" testType="13cdc9d9-ddb5-4fa4-a97d-d965ccfc6d4b" outcome="Failed" testListId="8c84fa94-04c1-424b-9868-57a2d4851a1d" relativeResultsDirectory="cc014ebe-a3a0-41f9-a020-175922ff179e">
      <Output>
        <StdOut>Given Usuario a con direccion: "ijsl@inm.es"
-&gt; error: Error in SuperUsuarioCAD.
And Usuario b con direccion: "crt@inm.es"
-&gt; skipped because of previous errors
When el Usuario a le envía la petición al Usuario b
-&gt; skipped because of previous errors
Then el resultado deber ser ditinto a -1
-&gt; skipped because of previous errors</StdOut>
        <ErrorInfo>
          <Message>El método de prueba InmueblateTestCP.InmueblatePruebas.UsuarioCP_EnviarPeticionFeature.EnviarPeticion_UsuarioAToB produjo la excepción: 
NuevoInmueblateGenNHibernate.Exceptions.DataLayerException: Error in SuperUsuarioCAD. ---&gt; NHibernate.Cfg.HibernateConfigException: An exception occurred during configuration of persistence layer. ---&gt; System.IO.FileNotFoundException: No se pudo encontrar el archivo 'D:\Master\SVNProyecto\11-03-14\trunk\NuevoInmueblateGen\TestResults\Isidurlll_ISIDURLLL-LAP 2014-03-11 18_58_06\Out\hibernate.cfg.xml'.</Message>
          <StackTrace>    en System.IO.__Error.WinIOError(Int32 errorCode, String maybeFullPath)
   en System.IO.FileStream.Init(String path, FileMode mode, FileAccess access, Int32 rights, Boolean useRights, FileShare share, Int32 bufferSize, FileOptions options, SECURITY_ATTRIBUTES secAttrs, String msgPath, Boolean bFromProxy, Boolean useLongPath, Boolean checkHost)
   en System.IO.FileStream..ctor(String path, FileMode mode, FileAccess access, FileShare share, Int32 bufferSize)
   en System.Xml.XmlDownloadManager.GetStream(Uri uri, ICredentials credentials, IWebProxy proxy, RequestCachePolicy cachePolicy)
   en System.Xml.XmlUrlResolver.GetEntity(Uri absoluteUri, String role, Type ofObjectToReturn)
   en System.Xml.XmlTextReaderImpl.OpenUrlDelegate(Object xmlResolver)
   en System.Threading.CompressedStack.runTryCode(Object userData)
   en System.Runtime.CompilerServices.RuntimeHelpers.ExecuteCodeWithGuaranteedCleanup(TryCode code, CleanupCode backoutCode, Object userData)
   en System.Threading.CompressedStack.Run(CompressedStack compressedStack, ContextCallback callback, Object state)
   en System.Xml.XmlTextReaderImpl.OpenUrl()
   en System.Xml.XmlTextReaderImpl.Read()
   en System.Xml.XmlTextReader.Read()
   en System.Xml.XmlCharCheckingReader.Read()
   en System.Xml.XsdValidatingReader.Read()
   en System.Xml.XPath.XPathDocument.LoadFromReader(XmlReader reader, XmlSpace space)
   en System.Xml.XPath.XPathDocument..ctor(XmlReader reader, XmlSpace space)
   en NHibernate.Cfg.ConfigurationSchema.HibernateConfiguration..ctor(XmlReader hbConfigurationReader, Boolean fromAppSetting)
 --- Fin del seguimiento de la pila de la excepción interna ---
    en NHibernate.Cfg.ConfigurationSchema.HibernateConfiguration..ctor(XmlReader hbConfigurationReader, Boolean fromAppSetting)
   en NHibernate.Cfg.Configuration.Configure(XmlReader textReader)
   en NHibernate.Cfg.Configuration.Configure(String fileName, Boolean ignoreSessionFactoryConfig)
   en NHibernate.Cfg.Configuration.Configure()
   en NuevoInmueblateGenNHibernate.CAD.RedSocial.NHibernateHelper.get_SessionFactory() en D:\Master\SVNProyecto\11-03-14\trunk\NuevoInmueblateGen\NuevoInmueblateGenNHibernate\NHibernateHelper.cs:línea 24
   en NuevoInmueblateGenNHibernate.CAD.RedSocial.NHibernateHelper.OpenSession() en D:\Master\SVNProyecto\11-03-14\trunk\NuevoInmueblateGen\NuevoInmueblateGenNHibernate\NHibernateHelper.cs:línea 35
   en NuevoInmueblateGenNHibernate.CAD.RedSocial.BasicCAD.SessionInitializeTransaction() en D:\Master\SVNProyecto\11-03-14\trunk\NuevoInmueblateGen\NuevoInmueblateGenNHibernate\CAD\BasicCAD.cs:línea 32
   en NuevoInmueblateGenNHibernate.CAD.RedSocial.SuperUsuarioCAD.ObtenerUsuarioPorEmail(String pe_email) en D:\Master\SVNProyecto\11-03-14\trunk\NuevoInmueblateGen\NuevoInmueblateGenNHibernate\CAD\RedSocial\SuperUsuarioCAD.cs:línea 242
 --- Fin del seguimiento de la pila de la excepción interna ---
    en NuevoInmueblateGenNHibernate.CAD.RedSocial.SuperUsuarioCAD.ObtenerUsuarioPorEmail(String pe_email) en D:\Master\SVNProyecto\11-03-14\trunk\NuevoInmueblateGen\NuevoInmueblateGenNHibernate\CAD\RedSocial\SuperUsuarioCAD.cs:línea 257
   en NuevoInmueblateGenNHibernate.CEN.RedSocial.SuperUsuarioCEN.ObtenerUsuarioPorEmail(String pe_email) en D:\Master\SVNProyecto\11-03-14\trunk\NuevoInmueblateGen\NuevoInmueblateGenNHibernate\CEN\RedSocial\SuperUsuarioCEN.cs:línea 63
   en InmueblateTestCP.InmueblatePruebas.UsuarioCP_EnviarPeticionSteps.GivenUsuarioAConDireccion(String pe_mail) en D:\Master\SVNProyecto\11-03-14\trunk\NuevoInmueblateGen\InmueblateTestCP\InmueblatePruebas\UsuarioCP_EnviarPeticionSteps.cs:línea 24
   en lambda_method(Closure , IContextManager , String )
   en TechTalk.SpecFlow.Bindings.BindingInvoker.InvokeBinding(IBinding binding, IContextManager contextManager, Object[] arguments, ITestTracer testTracer, TimeSpan&amp; duration)
   en TechTalk.SpecFlow.Infrastructure.TestExecutionEngine.ExecuteStepMatch(BindingMatch match, Object[] arguments)
   en TechTalk.SpecFlow.Infrastructure.TestExecutionEngine.ExecuteStep(StepInstance stepInstance)
   en TechTalk.SpecFlow.Infrastructure.TestExecutionEngine.OnAfterLastStep()
   en TechTalk.SpecFlow.TestRunner.CollectScenarioErrors()
   en InmueblateTestCP.InmueblatePruebas.UsuarioCP_EnviarPeticionFeature.ScenarioCleanup() en D:\Master\SVNProyecto\11-03-14\trunk\NuevoInmueblateGen\InmueblateTestCP\InmueblatePruebas\UsuarioCP_EnviarPeticion.feature.cs:línea 0
   en InmueblateTestCP.InmueblatePruebas.UsuarioCP_EnviarPeticionFeature.EnviarPeticion_UsuarioAToB() en d:\Master\SVNProyecto\11-03-14\trunk\NuevoInmueblateGen\InmueblateTestCP\InmueblatePruebas\UsuarioCP_EnviarPeticion.feature:línea 8
</StackTrace>
        </ErrorInfo>
      </Output>
    </UnitTestResult>
    <UnitTestResult executionId="f7ece7f2-8090-4d1a-95c3-a4b674b92dbb" testId="5165bcb4-336c-8ad0-f412-09726cec7a6c" testName="ResgistrarUsuario_NuevoPeroYaExiste" computerName="ISIDURLLL-LAP" duration="00:00:00.0138087" startTime="2014-03-11T18:58:11.3040433+01:00" endTime="2014-03-11T18:58:11.3290447+01:00" testType="13cdc9d9-ddb5-4fa4-a97d-d965ccfc6d4b" outcome="Failed" testListId="8c84fa94-04c1-424b-9868-57a2d4851a1d" relativeResultsDirectory="f7ece7f2-8090-4d1a-95c3-a4b674b92dbb">
      <Output>
        <StdOut>Given El usuario "Isido" con mail "ijsl@inm.es" se quiere registrar
-&gt; done: UsuarioCP_ResgistrarUsuarioSteps.GivenElUsuarioConMailSeQuiereRegistrar("Isido", "ijsl@inm.es") (0,0s)
When lo resgitro en mi base de datos
-&gt; error: An exception occurred during configuration of persistence layer.
Then el resultado debe ser -1
-&gt; skipped because of previous errors</StdOut>
        <ErrorInfo>
          <Message>El método de prueba InmueblateTestCP.InmueblatePruebas.UsuarioCP_ResgistrarUsuarioFeature.ResgistrarUsuario_NuevoPeroYaExiste produjo la excepción: 
NHibernate.Cfg.HibernateConfigException: An exception occurred during configuration of persistence layer. ---&gt; System.IO.FileNotFoundException: No se pudo encontrar el archivo 'D:\Master\SVNProyecto\11-03-14\trunk\NuevoInmueblateGen\TestResults\Isidurlll_ISIDURLLL-LAP 2014-03-11 18_58_06\Out\hibernate.cfg.xml'.</Message>
          <StackTrace>    en System.IO.__Error.WinIOError(Int32 errorCode, String maybeFullPath)
   en System.IO.FileStream.Init(String path, FileMode mode, FileAccess access, Int32 rights, Boolean useRights, FileShare share, Int32 bufferSize, FileOptions options, SECURITY_ATTRIBUTES secAttrs, String msgPath, Boolean bFromProxy, Boolean useLongPath, Boolean checkHost)
   en System.IO.FileStream..ctor(String path, FileMode mode, FileAccess access, FileShare share, Int32 bufferSize)
   en System.Xml.XmlDownloadManager.GetStream(Uri uri, ICredentials credentials, IWebProxy proxy, RequestCachePolicy cachePolicy)
   en System.Xml.XmlUrlResolver.GetEntity(Uri absoluteUri, String role, Type ofObjectToReturn)
   en System.Xml.XmlTextReaderImpl.OpenUrlDelegate(Object xmlResolver)
   en System.Threading.CompressedStack.runTryCode(Object userData)
   en System.Runtime.CompilerServices.RuntimeHelpers.ExecuteCodeWithGuaranteedCleanup(TryCode code, CleanupCode backoutCode, Object userData)
   en System.Threading.CompressedStack.Run(CompressedStack compressedStack, ContextCallback callback, Object state)
   en System.Xml.XmlTextReaderImpl.OpenUrl()
   en System.Xml.XmlTextReaderImpl.Read()
   en System.Xml.XmlTextReader.Read()
   en System.Xml.XmlCharCheckingReader.Read()
   en System.Xml.XsdValidatingReader.Read()
   en System.Xml.XPath.XPathDocument.LoadFromReader(XmlReader reader, XmlSpace space)
   en System.Xml.XPath.XPathDocument..ctor(XmlReader reader, XmlSpace space)
   en NHibernate.Cfg.ConfigurationSchema.HibernateConfiguration..ctor(XmlReader hbConfigurationReader, Boolean fromAppSetting)
 --- Fin del seguimiento de la pila de la excepción interna ---
    en NuevoInmueblateCP.InmueblateCP.UsuarioCP.RegistrarUsuario(String pe_nombre, String pe_apellido, String pe_nif, String pe_mail, String pe_direccion, String pe_poblacion, String pe_cp, String pe_pais, String pe_pass, String pe_urlFoto, String pe_telefono, DateTime pe_fNacimiento, TipoPrivacidadEnum pe_tipo) en D:\Master\SVNProyecto\11-03-14\trunk\NuevoInmueblateGen\NuevoInmueblateCP\InmueblateCP\UsuarioCP.cs:línea 75
   en InmueblateTestCP.InmueblatePruebas.UsuarioCP_ResgistrarUsuarioSteps.WhenLoResgitroEnMiBaseDeDatos() en D:\Master\SVNProyecto\11-03-14\trunk\NuevoInmueblateGen\InmueblateTestCP\InmueblatePruebas\UsuarioCP_ResgistrarUsuarioSteps.cs:línea 29
   en lambda_method(Closure , IContextManager )
   en TechTalk.SpecFlow.Bindings.BindingInvoker.InvokeBinding(IBinding binding, IContextManager contextManager, Object[] arguments, ITestTracer testTracer, TimeSpan&amp; duration)
   en TechTalk.SpecFlow.Infrastructure.TestExecutionEngine.ExecuteStepMatch(BindingMatch match, Object[] arguments)
   en TechTalk.SpecFlow.Infrastructure.TestExecutionEngine.ExecuteStep(StepInstance stepInstance)
   en TechTalk.SpecFlow.Infrastructure.TestExecutionEngine.OnAfterLastStep()
   en TechTalk.SpecFlow.TestRunner.CollectScenarioErrors()
   en InmueblateTestCP.InmueblatePruebas.UsuarioCP_ResgistrarUsuarioFeature.ScenarioCleanup() en D:\Master\SVNProyecto\11-03-14\trunk\NuevoInmueblateGen\InmueblateTestCP\InmueblatePruebas\UsuarioCP_ResgistrarUsuario.feature.cs:línea 0
   en InmueblateTestCP.InmueblatePruebas.UsuarioCP_ResgistrarUsuarioFeature.ResgistrarUsuario_NuevoPeroYaExiste() en d:\Master\SVNProyecto\11-03-14\trunk\NuevoInmueblateGen\InmueblateTestCP\InmueblatePruebas\UsuarioCP_ResgistrarUsuario.feature:línea 12
</StackTrace>
        </ErrorInfo>
      </Output>
    </UnitTestResult>
    <UnitTestResult executionId="3f99d6b3-f308-456b-a7eb-c7fb73fa5170" testId="518eb9ff-7c9c-b40b-befc-dc0166e524ff" testName="ResgistrarUsuario_Nuevo" computerName="ISIDURLLL-LAP" duration="00:00:00.0051513" startTime="2014-03-11T18:58:11.3310448+01:00" endTime="2014-03-11T18:58:11.3470457+01:00" testType="13cdc9d9-ddb5-4fa4-a97d-d965ccfc6d4b" outcome="Failed" testListId="8c84fa94-04c1-424b-9868-57a2d4851a1d" relativeResultsDirectory="3f99d6b3-f308-456b-a7eb-c7fb73fa5170">
      <Output>
        <StdOut>Given El usuario "Diana" con mail "ddvc@inm.es" se quiere registrar
-&gt; done: UsuarioCP_ResgistrarUsuarioSteps.GivenElUsuarioConMailSeQuiereRegistrar("Diana", "ddvc@inm.es") (0,0s)
When lo resgitro en mi base de datos
-&gt; error: An exception occurred during configuration of persistence layer.
Then el resultado debe ser distinto de -1
-&gt; skipped because of previous errors</StdOut>
        <ErrorInfo>
          <Message>El método de prueba InmueblateTestCP.InmueblatePruebas.UsuarioCP_ResgistrarUsuarioFeature.ResgistrarUsuario_Nuevo produjo la excepción: 
NHibernate.Cfg.HibernateConfigException: An exception occurred during configuration of persistence layer. ---&gt; System.IO.FileNotFoundException: No se pudo encontrar el archivo 'D:\Master\SVNProyecto\11-03-14\trunk\NuevoInmueblateGen\TestResults\Isidurlll_ISIDURLLL-LAP 2014-03-11 18_58_06\Out\hibernate.cfg.xml'.</Message>
          <StackTrace>    en System.IO.__Error.WinIOError(Int32 errorCode, String maybeFullPath)
   en System.IO.FileStream.Init(String path, FileMode mode, FileAccess access, Int32 rights, Boolean useRights, FileShare share, Int32 bufferSize, FileOptions options, SECURITY_ATTRIBUTES secAttrs, String msgPath, Boolean bFromProxy, Boolean useLongPath, Boolean checkHost)
   en System.IO.FileStream..ctor(String path, FileMode mode, FileAccess access, FileShare share, Int32 bufferSize)
   en System.Xml.XmlDownloadManager.GetStream(Uri uri, ICredentials credentials, IWebProxy proxy, RequestCachePolicy cachePolicy)
   en System.Xml.XmlUrlResolver.GetEntity(Uri absoluteUri, String role, Type ofObjectToReturn)
   en System.Xml.XmlTextReaderImpl.OpenUrlDelegate(Object xmlResolver)
   en System.Threading.CompressedStack.runTryCode(Object userData)
   en System.Runtime.CompilerServices.RuntimeHelpers.ExecuteCodeWithGuaranteedCleanup(TryCode code, CleanupCode backoutCode, Object userData)
   en System.Threading.CompressedStack.Run(CompressedStack compressedStack, ContextCallback callback, Object state)
   en System.Xml.XmlTextReaderImpl.OpenUrl()
   en System.Xml.XmlTextReaderImpl.Read()
   en System.Xml.XmlTextReader.Read()
   en System.Xml.XmlCharCheckingReader.Read()
   en System.Xml.XsdValidatingReader.Read()
   en System.Xml.XPath.XPathDocument.LoadFromReader(XmlReader reader, XmlSpace space)
   en System.Xml.XPath.XPathDocument..ctor(XmlReader reader, XmlSpace space)
   en NHibernate.Cfg.ConfigurationSchema.HibernateConfiguration..ctor(XmlReader hbConfigurationReader, Boolean fromAppSetting)
 --- Fin del seguimiento de la pila de la excepción interna ---
    en NuevoInmueblateCP.InmueblateCP.UsuarioCP.RegistrarUsuario(String pe_nombre, String pe_apellido, String pe_nif, String pe_mail, String pe_direccion, String pe_poblacion, String pe_cp, String pe_pais, String pe_pass, String pe_urlFoto, String pe_telefono, DateTime pe_fNacimiento, TipoPrivacidadEnum pe_tipo) en D:\Master\SVNProyecto\11-03-14\trunk\NuevoInmueblateGen\NuevoInmueblateCP\InmueblateCP\UsuarioCP.cs:línea 75
   en InmueblateTestCP.InmueblatePruebas.UsuarioCP_ResgistrarUsuarioSteps.WhenLoResgitroEnMiBaseDeDatos() en D:\Master\SVNProyecto\11-03-14\trunk\NuevoInmueblateGen\InmueblateTestCP\InmueblatePruebas\UsuarioCP_ResgistrarUsuarioSteps.cs:línea 29
   en lambda_method(Closure , IContextManager )
   en TechTalk.SpecFlow.Bindings.BindingInvoker.InvokeBinding(IBinding binding, IContextManager contextManager, Object[] arguments, ITestTracer testTracer, TimeSpan&amp; duration)
   en TechTalk.SpecFlow.Infrastructure.TestExecutionEngine.ExecuteStepMatch(BindingMatch match, Object[] arguments)
   en TechTalk.SpecFlow.Infrastructure.TestExecutionEngine.ExecuteStep(StepInstance stepInstance)
   en TechTalk.SpecFlow.Infrastructure.TestExecutionEngine.OnAfterLastStep()
   en TechTalk.SpecFlow.TestRunner.CollectScenarioErrors()
   en InmueblateTestCP.InmueblatePruebas.UsuarioCP_ResgistrarUsuarioFeature.ScenarioCleanup() en D:\Master\SVNProyecto\11-03-14\trunk\NuevoInmueblateGen\InmueblateTestCP\InmueblatePruebas\UsuarioCP_ResgistrarUsuario.feature.cs:línea 0
   en InmueblateTestCP.InmueblatePruebas.UsuarioCP_ResgistrarUsuarioFeature.ResgistrarUsuario_Nuevo() en d:\Master\SVNProyecto\11-03-14\trunk\NuevoInmueblateGen\InmueblateTestCP\InmueblatePruebas\UsuarioCP_ResgistrarUsuario.feature:línea 7
</StackTrace>
        </ErrorInfo>
      </Output>
    </UnitTestResult>
    <UnitTestResult executionId="bc0f57b2-5f91-44e1-8d8b-c5a2c9a7a451" testId="5b50e441-63ef-87aa-63e8-30641e020210" testName="Rechazar_Peticion_Incorrecta2" computerName="ISIDURLLL-LAP" duration="00:00:00.0025744" startTime="2014-03-11T18:58:11.3500459+01:00" endTime="2014-03-11T18:58:11.3630466+01:00" testType="13cdc9d9-ddb5-4fa4-a97d-d965ccfc6d4b" outcome="Inconclusive" testListId="8c84fa94-04c1-424b-9868-57a2d4851a1d" relativeResultsDirectory="bc0f57b2-5f91-44e1-8d8b-c5a2c9a7a451">
      <Output>
        <StdOut>Given La peticion con id 2 a sido aceptada
-&gt; pending: UsuarioCP_AceptarPeticionAmistadSteps.GivenLaPeticionConIdASidoAceptada(2)
And El emisor no es amigo del receptor
-&gt; skipped because of previous errors
And El receptor es amigo del emisor
-&gt; skipped because of previous errors
When Registo el evento en la base de datos
-&gt; skipped because of previous errors
Then el resultado debe ser -1
-&gt; skipped because of previous errors</StdOut>
        <ErrorInfo>
          <Message>Error de Assert.Inconclusive. One or more step definitions are not implemented yet.
  UsuarioCP_AceptarPeticionAmistadSteps.GivenLaPeticionConIdASidoAceptada(2)</Message>
          <StackTrace>   en lambda_method(Closure , String , Object[] )
   en TechTalk.SpecFlow.UnitTestProvider.MsTestRuntimeProvider.TestInconclusive(String message)
   en TechTalk.SpecFlow.UnitTestProvider.MsTestRuntimeProvider.TestPending(String message)
   en TechTalk.SpecFlow.ErrorHandling.ErrorProvider.ThrowPendingError(TestStatus testStatus, String message)
   en TechTalk.SpecFlow.Infrastructure.TestExecutionEngine.OnAfterLastStep()
   en TechTalk.SpecFlow.TestRunner.CollectScenarioErrors()
   en InmueblateTestCP.InmueblatePruebas.UsuarioCP_RechazarPeticionAmistadFeature.ScenarioCleanup() en D:\Master\SVNProyecto\11-03-14\trunk\NuevoInmueblateGen\InmueblateTestCP\InmueblatePruebas\UsuarioCP_RechazarPeticionAmistad.feature.cs:línea 0
   en InmueblateTestCP.InmueblatePruebas.UsuarioCP_RechazarPeticionAmistadFeature.Rechazar_Peticion_Incorrecta2() en d:\Master\SVNProyecto\11-03-14\trunk\NuevoInmueblateGen\InmueblateTestCP\InmueblatePruebas\UsuarioCP_RechazarPeticionAmistad.feature:línea 23
</StackTrace>
        </ErrorInfo>
      </Output>
    </UnitTestResult>
    <UnitTestResult executionId="3700d8c6-eed9-4bc3-99ab-b3800ce1c9c5" testId="6951d93d-f414-3fc5-e412-43b9c41666e9" testName="Aceptar_Peticion_Correcta" computerName="ISIDURLLL-LAP" duration="00:00:00.0041523" startTime="2014-03-11T18:58:11.3650467+01:00" endTime="2014-03-11T18:58:11.3810477+01:00" testType="13cdc9d9-ddb5-4fa4-a97d-d965ccfc6d4b" outcome="Inconclusive" testListId="8c84fa94-04c1-424b-9868-57a2d4851a1d" relativeResultsDirectory="3700d8c6-eed9-4bc3-99ab-b3800ce1c9c5">
      <Output>
        <StdOut>Given La peticion con id 2 a sido aceptada
-&gt; pending: UsuarioCP_AceptarPeticionAmistadSteps.GivenLaPeticionConIdASidoAceptada(2)
And El emisor no es amigo del receptor
-&gt; skipped because of previous errors
And El receptor no es amigo del emisor
-&gt; skipped because of previous errors
When Registo el evento en la base de datos
-&gt; skipped because of previous errors
Then el resultado debe ser distinto de -1
-&gt; skipped because of previous errors</StdOut>
        <ErrorInfo>
          <Message>Error de Assert.Inconclusive. One or more step definitions are not implemented yet.
  UsuarioCP_AceptarPeticionAmistadSteps.GivenLaPeticionConIdASidoAceptada(2)</Message>
          <StackTrace>   en lambda_method(Closure , String , Object[] )
   en TechTalk.SpecFlow.UnitTestProvider.MsTestRuntimeProvider.TestInconclusive(String message)
   en TechTalk.SpecFlow.UnitTestProvider.MsTestRuntimeProvider.TestPending(String message)
   en TechTalk.SpecFlow.ErrorHandling.ErrorProvider.ThrowPendingError(TestStatus testStatus, String message)
   en TechTalk.SpecFlow.Infrastructure.TestExecutionEngine.OnAfterLastStep()
   en TechTalk.SpecFlow.TestRunner.CollectScenarioErrors()
   en InmueblateTestCP.InmueblatePruebas.UsuarioCP_AceptarPeticionAmistadFeature.ScenarioCleanup() en D:\Master\SVNProyecto\11-03-14\trunk\NuevoInmueblateGen\InmueblateTestCP\InmueblatePruebas\UsuarioCP_AceptarPeticionAmistad.feature.cs:línea 0
   en InmueblateTestCP.InmueblatePruebas.UsuarioCP_AceptarPeticionAmistadFeature.Aceptar_Peticion_Correcta() en d:\Master\SVNProyecto\11-03-14\trunk\NuevoInmueblateGen\InmueblateTestCP\InmueblatePruebas\UsuarioCP_AceptarPeticionAmistad.feature:línea 9
</StackTrace>
        </ErrorInfo>
      </Output>
    </UnitTestResult>
    <UnitTestResult executionId="2a7cd23e-df95-4163-976f-2f0c22d28225" testId="9399c62f-dfb7-3267-a92b-b94eef466f10" testName="Rechazar_Peticion_Correcta" computerName="ISIDURLLL-LAP" duration="00:00:00.0044631" startTime="2014-03-11T18:58:11.3830478+01:00" endTime="2014-03-11T18:58:11.3990487+01:00" testType="13cdc9d9-ddb5-4fa4-a97d-d965ccfc6d4b" outcome="Inconclusive" testListId="8c84fa94-04c1-424b-9868-57a2d4851a1d" relativeResultsDirectory="2a7cd23e-df95-4163-976f-2f0c22d28225">
      <Output>
        <StdOut>Given La peticion con id 2 a sido aceptada
-&gt; pending: UsuarioCP_AceptarPeticionAmistadSteps.GivenLaPeticionConIdASidoAceptada(2)
And El emisor es amigo del receptor
-&gt; skipped because of previous errors
And El receptor es amigo del emisor
-&gt; skipped because of previous errors
When Registo el evento en la base de datos
-&gt; skipped because of previous errors
Then el resultado debe ser distinto de -1
-&gt; skipped because of previous errors</StdOut>
        <ErrorInfo>
          <Message>Error de Assert.Inconclusive. One or more step definitions are not implemented yet.
  UsuarioCP_AceptarPeticionAmistadSteps.GivenLaPeticionConIdASidoAceptada(2)</Message>
          <StackTrace>   en lambda_method(Closure , String , Object[] )
   en TechTalk.SpecFlow.UnitTestProvider.MsTestRuntimeProvider.TestInconclusive(String message)
   en TechTalk.SpecFlow.UnitTestProvider.MsTestRuntimeProvider.TestPending(String message)
   en TechTalk.SpecFlow.ErrorHandling.ErrorProvider.ThrowPendingError(TestStatus testStatus, String message)
   en TechTalk.SpecFlow.Infrastructure.TestExecutionEngine.OnAfterLastStep()
   en TechTalk.SpecFlow.TestRunner.CollectScenarioErrors()
   en InmueblateTestCP.InmueblatePruebas.UsuarioCP_RechazarPeticionAmistadFeature.ScenarioCleanup() en D:\Master\SVNProyecto\11-03-14\trunk\NuevoInmueblateGen\InmueblateTestCP\InmueblatePruebas\UsuarioCP_RechazarPeticionAmistad.feature.cs:línea 0
   en InmueblateTestCP.InmueblatePruebas.UsuarioCP_RechazarPeticionAmistadFeature.Rechazar_Peticion_Correcta() en d:\Master\SVNProyecto\11-03-14\trunk\NuevoInmueblateGen\InmueblateTestCP\InmueblatePruebas\UsuarioCP_RechazarPeticionAmistad.feature:línea 9
</StackTrace>
        </ErrorInfo>
      </Output>
    </UnitTestResult>
    <UnitTestResult executionId="88fa69aa-dee6-4852-ad23-c96ef8cea6f5" testId="b0f950f9-726e-26dd-e9a2-0383d6c3889f" testName="EnviarPetcion_UsuarioAToA" computerName="ISIDURLLL-LAP" duration="00:00:00.0069755" startTime="2014-03-11T18:58:11.4010488+01:00" endTime="2014-03-11T18:58:11.4200499+01:00" testType="13cdc9d9-ddb5-4fa4-a97d-d965ccfc6d4b" outcome="Failed" testListId="8c84fa94-04c1-424b-9868-57a2d4851a1d" relativeResultsDirectory="88fa69aa-dee6-4852-ad23-c96ef8cea6f5">
      <Output>
        <StdOut>Given Usuario a con direccion: "ijsl@inm.es"
-&gt; error: Error in SuperUsuarioCAD.
And Usuario b con direccion: "ijsl@inm.es"
-&gt; skipped because of previous errors
When el Usuario a le envía la petición al Usuario b
-&gt; skipped because of previous errors
Then el resultado deberia ser 0
-&gt; skipped because of previous errors</StdOut>
        <ErrorInfo>
          <Message>El método de prueba InmueblateTestCP.InmueblatePruebas.UsuarioCP_EnviarPeticionFeature.EnviarPetcion_UsuarioAToA produjo la excepción: 
NuevoInmueblateGenNHibernate.Exceptions.DataLayerException: Error in SuperUsuarioCAD. ---&gt; NHibernate.Cfg.HibernateConfigException: An exception occurred during configuration of persistence layer. ---&gt; System.IO.FileNotFoundException: No se pudo encontrar el archivo 'D:\Master\SVNProyecto\11-03-14\trunk\NuevoInmueblateGen\TestResults\Isidurlll_ISIDURLLL-LAP 2014-03-11 18_58_06\Out\hibernate.cfg.xml'.</Message>
          <StackTrace>    en System.IO.__Error.WinIOError(Int32 errorCode, String maybeFullPath)
   en System.IO.FileStream.Init(String path, FileMode mode, FileAccess access, Int32 rights, Boolean useRights, FileShare share, Int32 bufferSize, FileOptions options, SECURITY_ATTRIBUTES secAttrs, String msgPath, Boolean bFromProxy, Boolean useLongPath, Boolean checkHost)
   en System.IO.FileStream..ctor(String path, FileMode mode, FileAccess access, FileShare share, Int32 bufferSize)
   en System.Xml.XmlDownloadManager.GetStream(Uri uri, ICredentials credentials, IWebProxy proxy, RequestCachePolicy cachePolicy)
   en System.Xml.XmlUrlResolver.GetEntity(Uri absoluteUri, String role, Type ofObjectToReturn)
   en System.Xml.XmlTextReaderImpl.OpenUrlDelegate(Object xmlResolver)
   en System.Threading.CompressedStack.runTryCode(Object userData)
   en System.Runtime.CompilerServices.RuntimeHelpers.ExecuteCodeWithGuaranteedCleanup(TryCode code, CleanupCode backoutCode, Object userData)
   en System.Threading.CompressedStack.Run(CompressedStack compressedStack, ContextCallback callback, Object state)
   en System.Xml.XmlTextReaderImpl.OpenUrl()
   en System.Xml.XmlTextReaderImpl.Read()
   en System.Xml.XmlTextReader.Read()
   en System.Xml.XmlCharCheckingReader.Read()
   en System.Xml.XsdValidatingReader.Read()
   en System.Xml.XPath.XPathDocument.LoadFromReader(XmlReader reader, XmlSpace space)
   en System.Xml.XPath.XPathDocument..ctor(XmlReader reader, XmlSpace space)
   en NHibernate.Cfg.ConfigurationSchema.HibernateConfiguration..ctor(XmlReader hbConfigurationReader, Boolean fromAppSetting)
 --- Fin del seguimiento de la pila de la excepción interna ---
    en NHibernate.Cfg.ConfigurationSchema.HibernateConfiguration..ctor(XmlReader hbConfigurationReader, Boolean fromAppSetting)
   en NHibernate.Cfg.Configuration.Configure(XmlReader textReader)
   en NHibernate.Cfg.Configuration.Configure(String fileName, Boolean ignoreSessionFactoryConfig)
   en NHibernate.Cfg.Configuration.Configure()
   en NuevoInmueblateGenNHibernate.CAD.RedSocial.NHibernateHelper.get_SessionFactory() en D:\Master\SVNProyecto\11-03-14\trunk\NuevoInmueblateGen\NuevoInmueblateGenNHibernate\NHibernateHelper.cs:línea 24
   en NuevoInmueblateGenNHibernate.CAD.RedSocial.NHibernateHelper.OpenSession() en D:\Master\SVNProyecto\11-03-14\trunk\NuevoInmueblateGen\NuevoInmueblateGenNHibernate\NHibernateHelper.cs:línea 35
   en NuevoInmueblateGenNHibernate.CAD.RedSocial.BasicCAD.SessionInitializeTransaction() en D:\Master\SVNProyecto\11-03-14\trunk\NuevoInmueblateGen\NuevoInmueblateGenNHibernate\CAD\BasicCAD.cs:línea 32
   en NuevoInmueblateGenNHibernate.CAD.RedSocial.SuperUsuarioCAD.ObtenerUsuarioPorEmail(String pe_email) en D:\Master\SVNProyecto\11-03-14\trunk\NuevoInmueblateGen\NuevoInmueblateGenNHibernate\CAD\RedSocial\SuperUsuarioCAD.cs:línea 242
 --- Fin del seguimiento de la pila de la excepción interna ---
    en NuevoInmueblateGenNHibernate.CAD.RedSocial.SuperUsuarioCAD.ObtenerUsuarioPorEmail(String pe_email) en D:\Master\SVNProyecto\11-03-14\trunk\NuevoInmueblateGen\NuevoInmueblateGenNHibernate\CAD\RedSocial\SuperUsuarioCAD.cs:línea 257
   en NuevoInmueblateGenNHibernate.CEN.RedSocial.SuperUsuarioCEN.ObtenerUsuarioPorEmail(String pe_email) en D:\Master\SVNProyecto\11-03-14\trunk\NuevoInmueblateGen\NuevoInmueblateGenNHibernate\CEN\RedSocial\SuperUsuarioCEN.cs:línea 63
   en InmueblateTestCP.InmueblatePruebas.UsuarioCP_EnviarPeticionSteps.GivenUsuarioAConDireccion(String pe_mail) en D:\Master\SVNProyecto\11-03-14\trunk\NuevoInmueblateGen\InmueblateTestCP\InmueblatePruebas\UsuarioCP_EnviarPeticionSteps.cs:línea 24
   en lambda_method(Closure , IContextManager , String )
   en TechTalk.SpecFlow.Bindings.BindingInvoker.InvokeBinding(IBinding binding, IContextManager contextManager, Object[] arguments, ITestTracer testTracer, TimeSpan&amp; duration)
   en TechTalk.SpecFlow.Infrastructure.TestExecutionEngine.ExecuteStepMatch(BindingMatch match, Object[] arguments)
   en TechTalk.SpecFlow.Infrastructure.TestExecutionEngine.ExecuteStep(StepInstance stepInstance)
   en TechTalk.SpecFlow.Infrastructure.TestExecutionEngine.OnAfterLastStep()
   en TechTalk.SpecFlow.TestRunner.CollectScenarioErrors()
   en InmueblateTestCP.InmueblatePruebas.UsuarioCP_EnviarPeticionFeature.ScenarioCleanup() en D:\Master\SVNProyecto\11-03-14\trunk\NuevoInmueblateGen\InmueblateTestCP\InmueblatePruebas\UsuarioCP_EnviarPeticion.feature.cs:línea 0
   en InmueblateTestCP.InmueblatePruebas.UsuarioCP_EnviarPeticionFeature.EnviarPetcion_UsuarioAToA() en d:\Master\SVNProyecto\11-03-14\trunk\NuevoInmueblateGen\InmueblateTestCP\InmueblatePruebas\UsuarioCP_EnviarPeticion.feature:línea 14
</StackTrace>
        </ErrorInfo>
      </Output>
    </UnitTestResult>
    <UnitTestResult executionId="4891abfc-f53a-414b-96ee-03adafe52473" testId="db9255f2-fa2c-71cd-8d2e-3a49670c6bd6" testName="ObtenerAnunciosRandom_Obtener5Anuncios" computerName="ISIDURLLL-LAP" duration="00:00:00.0122503" startTime="2014-03-11T18:58:11.4220500+01:00" endTime="2014-03-11T18:58:11.4480515+01:00" testType="13cdc9d9-ddb5-4fa4-a97d-d965ccfc6d4b" outcome="Failed" testListId="8c84fa94-04c1-424b-9868-57a2d4851a1d" relativeResultsDirectory="4891abfc-f53a-414b-96ee-03adafe52473">
      <Output>
        <StdOut>Given quiero 5 anuncios aleatorios
-&gt; done: AnuncioCEN_ObtenerAnunciosRandomSteps.GivenQuieroAnunciosAleatorios(5) (0,0s)
When busco mis anuncios
-&gt; error: Error in AnuncioCAD.
Then deberia otener 5 anuncios
-&gt; skipped because of previous errors</StdOut>
        <ErrorInfo>
          <Message>El método de prueba NuevoInmueblateTestCustom.NuevoInmueblatePruebas.AnuncioCEN_ObtenerAnunciosRandomFeature.ObtenerAnunciosRandom_Obtener5Anuncios produjo la excepción: 
NuevoInmueblateGenNHibernate.Exceptions.DataLayerException: Error in AnuncioCAD. ---&gt; NHibernate.Cfg.HibernateConfigException: An exception occurred during configuration of persistence layer. ---&gt; System.IO.FileNotFoundException: No se pudo encontrar el archivo 'D:\Master\SVNProyecto\11-03-14\trunk\NuevoInmueblateGen\TestResults\Isidurlll_ISIDURLLL-LAP 2014-03-11 18_58_06\Out\hibernate.cfg.xml'.</Message>
          <StackTrace>    en System.IO.__Error.WinIOError(Int32 errorCode, String maybeFullPath)
   en System.IO.FileStream.Init(String path, FileMode mode, FileAccess access, Int32 rights, Boolean useRights, FileShare share, Int32 bufferSize, FileOptions options, SECURITY_ATTRIBUTES secAttrs, String msgPath, Boolean bFromProxy, Boolean useLongPath, Boolean checkHost)
   en System.IO.FileStream..ctor(String path, FileMode mode, FileAccess access, FileShare share, Int32 bufferSize)
   en System.Xml.XmlDownloadManager.GetStream(Uri uri, ICredentials credentials, IWebProxy proxy, RequestCachePolicy cachePolicy)
   en System.Xml.XmlUrlResolver.GetEntity(Uri absoluteUri, String role, Type ofObjectToReturn)
   en System.Xml.XmlTextReaderImpl.OpenUrlDelegate(Object xmlResolver)
   en System.Threading.CompressedStack.runTryCode(Object userData)
   en System.Runtime.CompilerServices.RuntimeHelpers.ExecuteCodeWithGuaranteedCleanup(TryCode code, CleanupCode backoutCode, Object userData)
   en System.Threading.CompressedStack.Run(CompressedStack compressedStack, ContextCallback callback, Object state)
   en System.Xml.XmlTextReaderImpl.OpenUrl()
   en System.Xml.XmlTextReaderImpl.Read()
   en System.Xml.XmlTextReader.Read()
   en System.Xml.XmlCharCheckingReader.Read()
   en System.Xml.XsdValidatingReader.Read()
   en System.Xml.XPath.XPathDocument.LoadFromReader(XmlReader reader, XmlSpace space)
   en System.Xml.XPath.XPathDocument..ctor(XmlReader reader, XmlSpace space)
   en NHibernate.Cfg.ConfigurationSchema.HibernateConfiguration..ctor(XmlReader hbConfigurationReader, Boolean fromAppSetting)
 --- Fin del seguimiento de la pila de la excepción interna ---
    en NHibernate.Cfg.ConfigurationSchema.HibernateConfiguration..ctor(XmlReader hbConfigurationReader, Boolean fromAppSetting)
   en NHibernate.Cfg.Configuration.Configure(XmlReader textReader)
   en NHibernate.Cfg.Configuration.Configure(String fileName, Boolean ignoreSessionFactoryConfig)
   en NHibernate.Cfg.Configuration.Configure()
   en NuevoInmueblateGenNHibernate.CAD.RedSocial.NHibernateHelper.get_SessionFactory() en D:\Master\SVNProyecto\11-03-14\trunk\NuevoInmueblateGen\NuevoInmueblateGenNHibernate\NHibernateHelper.cs:línea 24
   en NuevoInmueblateGenNHibernate.CAD.RedSocial.NHibernateHelper.OpenSession() en D:\Master\SVNProyecto\11-03-14\trunk\NuevoInmueblateGen\NuevoInmueblateGenNHibernate\NHibernateHelper.cs:línea 35
   en NuevoInmueblateGenNHibernate.CAD.RedSocial.BasicCAD.SessionInitializeTransaction() en D:\Master\SVNProyecto\11-03-14\trunk\NuevoInmueblateGen\NuevoInmueblateGenNHibernate\CAD\BasicCAD.cs:línea 32
   en NuevoInmueblateGenNHibernate.CAD.RedSocial.AnuncioCAD.DameTodosLosAnuncios(Int32 first, Int32 size) en D:\Master\SVNProyecto\11-03-14\trunk\NuevoInmueblateGen\NuevoInmueblateGenNHibernate\CAD\RedSocial\AnuncioCAD.cs:línea 147
 --- Fin del seguimiento de la pila de la excepción interna ---
    en NuevoInmueblateGenNHibernate.CAD.RedSocial.AnuncioCAD.DameTodosLosAnuncios(Int32 first, Int32 size) en D:\Master\SVNProyecto\11-03-14\trunk\NuevoInmueblateGen\NuevoInmueblateGenNHibernate\CAD\RedSocial\AnuncioCAD.cs:línea 160
   en NuevoInmueblateGenNHibernate.CEN.RedSocial.AnuncioCEN.DameTodosLosAnuncios(Int32 first, Int32 size) en D:\Master\SVNProyecto\11-03-14\trunk\NuevoInmueblateGen\NuevoInmueblateGenNHibernate\CEN\RedSocial\AnuncioCEN_DameTodosLosAnuncios.cs:línea 23
   en NuevoInmueblateGenNHibernate.CEN.RedSocial.AnuncioCEN.ObtenerAnunciosRandom(Int32 pe_numero) en D:\Master\SVNProyecto\11-03-14\trunk\NuevoInmueblateGen\NuevoInmueblateGenNHibernate\CEN\RedSocial\AnuncioCEN_ObtenerAnunciosRandom.cs:línea 25
   en NuevoInmueblateTestCustom.NuevoInmueblatePruebas.AnuncioCEN_ObtenerAnunciosRandomSteps.WhenBuscoMisAnuncios() en D:\Master\SVNProyecto\11-03-14\trunk\NuevoInmueblateGen\NuevoInmueblateTestCustom\NuevoInmueblatePruebas\AnuncioCEN_ObtenerAnunciosRandomSteps.cs:línea 29
   en lambda_method(Closure , IContextManager )
   en TechTalk.SpecFlow.Bindings.BindingInvoker.InvokeBinding(IBinding binding, IContextManager contextManager, Object[] arguments, ITestTracer testTracer, TimeSpan&amp; duration)
   en TechTalk.SpecFlow.Infrastructure.TestExecutionEngine.ExecuteStepMatch(BindingMatch match, Object[] arguments)
   en TechTalk.SpecFlow.Infrastructure.TestExecutionEngine.ExecuteStep(StepInstance stepInstance)
   en TechTalk.SpecFlow.Infrastructure.TestExecutionEngine.OnAfterLastStep()
   en TechTalk.SpecFlow.TestRunner.CollectScenarioErrors()
   en NuevoInmueblateTestCustom.NuevoInmueblatePruebas.AnuncioCEN_ObtenerAnunciosRandomFeature.ScenarioCleanup() en D:\Master\SVNProyecto\11-03-14\trunk\NuevoInmueblateGen\NuevoInmueblateTestCustom\NuevoInmueblatePruebas\AnuncioCEN_ObtenerAnunciosRandom.feature.cs:línea 0
   en NuevoInmueblateTestCustom.NuevoInmueblatePruebas.AnuncioCEN_ObtenerAnunciosRandomFeature.ObtenerAnunciosRandom_Obtener5Anuncios() en d:\Master\SVNProyecto\11-03-14\trunk\NuevoInmueblateGen\NuevoInmueblateTestCustom\NuevoInmueblatePruebas\AnuncioCEN_ObtenerAnunciosRandom.feature:línea 7
</StackTrace>
        </ErrorInfo>
      </Output>
    </UnitTestResult>
    <UnitTestResult executionId="a26ea4e1-2f73-4ef5-842e-1b5d59268828" testId="dc60f9ef-ccae-5e87-5821-861d849908d4" testName="Aceptar_Peticion_Incorrecta3" computerName="ISIDURLLL-LAP" duration="00:00:00.0029767" startTime="2014-03-11T18:58:11.4530518+01:00" endTime="2014-03-11T18:58:11.4610522+01:00" testType="13cdc9d9-ddb5-4fa4-a97d-d965ccfc6d4b" outcome="Inconclusive" testListId="8c84fa94-04c1-424b-9868-57a2d4851a1d" relativeResultsDirectory="a26ea4e1-2f73-4ef5-842e-1b5d59268828">
      <Output>
        <StdOut>Given La peticion con id 2 a sido aceptada
-&gt; pending: UsuarioCP_AceptarPeticionAmistadSteps.GivenLaPeticionConIdASidoAceptada(2)
And El emisor no es amigo del receptor
-&gt; skipped because of previous errors
And El receptor no es amigo del emisor
-&gt; skipped because of previous errors
When Registo el evento en la base de datos
-&gt; skipped because of previous errors
Then el resultado debe ser -1
-&gt; skipped because of previous errors</StdOut>
        <ErrorInfo>
          <Message>Error de Assert.Inconclusive. One or more step definitions are not implemented yet.
  UsuarioCP_AceptarPeticionAmistadSteps.GivenLaPeticionConIdASidoAceptada(2)</Message>
          <StackTrace>   en lambda_method(Closure , String , Object[] )
   en TechTalk.SpecFlow.UnitTestProvider.MsTestRuntimeProvider.TestInconclusive(String message)
   en TechTalk.SpecFlow.UnitTestProvider.MsTestRuntimeProvider.TestPending(String message)
   en TechTalk.SpecFlow.ErrorHandling.ErrorProvider.ThrowPendingError(TestStatus testStatus, String message)
   en TechTalk.SpecFlow.Infrastructure.TestExecutionEngine.OnAfterLastStep()
   en TechTalk.SpecFlow.TestRunner.CollectScenarioErrors()
   en InmueblateTestCP.InmueblatePruebas.UsuarioCP_RechazarPeticionAmistadFeature.ScenarioCleanup() en D:\Master\SVNProyecto\11-03-14\trunk\NuevoInmueblateGen\InmueblateTestCP\InmueblatePruebas\UsuarioCP_RechazarPeticionAmistad.feature.cs:línea 0
   en InmueblateTestCP.InmueblatePruebas.UsuarioCP_RechazarPeticionAmistadFeature.Aceptar_Peticion_Incorrecta3() en d:\Master\SVNProyecto\11-03-14\trunk\NuevoInmueblateGen\InmueblateTestCP\InmueblatePruebas\UsuarioCP_RechazarPeticionAmistad.feature:línea 30
</StackTrace>
        </ErrorInfo>
      </Output>
    </UnitTestResult>
    <UnitTestResult executionId="be37dc47-5744-4e97-806c-d8866479bf55" testId="dcea4d4c-3b4c-f245-c9ec-997ef13bfb01" testName="Aceptar_Peticion_Incorrecta2" computerName="ISIDURLLL-LAP" duration="00:00:00.0041175" startTime="2014-03-11T18:58:11.4630523+01:00" endTime="2014-03-11T18:58:11.4790533+01:00" testType="13cdc9d9-ddb5-4fa4-a97d-d965ccfc6d4b" outcome="Inconclusive" testListId="8c84fa94-04c1-424b-9868-57a2d4851a1d" relativeResultsDirectory="be37dc47-5744-4e97-806c-d8866479bf55">
      <Output>
        <StdOut>Given La peticion con id 2 a sido aceptada
-&gt; pending: UsuarioCP_AceptarPeticionAmistadSteps.GivenLaPeticionConIdASidoAceptada(2)
And El emisor no es amigo del receptor
-&gt; skipped because of previous errors
And El receptor es amigo del emisor
-&gt; skipped because of previous errors
When Registo el evento en la base de datos
-&gt; skipped because of previous errors
Then el resultado debe ser -1
-&gt; skipped because of previous errors</StdOut>
        <ErrorInfo>
          <Message>Error de Assert.Inconclusive. One or more step definitions are not implemented yet.
  UsuarioCP_AceptarPeticionAmistadSteps.GivenLaPeticionConIdASidoAceptada(2)</Message>
          <StackTrace>   en lambda_method(Closure , String , Object[] )
   en TechTalk.SpecFlow.UnitTestProvider.MsTestRuntimeProvider.TestInconclusive(String message)
   en TechTalk.SpecFlow.UnitTestProvider.MsTestRuntimeProvider.TestPending(String message)
   en TechTalk.SpecFlow.ErrorHandling.ErrorProvider.ThrowPendingError(TestStatus testStatus, String message)
   en TechTalk.SpecFlow.Infrastructure.TestExecutionEngine.OnAfterLastStep()
   en TechTalk.SpecFlow.TestRunner.CollectScenarioErrors()
   en InmueblateTestCP.InmueblatePruebas.UsuarioCP_AceptarPeticionAmistadFeature.ScenarioCleanup() en D:\Master\SVNProyecto\11-03-14\trunk\NuevoInmueblateGen\InmueblateTestCP\InmueblatePruebas\UsuarioCP_AceptarPeticionAmistad.feature.cs:línea 0
   en InmueblateTestCP.InmueblatePruebas.UsuarioCP_AceptarPeticionAmistadFeature.Aceptar_Peticion_Incorrecta2() en d:\Master\SVNProyecto\11-03-14\trunk\NuevoInmueblateGen\InmueblateTestCP\InmueblatePruebas\UsuarioCP_AceptarPeticionAmistad.feature:línea 23
</StackTrace>
        </ErrorInfo>
      </Output>
    </UnitTestResult>
    <UnitTestResult executionId="b74ff190-9dd2-4802-b315-5af044628809" testId="ea4b81a9-1664-4046-9b10-00e87cb982e5" testName="Login_LogeoComoUsuario" computerName="ISIDURLLL-LAP" duration="00:00:00.0056853" startTime="2014-03-11T18:58:11.4820534+01:00" endTime="2014-03-11T18:58:11.4990544+01:00" testType="13cdc9d9-ddb5-4fa4-a97d-d965ccfc6d4b" outcome="Failed" testListId="8c84fa94-04c1-424b-9868-57a2d4851a1d" relativeResultsDirectory="b74ff190-9dd2-4802-b315-5af044628809">
      <Output>
        <StdOut>Given Un usuario con email "ijsl@inm.es" y contraseña "ijsl"
-&gt; done: SuperUsuarioCEN_LoginSteps.GivenUnUsuarioConEmailYContrasena("ijsl@inm.es", "ijsl") (0,0s)
When quiero logearme en la red social como "Usuario"
-&gt; error: Error in SuperUsuarioCAD.
Then debo logearme como usuario y devolver 3
-&gt; skipped because of previous errors</StdOut>
        <ErrorInfo>
          <Message>El método de prueba NuevoInmueblateTestCustom.NuevoInmueblatePruebas.SuperUsuarioCEN_LoginFeature.Login_LogeoComoUsuario produjo la excepción: 
NuevoInmueblateGenNHibernate.Exceptions.DataLayerException: Error in SuperUsuarioCAD. ---&gt; NHibernate.Cfg.HibernateConfigException: An exception occurred during configuration of persistence layer. ---&gt; System.IO.FileNotFoundException: No se pudo encontrar el archivo 'D:\Master\SVNProyecto\11-03-14\trunk\NuevoInmueblateGen\TestResults\Isidurlll_ISIDURLLL-LAP 2014-03-11 18_58_06\Out\hibernate.cfg.xml'.</Message>
          <StackTrace>    en System.IO.__Error.WinIOError(Int32 errorCode, String maybeFullPath)
   en System.IO.FileStream.Init(String path, FileMode mode, FileAccess access, Int32 rights, Boolean useRights, FileShare share, Int32 bufferSize, FileOptions options, SECURITY_ATTRIBUTES secAttrs, String msgPath, Boolean bFromProxy, Boolean useLongPath, Boolean checkHost)
   en System.IO.FileStream..ctor(String path, FileMode mode, FileAccess access, FileShare share, Int32 bufferSize)
   en System.Xml.XmlDownloadManager.GetStream(Uri uri, ICredentials credentials, IWebProxy proxy, RequestCachePolicy cachePolicy)
   en System.Xml.XmlUrlResolver.GetEntity(Uri absoluteUri, String role, Type ofObjectToReturn)
   en System.Xml.XmlTextReaderImpl.OpenUrlDelegate(Object xmlResolver)
   en System.Threading.CompressedStack.runTryCode(Object userData)
   en System.Runtime.CompilerServices.RuntimeHelpers.ExecuteCodeWithGuaranteedCleanup(TryCode code, CleanupCode backoutCode, Object userData)
   en System.Threading.CompressedStack.Run(CompressedStack compressedStack, ContextCallback callback, Object state)
   en System.Xml.XmlTextReaderImpl.OpenUrl()
   en System.Xml.XmlTextReaderImpl.Read()
   en System.Xml.XmlTextReader.Read()
   en System.Xml.XmlCharCheckingReader.Read()
   en System.Xml.XsdValidatingReader.Read()
   en System.Xml.XPath.XPathDocument.LoadFromReader(XmlReader reader, XmlSpace space)
   en System.Xml.XPath.XPathDocument..ctor(XmlReader reader, XmlSpace space)
   en NHibernate.Cfg.ConfigurationSchema.HibernateConfiguration..ctor(XmlReader hbConfigurationReader, Boolean fromAppSetting)
 --- Fin del seguimiento de la pila de la excepción interna ---
    en NHibernate.Cfg.ConfigurationSchema.HibernateConfiguration..ctor(XmlReader hbConfigurationReader, Boolean fromAppSetting)
   en NHibernate.Cfg.Configuration.Configure(XmlReader textReader)
   en NHibernate.Cfg.Configuration.Configure(String fileName, Boolean ignoreSessionFactoryConfig)
   en NHibernate.Cfg.Configuration.Configure()
   en NuevoInmueblateGenNHibernate.CAD.RedSocial.NHibernateHelper.get_SessionFactory() en D:\Master\SVNProyecto\11-03-14\trunk\NuevoInmueblateGen\NuevoInmueblateGenNHibernate\NHibernateHelper.cs:línea 24
   en NuevoInmueblateGenNHibernate.CAD.RedSocial.NHibernateHelper.OpenSession() en D:\Master\SVNProyecto\11-03-14\trunk\NuevoInmueblateGen\NuevoInmueblateGenNHibernate\NHibernateHelper.cs:línea 35
   en NuevoInmueblateGenNHibernate.CAD.RedSocial.BasicCAD.SessionInitializeTransaction() en D:\Master\SVNProyecto\11-03-14\trunk\NuevoInmueblateGen\NuevoInmueblateGenNHibernate\CAD\BasicCAD.cs:línea 32
   en NuevoInmueblateGenNHibernate.CAD.RedSocial.SuperUsuarioCAD.ObtenerUsuarioPorEmail(String pe_email) en D:\Master\SVNProyecto\11-03-14\trunk\NuevoInmueblateGen\NuevoInmueblateGenNHibernate\CAD\RedSocial\SuperUsuarioCAD.cs:línea 242
 --- Fin del seguimiento de la pila de la excepción interna ---
    en NuevoInmueblateGenNHibernate.CAD.RedSocial.SuperUsuarioCAD.ObtenerUsuarioPorEmail(String pe_email) en D:\Master\SVNProyecto\11-03-14\trunk\NuevoInmueblateGen\NuevoInmueblateGenNHibernate\CAD\RedSocial\SuperUsuarioCAD.cs:línea 257
   en NuevoInmueblateGenNHibernate.CEN.RedSocial.SuperUsuarioCEN.ObtenerUsuarioPorEmail(String pe_email) en D:\Master\SVNProyecto\11-03-14\trunk\NuevoInmueblateGen\NuevoInmueblateGenNHibernate\CEN\RedSocial\SuperUsuarioCEN.cs:línea 63
   en NuevoInmueblateGenNHibernate.CEN.RedSocial.SuperUsuarioCEN.Login(Int32 p_oid, String p_email, String p_pass) en D:\Master\SVNProyecto\11-03-14\trunk\NuevoInmueblateGen\NuevoInmueblateGenNHibernate\CEN\RedSocial\SuperUsuarioCEN_Login.cs:línea 30
   en NuevoInmueblateTestCustom.NuevoInmueblatePruebas.SuperUsuarioCEN_LoginSteps.WhenQuieroLogearmeEnLaRedSocialComo(String tipo) en D:\Master\SVNProyecto\11-03-14\trunk\NuevoInmueblateGen\NuevoInmueblateTestCustom\NuevoInmueblatePruebas\SuperUsuarioCEN_LoginSteps.cs:línea 45
   en lambda_method(Closure , IContextManager , String )
   en TechTalk.SpecFlow.Bindings.BindingInvoker.InvokeBinding(IBinding binding, IContextManager contextManager, Object[] arguments, ITestTracer testTracer, TimeSpan&amp; duration)
   en TechTalk.SpecFlow.Infrastructure.TestExecutionEngine.ExecuteStepMatch(BindingMatch match, Object[] arguments)
   en TechTalk.SpecFlow.Infrastructure.TestExecutionEngine.ExecuteStep(StepInstance stepInstance)
   en TechTalk.SpecFlow.Infrastructure.TestExecutionEngine.OnAfterLastStep()
   en TechTalk.SpecFlow.TestRunner.CollectScenarioErrors()
   en NuevoInmueblateTestCustom.NuevoInmueblatePruebas.SuperUsuarioCEN_LoginFeature.ScenarioCleanup() en D:\Master\SVNProyecto\11-03-14\trunk\NuevoInmueblateGen\NuevoInmueblateTestCustom\NuevoInmueblatePruebas\SuperUsuarioCEN_Login.feature.cs:línea 0
   en NuevoInmueblateTestCustom.NuevoInmueblatePruebas.SuperUsuarioCEN_LoginFeature.Login_LogeoComoUsuario() en d:\Master\SVNProyecto\11-03-14\trunk\NuevoInmueblateGen\NuevoInmueblateTestCustom\NuevoInmueblatePruebas\SuperUsuarioCEN_Login.feature:línea 17
</StackTrace>
        </ErrorInfo>
      </Output>
    </UnitTestResult>
    <UnitTestResult executionId="d177ec5b-3c38-4662-8267-c35ae9e47167" testId="f65e809a-8a70-bb0b-7adc-b5578c726787" testName="Aceptar_Peticion_Incorrecta3" computerName="ISIDURLLL-LAP" duration="00:00:00.0035882" startTime="2014-03-11T18:58:11.5010545+01:00" endTime="2014-03-11T18:58:11.5170554+01:00" testType="13cdc9d9-ddb5-4fa4-a97d-d965ccfc6d4b" outcome="Inconclusive" testListId="8c84fa94-04c1-424b-9868-57a2d4851a1d" relativeResultsDirectory="d177ec5b-3c38-4662-8267-c35ae9e47167">
      <Output>
        <StdOut>Given La peticion con id 2 a sido aceptada
-&gt; pending: UsuarioCP_AceptarPeticionAmistadSteps.GivenLaPeticionConIdASidoAceptada(2)
And El emisor es amigo del receptor
-&gt; skipped because of previous errors
And El receptor es amigo del emisor
-&gt; skipped because of previous errors
When Registo el evento en la base de datos
-&gt; skipped because of previous errors
Then el resultado debe ser -1
-&gt; skipped because of previous errors</StdOut>
        <ErrorInfo>
          <Message>Error de Assert.Inconclusive. One or more step definitions are not implemented yet.
  UsuarioCP_AceptarPeticionAmistadSteps.GivenLaPeticionConIdASidoAceptada(2)</Message>
          <StackTrace>   en lambda_method(Closure , String , Object[] )
   en TechTalk.SpecFlow.UnitTestProvider.MsTestRuntimeProvider.TestInconclusive(String message)
   en TechTalk.SpecFlow.UnitTestProvider.MsTestRuntimeProvider.TestPending(String message)
   en TechTalk.SpecFlow.ErrorHandling.ErrorProvider.ThrowPendingError(TestStatus testStatus, String message)
   en TechTalk.SpecFlow.Infrastructure.TestExecutionEngine.OnAfterLastStep()
   en TechTalk.SpecFlow.TestRunner.CollectScenarioErrors()
   en InmueblateTestCP.InmueblatePruebas.UsuarioCP_AceptarPeticionAmistadFeature.ScenarioCleanup() en D:\Master\SVNProyecto\11-03-14\trunk\NuevoInmueblateGen\InmueblateTestCP\InmueblatePruebas\UsuarioCP_AceptarPeticionAmistad.feature.cs:línea 0
   en InmueblateTestCP.InmueblatePruebas.UsuarioCP_AceptarPeticionAmistadFeature.Aceptar_Peticion_Incorrecta3() en d:\Master\SVNProyecto\11-03-14\trunk\NuevoInmueblateGen\InmueblateTestCP\InmueblatePruebas\UsuarioCP_AceptarPeticionAmistad.feature:línea 30
</StackTrace>
        </ErrorInfo>
      </Output>
    </UnitTestResult>
  </Results>
</TestRun>