<?xml version="1.0" encoding="UTF-8"?>
<TestRun id="b8bf5727-c535-4dc8-a5f2-1d9fdb754f7e" name="Isidurlll@ISIDURLLL-LAP 2014-03-09 17:06:29" runUser="Isidurlll-Lap\Isidurlll" xmlns="http://microsoft.com/schemas/VisualStudio/TeamTest/2010">
  <TestSettings name="Local" id="1cc17540-264b-4f0b-824a-de0046a06e2c">
    <Description>Esta es la configuración de pruebas predeterminada para una ejecución de pruebas local.</Description>
    <Deployment enabled="false" runDeploymentRoot="Isidurlll_ISIDURLLL-LAP 2014-03-09 17_06_29">
      <DeploymentItem filename="D:\Master\SVNProyecto\08-03-14\trunk\NuevoInmueblateGen\NuevoInmueblateGenNHibernate\bin\Debug\Castle.DynamicProxy2.dll" />
      <DeploymentItem filename="D:\Master\SVNProyecto\08-03-14\trunk\NuevoInmueblateGen\InitializeDB\bin\Debug\NHibernate.ByteCode.LinFu.dll" />
      <DeploymentItem filename="D:\Master\SVNProyecto\08-03-14\trunk\NuevoInmueblateGen\NuevoInmueblateGenNHibernate\bin\Debug\LinFu.DynamicProxy.dll" />
      <DeploymentItem filename="D:\Master\SVNProyecto\08-03-14\trunk\NuevoInmueblateGen\packages\NUnit.2.6.3\lib\nunit.framework.dll" />
      <DeploymentItem filename="D:\Master\SVNProyecto\08-03-14\trunk\NuevoInmueblateGen\InitializeDB\bin\Debug\LinFu.DynamicProxy.dll" />
      <DeploymentItem filename="D:\Master\SVNProyecto\08-03-14\trunk\NuevoInmueblateGen\InitializeDB\bin\Debug\log4net.dll" />
      <DeploymentItem filename="D:\Master\SVNProyecto\08-03-14\trunk\NuevoInmueblateGen\packages\Moq.4.2.1312.1622\lib\net40\Moq.dll" />
      <DeploymentItem filename="D:\Master\SVNProyecto\08-03-14\trunk\NuevoInmueblateGen\NuevoInmueblateGenNHibernate\bin\Debug\Iesi.Collections.dll" />
      <DeploymentItem filename="D:\Master\SVNProyecto\08-03-14\trunk\NuevoInmueblateGen\InitializeDB\bin\Debug\Iesi.Collections.dll" />
      <DeploymentItem filename="D:\Master\SVNProyecto\08-03-14\trunk\NuevoInmueblateGen\InitializeDB\bin\Debug\NHibernate.dll" />
      <DeploymentItem filename="D:\Master\SVNProyecto\08-03-14\trunk\NuevoInmueblateGen\NuevoInmueblateGenNHibernate\bin\Debug\NHibernate.dll" />
      <DeploymentItem filename="D:\Master\SVNProyecto\08-03-14\trunk\NuevoInmueblateGen\NuevoInmueblateGenNHibernate\bin\Debug\NHibernate.ByteCode.LinFu.dll" />
      <DeploymentItem filename="D:\Master\SVNProyecto\08-03-14\trunk\NuevoInmueblateGen\NuevoInmueblateGenNHibernate\bin\Debug\log4net.dll" />
      <DeploymentItem filename="D:\Master\SVNProyecto\08-03-14\trunk\NuevoInmueblateGen\NuevoInmueblateCP\bin\Debug\NuevoInmueblateCP.dll" />
      <DeploymentItem filename="D:\Master\SVNProyecto\08-03-14\trunk\NuevoInmueblateGen\NuevoInmueblateGenNHibernate\bin\Debug\NuevoInmueblateGenNHibernate.dll" />
      <DeploymentItem filename="D:\Master\SVNProyecto\08-03-14\trunk\NuevoInmueblateGen\InitializeDB\bin\Debug\Antlr3.Runtime.dll" />
      <DeploymentItem filename="D:\Master\SVNProyecto\08-03-14\trunk\NuevoInmueblateGen\InitializeDB\bin\Debug\NHibernate.ByteCode.Castle.dll" />
      <DeploymentItem filename="D:\Master\SVNProyecto\08-03-14\trunk\NuevoInmueblateGen\NuevoInmueblateGenNHibernate\bin\Debug\NHibernate.ByteCode.Castle.dll" />
      <DeploymentItem filename="D:\Master\SVNProyecto\08-03-14\trunk\NuevoInmueblateGen\NuevoInmueblateGenNHibernate\bin\Debug\Antlr3.Runtime.dll" />
      <DeploymentItem filename="D:\Master\SVNProyecto\08-03-14\trunk\NuevoInmueblateGen\InitializeDB\bin\Debug\nunit.core.dll" />
      <DeploymentItem filename="D:\Master\SVNProyecto\08-03-14\trunk\NuevoInmueblateGen\InitializeDB\bin\Debug\Castle.DynamicProxy2.dll" />
      <DeploymentItem filename="D:\Master\SVNProyecto\08-03-14\trunk\NuevoInmueblateGen\packages\SpecFlow.1.9.0\lib\net35\TechTalk.SpecFlow.dll" />
    </Deployment>
    <Execution>
      <TestTypeSpecific />
      <AgentRule name="Execution Agents">
      </AgentRule>
    </Execution>
  </TestSettings>
  <Times creation="2014-03-09T17:06:29.4067175+01:00" queuing="2014-03-09T17:06:29.5447254+01:00" start="2014-03-09T17:06:29.5607263+01:00" finish="2014-03-09T17:06:38.0082095+01:00" />
  <ResultSummary outcome="Failed">
    <Counters total="7" executed="7" passed="6" error="0" failed="1" timeout="0" aborted="0" inconclusive="0" passedButRunAborted="0" notRunnable="0" notExecuted="0" disconnected="0" warning="0" completed="0" inProgress="0" pending="0" />
  </ResultSummary>
  <TestDefinitions>
    <UnitTest name="CreoUnNuevoUsuarioExistente" storage="d:\master\svnproyecto\08-03-14\trunk\nuevoinmueblategen\inmueblatetestcp\bin\debug\inmueblatetestcp.dll" id="b2d6d91a-304a-bf16-b980-e646a672b899">
      <Description>Creo un nuevo usuario Existente</Description>
      <Execution id="c603e352-8396-4a5c-91b7-606c509f5695" />
      <Properties>
        <Property>
          <Key>FeatureTitle</Key>
          <Value>UsuarioCP_ResgistrarUsuario</Value>
        </Property>
      </Properties>
      <TestMethod codeBase="D:/Master/SVNProyecto/08-03-14/trunk/NuevoInmueblateGen/InmueblateTestCP/bin/Debug/InmueblateTestCP.DLL" adapterTypeName="Microsoft.VisualStudio.TestTools.TestTypes.Unit.UnitTestAdapter, Microsoft.VisualStudio.QualityTools.Tips.UnitTest.Adapter, Version=10.0.0.0, Culture=neutral, PublicKeyToken=b03f5f7f11d50a3a" className="InmueblateTestCP.InmueblatePruebas.UsuarioCP_ResgistrarUsuarioFeature, InmueblateTestCP, Version=1.0.0.0, Culture=neutral, PublicKeyToken=null" name="CreoUnNuevoUsuarioExistente" />
    </UnitTest>
    <UnitTest name="ElUsuarioAEnviaPeticionAlUsuarioB" storage="d:\master\svnproyecto\08-03-14\trunk\nuevoinmueblategen\inmueblatetestcp\bin\debug\inmueblatetestcp.dll" id="033b7b47-0dee-a1ef-949a-14cb6bb808a7">
      <Description>El Usuario a envia peticion al usuario b</Description>
      <TestCategory>
        <TestCategoryItem TestCategory="mytag" />
      </TestCategory>
      <Execution id="a74196b8-775c-4ab6-a823-c5a78ad7824d" />
      <Properties>
        <Property>
          <Key>FeatureTitle</Key>
          <Value>UsuarioCP_EnviarPeticion</Value>
        </Property>
      </Properties>
      <TestMethod codeBase="D:/Master/SVNProyecto/08-03-14/trunk/NuevoInmueblateGen/InmueblateTestCP/bin/Debug/InmueblateTestCP.DLL" adapterTypeName="Microsoft.VisualStudio.TestTools.TestTypes.Unit.UnitTestAdapter, Microsoft.VisualStudio.QualityTools.Tips.UnitTest.Adapter, Version=10.0.0.0, Culture=neutral, PublicKeyToken=b03f5f7f11d50a3a" className="InmueblateTestCP.InmueblatePruebas.UsuarioCP_EnviarPeticionFeature, InmueblateTestCP, Version=1.0.0.0, Culture=neutral, PublicKeyToken=null" name="ElUsuarioAEnviaPeticionAlUsuarioB" />
    </UnitTest>
    <UnitTest name="CreoUnNuevoUsuario" storage="d:\master\svnproyecto\08-03-14\trunk\nuevoinmueblategen\inmueblatetestcp\bin\debug\inmueblatetestcp.dll" id="994921e1-624b-e149-03a0-c82c7620da67">
      <Description>Creo un nuevo usuario</Description>
      <TestCategory>
        <TestCategoryItem TestCategory="mytag" />
      </TestCategory>
      <Execution id="3c9f28f4-93da-43b5-a833-d1c1d42126c2" />
      <Properties>
        <Property>
          <Key>FeatureTitle</Key>
          <Value>UsuarioCP_ResgistrarUsuario</Value>
        </Property>
      </Properties>
      <TestMethod codeBase="D:/Master/SVNProyecto/08-03-14/trunk/NuevoInmueblateGen/InmueblateTestCP/bin/Debug/InmueblateTestCP.DLL" adapterTypeName="Microsoft.VisualStudio.TestTools.TestTypes.Unit.UnitTestAdapter, Microsoft.VisualStudio.QualityTools.Tips.UnitTest.Adapter, Version=10.0.0.0, Culture=neutral, PublicKeyToken=b03f5f7f11d50a3a" className="InmueblateTestCP.InmueblatePruebas.UsuarioCP_ResgistrarUsuarioFeature, InmueblateTestCP, Version=1.0.0.0, Culture=neutral, PublicKeyToken=null" name="CreoUnNuevoUsuario" />
    </UnitTest>
    <UnitTest name="LoginLogeoComoUsuario" storage="d:\master\svnproyecto\08-03-14\trunk\nuevoinmueblategen\nuevoinmueblatetestcustom\bin\debug\nuevoinmueblatetestcustom.dll" id="71b25728-6f06-d05a-2bda-0247fade2c74">
      <Description>Login::Logeo como usuario</Description>
      <Execution id="3ca7b1c0-db4d-45ed-be3a-5b14a7dc9b15" />
      <Properties>
        <Property>
          <Key>FeatureTitle</Key>
          <Value>SuperUsuarioCEN_Login</Value>
        </Property>
      </Properties>
      <TestMethod codeBase="D:/Master/SVNProyecto/08-03-14/trunk/NuevoInmueblateGen/NuevoInmueblateTestCustom/bin/Debug/NuevoInmueblateTestCustom.DLL" adapterTypeName="Microsoft.VisualStudio.TestTools.TestTypes.Unit.UnitTestAdapter, Microsoft.VisualStudio.QualityTools.Tips.UnitTest.Adapter, Version=10.0.0.0, Culture=neutral, PublicKeyToken=b03f5f7f11d50a3a" className="NuevoInmueblateTestCustom.NuevoInmueblatePruebas.SuperUsuarioCEN_LoginFeature, NuevoInmueblateTestCustom, Version=1.0.0.0, Culture=neutral, PublicKeyToken=null" name="LoginLogeoComoUsuario" />
    </UnitTest>
    <UnitTest name="LoginLogeoComoModerador" storage="d:\master\svnproyecto\08-03-14\trunk\nuevoinmueblategen\nuevoinmueblatetestcustom\bin\debug\nuevoinmueblatetestcustom.dll" id="bba1b039-91eb-c213-c625-86dd8f5c673e">
      <Description>Login::Logeo como moderador</Description>
      <Execution id="b0a4b944-aaf8-4735-957a-8f2698ef0dd9" />
      <Properties>
        <Property>
          <Key>FeatureTitle</Key>
          <Value>SuperUsuarioCEN_Login</Value>
        </Property>
      </Properties>
      <TestMethod codeBase="D:/Master/SVNProyecto/08-03-14/trunk/NuevoInmueblateGen/NuevoInmueblateTestCustom/bin/Debug/NuevoInmueblateTestCustom.DLL" adapterTypeName="Microsoft.VisualStudio.TestTools.TestTypes.Unit.UnitTestAdapter, Microsoft.VisualStudio.QualityTools.Tips.UnitTest.Adapter, Version=10.0.0.0, Culture=neutral, PublicKeyToken=b03f5f7f11d50a3a" className="NuevoInmueblateTestCustom.NuevoInmueblatePruebas.SuperUsuarioCEN_LoginFeature, NuevoInmueblateTestCustom, Version=1.0.0.0, Culture=neutral, PublicKeyToken=null" name="LoginLogeoComoModerador" />
    </UnitTest>
    <UnitTest name="LoginLogeoComoInmobiliaria" storage="d:\master\svnproyecto\08-03-14\trunk\nuevoinmueblategen\nuevoinmueblatetestcustom\bin\debug\nuevoinmueblatetestcustom.dll" id="fd5f1f3e-4d92-e014-ba99-afdb5c42866d">
      <Description>Login::Logeo como Inmobiliaria</Description>
      <Execution id="032d1bf9-a85b-469e-8007-1a96137fdb89" />
      <Properties>
        <Property>
          <Key>FeatureTitle</Key>
          <Value>SuperUsuarioCEN_Login</Value>
        </Property>
      </Properties>
      <TestMethod codeBase="D:/Master/SVNProyecto/08-03-14/trunk/NuevoInmueblateGen/NuevoInmueblateTestCustom/bin/Debug/NuevoInmueblateTestCustom.DLL" adapterTypeName="Microsoft.VisualStudio.TestTools.TestTypes.Unit.UnitTestAdapter, Microsoft.VisualStudio.QualityTools.Tips.UnitTest.Adapter, Version=10.0.0.0, Culture=neutral, PublicKeyToken=b03f5f7f11d50a3a" className="NuevoInmueblateTestCustom.NuevoInmueblatePruebas.SuperUsuarioCEN_LoginFeature, NuevoInmueblateTestCustom, Version=1.0.0.0, Culture=neutral, PublicKeyToken=null" name="LoginLogeoComoInmobiliaria" />
    </UnitTest>
    <UnitTest name="Login_LogeoErroneo" storage="d:\master\svnproyecto\08-03-14\trunk\nuevoinmueblategen\nuevoinmueblatetestcustom\bin\debug\nuevoinmueblatetestcustom.dll" id="045d05a4-cbf6-728f-368d-3c4852e02d35">
      <Description>Login_Logeo erroneo</Description>
      <TestCategory>
        <TestCategoryItem TestCategory="mytag" />
      </TestCategory>
      <Execution id="e54a6d18-e968-461a-b664-dbe7a33079f0" />
      <Properties>
        <Property>
          <Key>FeatureTitle</Key>
          <Value>SuperUsuarioCEN_Login</Value>
        </Property>
      </Properties>
      <TestMethod codeBase="D:/Master/SVNProyecto/08-03-14/trunk/NuevoInmueblateGen/NuevoInmueblateTestCustom/bin/Debug/NuevoInmueblateTestCustom.DLL" adapterTypeName="Microsoft.VisualStudio.TestTools.TestTypes.Unit.UnitTestAdapter, Microsoft.VisualStudio.QualityTools.Tips.UnitTest.Adapter, Version=10.0.0.0, Culture=neutral, PublicKeyToken=b03f5f7f11d50a3a" className="NuevoInmueblateTestCustom.NuevoInmueblatePruebas.SuperUsuarioCEN_LoginFeature, NuevoInmueblateTestCustom, Version=1.0.0.0, Culture=neutral, PublicKeyToken=null" name="Login_LogeoErroneo" />
    </UnitTest>
  </TestDefinitions>
  <TestLists>
    <TestList name="Resultados que no están en la lista" id="8c84fa94-04c1-424b-9868-57a2d4851a1d" />
    <TestList name="Todos los resultados cargados" id="19431567-8539-422a-85d7-44ee4e166bda" />
  </TestLists>
  <TestEntries>
    <TestEntry testId="033b7b47-0dee-a1ef-949a-14cb6bb808a7" executionId="a74196b8-775c-4ab6-a823-c5a78ad7824d" testListId="8c84fa94-04c1-424b-9868-57a2d4851a1d" />
    <TestEntry testId="045d05a4-cbf6-728f-368d-3c4852e02d35" executionId="e54a6d18-e968-461a-b664-dbe7a33079f0" testListId="8c84fa94-04c1-424b-9868-57a2d4851a1d" />
    <TestEntry testId="71b25728-6f06-d05a-2bda-0247fade2c74" executionId="3ca7b1c0-db4d-45ed-be3a-5b14a7dc9b15" testListId="8c84fa94-04c1-424b-9868-57a2d4851a1d" />
    <TestEntry testId="994921e1-624b-e149-03a0-c82c7620da67" executionId="3c9f28f4-93da-43b5-a833-d1c1d42126c2" testListId="8c84fa94-04c1-424b-9868-57a2d4851a1d" />
    <TestEntry testId="b2d6d91a-304a-bf16-b980-e646a672b899" executionId="c603e352-8396-4a5c-91b7-606c509f5695" testListId="8c84fa94-04c1-424b-9868-57a2d4851a1d" />
    <TestEntry testId="bba1b039-91eb-c213-c625-86dd8f5c673e" executionId="b0a4b944-aaf8-4735-957a-8f2698ef0dd9" testListId="8c84fa94-04c1-424b-9868-57a2d4851a1d" />
    <TestEntry testId="fd5f1f3e-4d92-e014-ba99-afdb5c42866d" executionId="032d1bf9-a85b-469e-8007-1a96137fdb89" testListId="8c84fa94-04c1-424b-9868-57a2d4851a1d" />
  </TestEntries>
  <Results>
    <UnitTestResult executionId="a74196b8-775c-4ab6-a823-c5a78ad7824d" testId="033b7b47-0dee-a1ef-949a-14cb6bb808a7" testName="ElUsuarioAEnviaPeticionAlUsuarioB" computerName="ISIDURLLL-LAP" duration="00:00:03.8035650" startTime="2014-03-09T17:06:29.5817275+01:00" endTime="2014-03-09T17:06:33.8589721+01:00" testType="13cdc9d9-ddb5-4fa4-a97d-d965ccfc6d4b" outcome="Failed" testListId="8c84fa94-04c1-424b-9868-57a2d4851a1d" relativeResultsDirectory="a74196b8-775c-4ab6-a823-c5a78ad7824d">
      <Output>
        <StdOut>Given Usuario a con direccion: "ijsl@inm.es"
NHibernate: select superusuar0_.[id] as column1_23_, superusuar0_.[nombre] as column2_23_, superusuar0_.[telefono] as column3_23_, superusuar0_.[email] as column4_23_, superusuar0_.[direccion] as column5_23_, superusuar0_.[poblacion] as column6_23_, superusuar0_.[codigoPostal] as column7_23_, superusuar0_.[pais] as column8_23_, superusuar0_.[password] as column9_23_, superusuar0_.[valoracionMedia] as column10_23_, superusuar0_.[FK_id_muro] as column11_23_, superusuar0_1_.[descripcion] as column2_27_, superusuar0_1_.[cif] as column3_27_, superusuar0_2_.[apellidos] as column2_30_, superusuar0_2_.[nif] as column3_30_, superusuar0_2_.[fechaNacimiento] as column4_30_, superusuar0_2_.[privacidad] as column5_30_, superusuar0_2_.[FK_id_preferenciasBusqueda] as column6_30_, superusuar0_2_.[FK_id_gustos] as column7_30_, case when superusuar0_3_.[id] is not null then 3 when superusuar0_1_.[id] is not null then 1 when superusuar0_2_.[id] is not null then 2 when superusuar0_.[id] is not null then 0 end as clazz_ from [SuperUsuario] superusuar0_ left outer join [Inmobiliaria] superusuar0_1_ on superusuar0_.[id]=superusuar0_1_.[id] left outer join [Usuario] superusuar0_2_ on superusuar0_.[id]=superusuar0_2_.[id] left outer join [Moderador] superusuar0_3_ on superusuar0_.[id]=superusuar0_3_.[id] where superusuar0_.[email]=@p0;@p0 = 'ijsl@inm.es'
-&gt; done: UsuarioCP_EnviarPeticionSteps.GivenUsuarioAConDireccion("ijsl@inm.es") (3,6s)
And Usuario b con direccion: "crt@inm.es"
NHibernate: select superusuar0_.[id] as column1_23_, superusuar0_.[nombre] as column2_23_, superusuar0_.[telefono] as column3_23_, superusuar0_.[email] as column4_23_, superusuar0_.[direccion] as column5_23_, superusuar0_.[poblacion] as column6_23_, superusuar0_.[codigoPostal] as column7_23_, superusuar0_.[pais] as column8_23_, superusuar0_.[password] as column9_23_, superusuar0_.[valoracionMedia] as column10_23_, superusuar0_.[FK_id_muro] as column11_23_, superusuar0_1_.[descripcion] as column2_27_, superusuar0_1_.[cif] as column3_27_, superusuar0_2_.[apellidos] as column2_30_, superusuar0_2_.[nif] as column3_30_, superusuar0_2_.[fechaNacimiento] as column4_30_, superusuar0_2_.[privacidad] as column5_30_, superusuar0_2_.[FK_id_preferenciasBusqueda] as column6_30_, superusuar0_2_.[FK_id_gustos] as column7_30_, case when superusuar0_3_.[id] is not null then 3 when superusuar0_1_.[id] is not null then 1 when superusuar0_2_.[id] is not null then 2 when superusuar0_.[id] is not null then 0 end as clazz_ from [SuperUsuario] superusuar0_ left outer join [Inmobiliaria] superusuar0_1_ on superusuar0_.[id]=superusuar0_1_.[id] left outer join [Usuario] superusuar0_2_ on superusuar0_.[id]=superusuar0_2_.[id] left outer join [Moderador] superusuar0_3_ on superusuar0_.[id]=superusuar0_3_.[id] where superusuar0_.[email]=@p0;@p0 = 'crt@inm.es'
-&gt; done: UsuarioCP_EnviarPeticionSteps.GivenUsuarioBConDireccion("crt@inm.es") (0,0s)
When el Usuario a le envía la petición al Usuario b
NHibernate: SELECT usuarioen0_.[id] as column1_23_0_, usuarioen0_1_.[nombre] as column2_23_0_, usuarioen0_1_.[telefono] as column3_23_0_, usuarioen0_1_.[email] as column4_23_0_, usuarioen0_1_.[direccion] as column5_23_0_, usuarioen0_1_.[poblacion] as column6_23_0_, usuarioen0_1_.[codigoPostal] as column7_23_0_, usuarioen0_1_.[pais] as column8_23_0_, usuarioen0_1_.[password] as column9_23_0_, usuarioen0_1_.[valoracionMedia] as column10_23_0_, usuarioen0_1_.[FK_id_muro] as column11_23_0_, usuarioen0_.[apellidos] as column2_30_0_, usuarioen0_.[nif] as column3_30_0_, usuarioen0_.[fechaNacimiento] as column4_30_0_, usuarioen0_.[privacidad] as column5_30_0_, usuarioen0_.[FK_id_preferenciasBusqueda] as column6_30_0_, usuarioen0_.[FK_id_gustos] as column7_30_0_, case when usuarioen0_2_.[id] is not null then 3 when usuarioen0_.[id] is not null then 2 end as clazz_0_ FROM [Usuario] usuarioen0_ inner join [SuperUsuario] usuarioen0_1_ on usuarioen0_.[id]=usuarioen0_1_.[id] left outer join [Moderador] usuarioen0_2_ on usuarioen0_.[id]=usuarioen0_2_.[id] WHERE usuarioen0_.[id]=@p0;@p0 = 1
NHibernate: SELECT usuarioen0_.[id] as column1_23_0_, usuarioen0_1_.[nombre] as column2_23_0_, usuarioen0_1_.[telefono] as column3_23_0_, usuarioen0_1_.[email] as column4_23_0_, usuarioen0_1_.[direccion] as column5_23_0_, usuarioen0_1_.[poblacion] as column6_23_0_, usuarioen0_1_.[codigoPostal] as column7_23_0_, usuarioen0_1_.[pais] as column8_23_0_, usuarioen0_1_.[password] as column9_23_0_, usuarioen0_1_.[valoracionMedia] as column10_23_0_, usuarioen0_1_.[FK_id_muro] as column11_23_0_, usuarioen0_.[apellidos] as column2_30_0_, usuarioen0_.[nif] as column3_30_0_, usuarioen0_.[fechaNacimiento] as column4_30_0_, usuarioen0_.[privacidad] as column5_30_0_, usuarioen0_.[FK_id_preferenciasBusqueda] as column6_30_0_, usuarioen0_.[FK_id_gustos] as column7_30_0_, case when usuarioen0_2_.[id] is not null then 3 when usuarioen0_.[id] is not null then 2 end as clazz_0_ FROM [Usuario] usuarioen0_ inner join [SuperUsuario] usuarioen0_1_ on usuarioen0_.[id]=usuarioen0_1_.[id] left outer join [Moderador] usuarioen0_2_ on usuarioen0_.[id]=usuarioen0_2_.[id] WHERE usuarioen0_.[id]=@p0;@p0 = 3
NHibernate: SELECT listabloqu0_.[FK_id_listaBloqueados] as column1_1_, listabloqu0_.[FK_id_noNavegableBloqueados] as column2_1_, usuarioen1_.[id] as column1_23_0_, usuarioen1_1_.[nombre] as column2_23_0_, usuarioen1_1_.[telefono] as column3_23_0_, usuarioen1_1_.[email] as column4_23_0_, usuarioen1_1_.[direccion] as column5_23_0_, usuarioen1_1_.[poblacion] as column6_23_0_, usuarioen1_1_.[codigoPostal] as column7_23_0_, usuarioen1_1_.[pais] as column8_23_0_, usuarioen1_1_.[password] as column9_23_0_, usuarioen1_1_.[valoracionMedia] as column10_23_0_, usuarioen1_1_.[FK_id_muro] as column11_23_0_, usuarioen1_.[apellidos] as column2_30_0_, usuarioen1_.[nif] as column3_30_0_, usuarioen1_.[fechaNacimiento] as column4_30_0_, usuarioen1_.[privacidad] as column5_30_0_, usuarioen1_.[FK_id_preferenciasBusqueda] as column6_30_0_, usuarioen1_.[FK_id_gustos] as column7_30_0_, case when usuarioen1_2_.[id] is not null then 3 when usuarioen1_.[id] is not null then 2 end as clazz_0_ FROM [UsuarioUsuarioBloqueados] listabloqu0_ left outer join [Usuario] usuarioen1_ on listabloqu0_.[FK_id_noNavegableBloqueados]=usuarioen1_.[id] left outer join [SuperUsuario] usuarioen1_1_ on usuarioen1_.[id]=usuarioen1_1_.[id] left outer join [Moderador] usuarioen1_2_ on usuarioen1_.[id]=usuarioen1_2_.[id] WHERE listabloqu0_.[FK_id_listaBloqueados]=@p0;@p0 = 3
NHibernate: SELECT listaamigo0_.[FK_id_listaAmigos] as column1_1_, listaamigo0_.[FK_id_noNavegableAmigos] as column2_1_, usuarioen1_.[id] as column1_23_0_, usuarioen1_1_.[nombre] as column2_23_0_, usuarioen1_1_.[telefono] as column3_23_0_, usuarioen1_1_.[email] as column4_23_0_, usuarioen1_1_.[direccion] as column5_23_0_, usuarioen1_1_.[poblacion] as column6_23_0_, usuarioen1_1_.[codigoPostal] as column7_23_0_, usuarioen1_1_.[pais] as column8_23_0_, usuarioen1_1_.[password] as column9_23_0_, usuarioen1_1_.[valoracionMedia] as column10_23_0_, usuarioen1_1_.[FK_id_muro] as column11_23_0_, usuarioen1_.[apellidos] as column2_30_0_, usuarioen1_.[nif] as column3_30_0_, usuarioen1_.[fechaNacimiento] as column4_30_0_, usuarioen1_.[privacidad] as column5_30_0_, usuarioen1_.[FK_id_preferenciasBusqueda] as column6_30_0_, usuarioen1_.[FK_id_gustos] as column7_30_0_, case when usuarioen1_2_.[id] is not null then 3 when usuarioen1_.[id] is not null then 2 end as clazz_0_ FROM [UsuarioUsuarioAmigos] listaamigo0_ left outer join [Usuario] usuarioen1_ on listaamigo0_.[FK_id_noNavegableAmigos]=usuarioen1_.[id] left outer join [SuperUsuario] usuarioen1_1_ on usuarioen1_.[id]=usuarioen1_1_.[id] left outer join [Moderador] usuarioen1_2_ on usuarioen1_.[id]=usuarioen1_2_.[id] WHERE listaamigo0_.[FK_id_listaAmigos]=@p0;@p0 = 3
NHibernate: SELECT peticiones0_.[FK_id_receptor] as column6_1_, peticiones0_.[id] as column1_1_, peticiones0_.[id] as column1_5_0_, peticiones0_.[asunto] as column2_5_0_, peticiones0_.[cuerpo] as column3_5_0_, peticiones0_.[estado] as column4_5_0_, peticiones0_.[FK_id_emisor] as column5_5_0_, peticiones0_.[FK_id_receptor] as column6_5_0_ FROM [PeticionAmistad] peticiones0_ WHERE peticiones0_.[FK_id_receptor]=@p0;@p0 = 3
-&gt; done: UsuarioCP_EnviarPeticionSteps.WhenElUsuarioALeEnviaLaPeticionAlUsuarioB() (0,1s)
Then el resultado deber ser ditinto a -1
-&gt; error: Error de Assert.AreNotEqual. Se esperaba cualquier valor excepto &lt;-1&gt;, pero es &lt;-1&gt;.</StdOut>
        <ErrorInfo>
          <Message>Error de Assert.AreNotEqual. Se esperaba cualquier valor excepto &lt;-1&gt;, pero es &lt;-1&gt;. </Message>
          <StackTrace>   en InmueblateTestCP.InmueblatePruebas.UsuarioCP_EnviarPeticionSteps.ThenElResultadoDeberSerDitintoA(Int32 pe_noesperado) en D:\Master\SVNProyecto\08-03-14\trunk\NuevoInmueblateGen\InmueblateTestCP\InmueblatePruebas\UsuarioCP_EnviarPeticionSteps.cs:línea 41
   en lambda_method(Closure , IContextManager , Int32 )
   en TechTalk.SpecFlow.Bindings.BindingInvoker.InvokeBinding(IBinding binding, IContextManager contextManager, Object[] arguments, ITestTracer testTracer, TimeSpan&amp; duration)
   en TechTalk.SpecFlow.Infrastructure.TestExecutionEngine.ExecuteStepMatch(BindingMatch match, Object[] arguments)
   en TechTalk.SpecFlow.Infrastructure.TestExecutionEngine.ExecuteStep(StepInstance stepInstance)
   en TechTalk.SpecFlow.Infrastructure.TestExecutionEngine.OnAfterLastStep()
   en TechTalk.SpecFlow.TestRunner.CollectScenarioErrors()
   en InmueblateTestCP.InmueblatePruebas.UsuarioCP_EnviarPeticionFeature.ScenarioCleanup() en D:\Master\SVNProyecto\08-03-14\trunk\NuevoInmueblateGen\InmueblateTestCP\InmueblatePruebas\UsuarioCP_EnviarPeticion.feature.cs:línea 0
   en InmueblateTestCP.InmueblatePruebas.UsuarioCP_EnviarPeticionFeature.ElUsuarioAEnviaPeticionAlUsuarioB() en d:\Master\SVNProyecto\08-03-14\trunk\NuevoInmueblateGen\InmueblateTestCP\InmueblatePruebas\UsuarioCP_EnviarPeticion.feature:línea 8
</StackTrace>
        </ErrorInfo>
      </Output>
    </UnitTestResult>
    <UnitTestResult executionId="e54a6d18-e968-461a-b664-dbe7a33079f0" testId="045d05a4-cbf6-728f-368d-3c4852e02d35" testName="Login_LogeoErroneo" computerName="ISIDURLLL-LAP" duration="00:00:03.1598641" startTime="2014-03-09T17:06:33.8619723+01:00" endTime="2014-03-09T17:06:37.4771791+01:00" testType="13cdc9d9-ddb5-4fa4-a97d-d965ccfc6d4b" outcome="Passed" testListId="8c84fa94-04c1-424b-9868-57a2d4851a1d" relativeResultsDirectory="e54a6d18-e968-461a-b664-dbe7a33079f0">
      <Output>
        <StdOut>Given Un usuario con email "ddv@inm.es" y contraseña "ddv"
-&gt; done: SuperUsuarioCEN_LoginSteps.GivenUnUsuarioConEmailYContrasena("ddv@inm.es", "ddv") (0,0s)
When quiero logearme en la red social como "Usuario"
NHibernate: select superusuar0_.[id] as column1_23_, superusuar0_.[nombre] as column2_23_, superusuar0_.[telefono] as column3_23_, superusuar0_.[email] as column4_23_, superusuar0_.[direccion] as column5_23_, superusuar0_.[poblacion] as column6_23_, superusuar0_.[codigoPostal] as column7_23_, superusuar0_.[pais] as column8_23_, superusuar0_.[password] as column9_23_, superusuar0_.[valoracionMedia] as column10_23_, superusuar0_.[FK_id_muro] as column11_23_, superusuar0_1_.[descripcion] as column2_27_, superusuar0_1_.[cif] as column3_27_, superusuar0_2_.[apellidos] as column2_30_, superusuar0_2_.[nif] as column3_30_, superusuar0_2_.[fechaNacimiento] as column4_30_, superusuar0_2_.[privacidad] as column5_30_, superusuar0_2_.[FK_id_preferenciasBusqueda] as column6_30_, superusuar0_2_.[FK_id_gustos] as column7_30_, case when superusuar0_3_.[id] is not null then 3 when superusuar0_1_.[id] is not null then 1 when superusuar0_2_.[id] is not null then 2 when superusuar0_.[id] is not null then 0 end as clazz_ from [SuperUsuario] superusuar0_ left outer join [Inmobiliaria] superusuar0_1_ on superusuar0_.[id]=superusuar0_1_.[id] left outer join [Usuario] superusuar0_2_ on superusuar0_.[id]=superusuar0_2_.[id] left outer join [Moderador] superusuar0_3_ on superusuar0_.[id]=superusuar0_3_.[id] where superusuar0_.[email]=@p0;@p0 = 'ddv@inm.es'
-&gt; done: SuperUsuarioCEN_LoginSteps.WhenQuieroLogearmeEnLaRedSocialComo("Usuario") (3,1s)
Then debo logearme como usuario y devolver 1
-&gt; done: SuperUsuarioCEN_LoginSteps.ThenDeboLogearmeComoUsuarioYDevolver(1) (0,0s)</StdOut>
      </Output>
    </UnitTestResult>
    <UnitTestResult executionId="3ca7b1c0-db4d-45ed-be3a-5b14a7dc9b15" testId="71b25728-6f06-d05a-2bda-0247fade2c74" testName="LoginLogeoComoUsuario" computerName="ISIDURLLL-LAP" duration="00:00:00.1402249" startTime="2014-03-09T17:06:37.4871797+01:00" endTime="2014-03-09T17:06:37.6321880+01:00" testType="13cdc9d9-ddb5-4fa4-a97d-d965ccfc6d4b" outcome="Passed" testListId="8c84fa94-04c1-424b-9868-57a2d4851a1d" relativeResultsDirectory="3ca7b1c0-db4d-45ed-be3a-5b14a7dc9b15">
      <Output>
        <StdOut>Given Un usuario con email "ijsl@inm.es" y contraseña "ijsl"
-&gt; done: SuperUsuarioCEN_LoginSteps.GivenUnUsuarioConEmailYContrasena("ijsl@inm.es", "ijsl") (0,0s)
When quiero logearme en la red social como "Usuario"
NHibernate: select superusuar0_.[id] as column1_23_, superusuar0_.[nombre] as column2_23_, superusuar0_.[telefono] as column3_23_, superusuar0_.[email] as column4_23_, superusuar0_.[direccion] as column5_23_, superusuar0_.[poblacion] as column6_23_, superusuar0_.[codigoPostal] as column7_23_, superusuar0_.[pais] as column8_23_, superusuar0_.[password] as column9_23_, superusuar0_.[valoracionMedia] as column10_23_, superusuar0_.[FK_id_muro] as column11_23_, superusuar0_1_.[descripcion] as column2_27_, superusuar0_1_.[cif] as column3_27_, superusuar0_2_.[apellidos] as column2_30_, superusuar0_2_.[nif] as column3_30_, superusuar0_2_.[fechaNacimiento] as column4_30_, superusuar0_2_.[privacidad] as column5_30_, superusuar0_2_.[FK_id_preferenciasBusqueda] as column6_30_, superusuar0_2_.[FK_id_gustos] as column7_30_, case when superusuar0_3_.[id] is not null then 3 when superusuar0_1_.[id] is not null then 1 when superusuar0_2_.[id] is not null then 2 when superusuar0_.[id] is not null then 0 end as clazz_ from [SuperUsuario] superusuar0_ left outer join [Inmobiliaria] superusuar0_1_ on superusuar0_.[id]=superusuar0_1_.[id] left outer join [Usuario] superusuar0_2_ on superusuar0_.[id]=superusuar0_2_.[id] left outer join [Moderador] superusuar0_3_ on superusuar0_.[id]=superusuar0_3_.[id] where superusuar0_.[email]=@p0;@p0 = 'ijsl@inm.es'
-&gt; done: SuperUsuarioCEN_LoginSteps.WhenQuieroLogearmeEnLaRedSocialComo("Usuario") (0,1s)
Then debo logearme como usuario y devolver 3
-&gt; done: SuperUsuarioCEN_LoginSteps.ThenDeboLogearmeComoUsuarioYDevolver(3) (0,0s)</StdOut>
      </Output>
    </UnitTestResult>
    <UnitTestResult executionId="3c9f28f4-93da-43b5-a833-d1c1d42126c2" testId="994921e1-624b-e149-03a0-c82c7620da67" testName="CreoUnNuevoUsuario" computerName="ISIDURLLL-LAP" duration="00:00:00.2092537" startTime="2014-03-09T17:06:37.6351881+01:00" endTime="2014-03-09T17:06:37.8502004+01:00" testType="13cdc9d9-ddb5-4fa4-a97d-d965ccfc6d4b" outcome="Passed" testListId="8c84fa94-04c1-424b-9868-57a2d4851a1d" relativeResultsDirectory="3c9f28f4-93da-43b5-a833-d1c1d42126c2">
      <Output>
        <StdOut>Given El usuario "Diana" con mail "ddvc@inm.es" se quiere registrar
-&gt; done: UsuarioCP_ResgistrarUsuarioSteps.GivenElUsuarioConMailSeQuiereRegistrar("Diana", "ddvc@inm.es") (0,0s)
When lo resgitro en mi base de datos
NHibernate: select superusuar0_.[id] as column1_23_, superusuar0_.[nombre] as column2_23_, superusuar0_.[telefono] as column3_23_, superusuar0_.[email] as column4_23_, superusuar0_.[direccion] as column5_23_, superusuar0_.[poblacion] as column6_23_, superusuar0_.[codigoPostal] as column7_23_, superusuar0_.[pais] as column8_23_, superusuar0_.[password] as column9_23_, superusuar0_.[valoracionMedia] as column10_23_, superusuar0_.[FK_id_muro] as column11_23_, superusuar0_1_.[descripcion] as column2_27_, superusuar0_1_.[cif] as column3_27_, superusuar0_2_.[apellidos] as column2_30_, superusuar0_2_.[nif] as column3_30_, superusuar0_2_.[fechaNacimiento] as column4_30_, superusuar0_2_.[privacidad] as column5_30_, superusuar0_2_.[FK_id_preferenciasBusqueda] as column6_30_, superusuar0_2_.[FK_id_gustos] as column7_30_, case when superusuar0_3_.[id] is not null then 3 when superusuar0_1_.[id] is not null then 1 when superusuar0_2_.[id] is not null then 2 when superusuar0_.[id] is not null then 0 end as clazz_ from [SuperUsuario] superusuar0_ left outer join [Inmobiliaria] superusuar0_1_ on superusuar0_.[id]=superusuar0_1_.[id] left outer join [Usuario] superusuar0_2_ on superusuar0_.[id]=superusuar0_2_.[id] left outer join [Moderador] superusuar0_3_ on superusuar0_.[id]=superusuar0_3_.[id] where superusuar0_.[email]=@p0;@p0 = 'ddvc@inm.es'
NHibernate: INSERT INTO [Muro] ([pendienteModeracion]) VALUES (@p0); select SCOPE_IDENTITY();@p0 = False
NHibernate: INSERT INTO [Entrada] ([fechaPublicacion], [titulo], [cuerpo], [pendienteModeracion], [FK_id_muro], [FK_id_creador]) VALUES (@p0, @p1, @p2, @p3, @p4, @p5); select SCOPE_IDENTITY();@p0 = 3/9/2014 12:00:00 AM, @p1 = 'Bienvenid@ Diana', @p2 = 'Disfuta de nuestra red social, aquí podrás encontrar el inmuble que buscas', @p3 = False, @p4 = 6, @p5 = NULL
NHibernate: INSERT INTO [SuperUsuario] ([nombre], [telefono], [email], [direccion], [poblacion], [codigoPostal], [pais], [password], [valoracionMedia], [FK_id_muro]) VALUES (@p0, @p1, @p2, @p3, @p4, @p5, @p6, @p7, @p8, @p9); select SCOPE_IDENTITY();@p0 = 'Diana', @p1 = '34234', @p2 = 'ddvc@inm.es', @p3 = 'casa', @p4 = 'pueblo', @p5 = '00', @p6 = 'españa', @p7 = '7bed657a775c37c2570786d0cbeefd88', @p8 = 0, @p9 = 6
NHibernate: INSERT INTO [Usuario] ([apellidos], [nif], [fechaNacimiento], [privacidad], [FK_id_preferenciasBusqueda], [FK_id_gustos], [id]) VALUES (@p0, @p1, @p2, @p3, @p4, @p5, @p6);@p0 = 'a1', @p1 = '444', @p2 = 3/9/2014 12:00:00 AM, @p3 = 2, @p4 = NULL, @p5 = NULL, @p6 = 8
NHibernate: UPDATE [Entrada] SET [FK_id_muro] = @p0 WHERE [id] = @p1;@p0 = 6, @p1 = 6
NHibernate: UPDATE [Entrada] SET [FK_id_muro] = @p0 WHERE [id] = @p1;@p0 = 6, @p1 = 6
-&gt; done: UsuarioCP_ResgistrarUsuarioSteps.WhenLoResgitroEnMiBaseDeDatos() (0,1s)
Then el resultado debe ser distinto de -1
NHibernate: SELECT superusuar0_.[id] as column1_23_0_, superusuar0_.[nombre] as column2_23_0_, superusuar0_.[telefono] as column3_23_0_, superusuar0_.[email] as column4_23_0_, superusuar0_.[direccion] as column5_23_0_, superusuar0_.[poblacion] as column6_23_0_, superusuar0_.[codigoPostal] as column7_23_0_, superusuar0_.[pais] as column8_23_0_, superusuar0_.[password] as column9_23_0_, superusuar0_.[valoracionMedia] as column10_23_0_, superusuar0_.[FK_id_muro] as column11_23_0_, superusuar0_1_.[descripcion] as column2_27_0_, superusuar0_1_.[cif] as column3_27_0_, superusuar0_2_.[apellidos] as column2_30_0_, superusuar0_2_.[nif] as column3_30_0_, superusuar0_2_.[fechaNacimiento] as column4_30_0_, superusuar0_2_.[privacidad] as column5_30_0_, superusuar0_2_.[FK_id_preferenciasBusqueda] as column6_30_0_, superusuar0_2_.[FK_id_gustos] as column7_30_0_, case when superusuar0_3_.[id] is not null then 3 when superusuar0_1_.[id] is not null then 1 when superusuar0_2_.[id] is not null then 2 when superusuar0_.[id] is not null then 0 end as clazz_0_ FROM [SuperUsuario] superusuar0_ left outer join [Inmobiliaria] superusuar0_1_ on superusuar0_.[id]=superusuar0_1_.[id] left outer join [Usuario] superusuar0_2_ on superusuar0_.[id]=superusuar0_2_.[id] left outer join [Moderador] superusuar0_3_ on superusuar0_.[id]=superusuar0_3_.[id] WHERE superusuar0_.[id]=@p0;@p0 = 8
NHibernate: DELETE FROM [GrupoSuperUsuarios] WHERE [FK_id_miembros] = @p0;@p0 = 8
NHibernate: UPDATE [Mensaje] SET [FK_id_emisor] = null WHERE [FK_id_emisor] = @p0;@p0 = 8
NHibernate: UPDATE [Mensaje] SET [FK_id_receptor] = null WHERE [FK_id_receptor] = @p0;@p0 = 8
NHibernate: UPDATE [Valoracion] SET [FK_id_emisor] = null WHERE [FK_id_emisor] = @p0;@p0 = 8
NHibernate: UPDATE [Valoracion] SET [FK_id_receptor] = null WHERE [FK_id_receptor] = @p0;@p0 = 8
NHibernate: UPDATE [Entrada] SET [FK_id_creador] = null WHERE [FK_id_creador] = @p0;@p0 = 8
NHibernate: UPDATE [Comentario] SET [FK_id_creador] = null WHERE [FK_id_creador] = @p0;@p0 = 8
NHibernate: UPDATE [PeticionAmistad] SET [FK_id_emisor] = null WHERE [FK_id_emisor] = @p0;@p0 = 8
NHibernate: UPDATE [PeticionAmistad] SET [FK_id_receptor] = null WHERE [FK_id_receptor] = @p0;@p0 = 8
NHibernate: UPDATE [ElementoMultimedia] SET [FK_id_fusuario] = null WHERE [FK_id_fusuario] = @p0;@p0 = 8
NHibernate: UPDATE [ElementoMultimedia] SET [FK_id_vusuario] = null WHERE [FK_id_vusuario] = @p0;@p0 = 8
NHibernate: DELETE FROM [UsuarioUsuarioAmigos] WHERE [FK_id_listaAmigos] = @p0;@p0 = 8
NHibernate: DELETE FROM [UsuarioUsuarioBloqueados] WHERE [FK_id_listaBloqueados] = @p0;@p0 = 8
NHibernate: DELETE FROM [Usuario] WHERE [id] = @p0;@p0 = 8
NHibernate: DELETE FROM [SuperUsuario] WHERE [id] = @p0;@p0 = 8
-&gt; done: UsuarioCP_ResgistrarUsuarioSteps.ThenElResultadoDebeSerDistintoDe(-1) (0,1s)</StdOut>
      </Output>
    </UnitTestResult>
    <UnitTestResult executionId="c603e352-8396-4a5c-91b7-606c509f5695" testId="b2d6d91a-304a-bf16-b980-e646a672b899" testName="CreoUnNuevoUsuarioExistente" computerName="ISIDURLLL-LAP" duration="00:00:00.0030867" startTime="2014-03-09T17:06:37.8542007+01:00" endTime="2014-03-09T17:06:37.8612011+01:00" testType="13cdc9d9-ddb5-4fa4-a97d-d965ccfc6d4b" outcome="Passed" testListId="8c84fa94-04c1-424b-9868-57a2d4851a1d" relativeResultsDirectory="c603e352-8396-4a5c-91b7-606c509f5695">
      <Output>
        <StdOut>Given El usuario "Isido" con mail "ijsl@inm.es" se quiere registrar
-&gt; done: UsuarioCP_ResgistrarUsuarioSteps.GivenElUsuarioConMailSeQuiereRegistrar("Isido", "ijsl@inm.es") (0,0s)
When lo resgitro en mi base de datos
NHibernate: select superusuar0_.[id] as column1_23_, superusuar0_.[nombre] as column2_23_, superusuar0_.[telefono] as column3_23_, superusuar0_.[email] as column4_23_, superusuar0_.[direccion] as column5_23_, superusuar0_.[poblacion] as column6_23_, superusuar0_.[codigoPostal] as column7_23_, superusuar0_.[pais] as column8_23_, superusuar0_.[password] as column9_23_, superusuar0_.[valoracionMedia] as column10_23_, superusuar0_.[FK_id_muro] as column11_23_, superusuar0_1_.[descripcion] as column2_27_, superusuar0_1_.[cif] as column3_27_, superusuar0_2_.[apellidos] as column2_30_, superusuar0_2_.[nif] as column3_30_, superusuar0_2_.[fechaNacimiento] as column4_30_, superusuar0_2_.[privacidad] as column5_30_, superusuar0_2_.[FK_id_preferenciasBusqueda] as column6_30_, superusuar0_2_.[FK_id_gustos] as column7_30_, case when superusuar0_3_.[id] is not null then 3 when superusuar0_1_.[id] is not null then 1 when superusuar0_2_.[id] is not null then 2 when superusuar0_.[id] is not null then 0 end as clazz_ from [SuperUsuario] superusuar0_ left outer join [Inmobiliaria] superusuar0_1_ on superusuar0_.[id]=superusuar0_1_.[id] left outer join [Usuario] superusuar0_2_ on superusuar0_.[id]=superusuar0_2_.[id] left outer join [Moderador] superusuar0_3_ on superusuar0_.[id]=superusuar0_3_.[id] where superusuar0_.[email]=@p0;@p0 = 'ijsl@inm.es'
-&gt; done: UsuarioCP_ResgistrarUsuarioSteps.WhenLoResgitroEnMiBaseDeDatos() (0,0s)
Then el resultado debe ser -1
-&gt; done: UsuarioCP_ResgistrarUsuarioSteps.ThenElResultadoDebeSer(-1) (0,0s)</StdOut>
      </Output>
    </UnitTestResult>
    <UnitTestResult executionId="b0a4b944-aaf8-4735-957a-8f2698ef0dd9" testId="bba1b039-91eb-c213-c625-86dd8f5c673e" testName="LoginLogeoComoModerador" computerName="ISIDURLLL-LAP" duration="00:00:00.0069159" startTime="2014-03-09T17:06:37.8762019+01:00" endTime="2014-03-09T17:06:37.8882026+01:00" testType="13cdc9d9-ddb5-4fa4-a97d-d965ccfc6d4b" outcome="Passed" testListId="8c84fa94-04c1-424b-9868-57a2d4851a1d" relativeResultsDirectory="b0a4b944-aaf8-4735-957a-8f2698ef0dd9">
      <Output>
        <StdOut>Given Un moderador con email "avam@inm.es" y contraseña "avam"
-&gt; done: SuperUsuarioCEN_LoginSteps.GivenUnModeradorConEmailYContrasena("avam@inm.es", "avam") (0,0s)
When quiero logearme en la red social como "Moderador"
NHibernate: select superusuar0_.[id] as column1_23_, superusuar0_.[nombre] as column2_23_, superusuar0_.[telefono] as column3_23_, superusuar0_.[email] as column4_23_, superusuar0_.[direccion] as column5_23_, superusuar0_.[poblacion] as column6_23_, superusuar0_.[codigoPostal] as column7_23_, superusuar0_.[pais] as column8_23_, superusuar0_.[password] as column9_23_, superusuar0_.[valoracionMedia] as column10_23_, superusuar0_.[FK_id_muro] as column11_23_, superusuar0_1_.[descripcion] as column2_27_, superusuar0_1_.[cif] as column3_27_, superusuar0_2_.[apellidos] as column2_30_, superusuar0_2_.[nif] as column3_30_, superusuar0_2_.[fechaNacimiento] as column4_30_, superusuar0_2_.[privacidad] as column5_30_, superusuar0_2_.[FK_id_preferenciasBusqueda] as column6_30_, superusuar0_2_.[FK_id_gustos] as column7_30_, case when superusuar0_3_.[id] is not null then 3 when superusuar0_1_.[id] is not null then 1 when superusuar0_2_.[id] is not null then 2 when superusuar0_.[id] is not null then 0 end as clazz_ from [SuperUsuario] superusuar0_ left outer join [Inmobiliaria] superusuar0_1_ on superusuar0_.[id]=superusuar0_1_.[id] left outer join [Usuario] superusuar0_2_ on superusuar0_.[id]=superusuar0_2_.[id] left outer join [Moderador] superusuar0_3_ on superusuar0_.[id]=superusuar0_3_.[id] where superusuar0_.[email]=@p0;@p0 = 'avam@inm.es'
-&gt; done: SuperUsuarioCEN_LoginSteps.WhenQuieroLogearmeEnLaRedSocialComo("Moderador") (0,0s)
Then debo logearme como usuario y devolver 2
-&gt; done: SuperUsuarioCEN_LoginSteps.ThenDeboLogearmeComoUsuarioYDevolver(2) (0,0s)</StdOut>
      </Output>
    </UnitTestResult>
    <UnitTestResult executionId="032d1bf9-a85b-469e-8007-1a96137fdb89" testId="fd5f1f3e-4d92-e014-ba99-afdb5c42866d" testName="LoginLogeoComoInmobiliaria" computerName="ISIDURLLL-LAP" duration="00:00:00.0072320" startTime="2014-03-09T17:06:37.8902027+01:00" endTime="2014-03-09T17:06:37.9012033+01:00" testType="13cdc9d9-ddb5-4fa4-a97d-d965ccfc6d4b" outcome="Passed" testListId="8c84fa94-04c1-424b-9868-57a2d4851a1d" relativeResultsDirectory="032d1bf9-a85b-469e-8007-1a96137fdb89">
      <Output>
        <StdOut>Given Una inmobiliara con email "jpcs@inm.es" y contraseña "jpcs"
-&gt; done: SuperUsuarioCEN_LoginSteps.GivenUnaInmobiliaraConEmailYContrasena("jpcs@inm.es", "jpcs") (0,0s)
When quiero logearme en la red social como "Inmobiliaria"
NHibernate: select superusuar0_.[id] as column1_23_, superusuar0_.[nombre] as column2_23_, superusuar0_.[telefono] as column3_23_, superusuar0_.[email] as column4_23_, superusuar0_.[direccion] as column5_23_, superusuar0_.[poblacion] as column6_23_, superusuar0_.[codigoPostal] as column7_23_, superusuar0_.[pais] as column8_23_, superusuar0_.[password] as column9_23_, superusuar0_.[valoracionMedia] as column10_23_, superusuar0_.[FK_id_muro] as column11_23_, superusuar0_1_.[descripcion] as column2_27_, superusuar0_1_.[cif] as column3_27_, superusuar0_2_.[apellidos] as column2_30_, superusuar0_2_.[nif] as column3_30_, superusuar0_2_.[fechaNacimiento] as column4_30_, superusuar0_2_.[privacidad] as column5_30_, superusuar0_2_.[FK_id_preferenciasBusqueda] as column6_30_, superusuar0_2_.[FK_id_gustos] as column7_30_, case when superusuar0_3_.[id] is not null then 3 when superusuar0_1_.[id] is not null then 1 when superusuar0_2_.[id] is not null then 2 when superusuar0_.[id] is not null then 0 end as clazz_ from [SuperUsuario] superusuar0_ left outer join [Inmobiliaria] superusuar0_1_ on superusuar0_.[id]=superusuar0_1_.[id] left outer join [Usuario] superusuar0_2_ on superusuar0_.[id]=superusuar0_2_.[id] left outer join [Moderador] superusuar0_3_ on superusuar0_.[id]=superusuar0_3_.[id] where superusuar0_.[email]=@p0;@p0 = 'jpcs@inm.es'
-&gt; done: SuperUsuarioCEN_LoginSteps.WhenQuieroLogearmeEnLaRedSocialComo("Inmobiliaria") (0,0s)
Then debo logearme como usuario y devolver 4
-&gt; done: SuperUsuarioCEN_LoginSteps.ThenDeboLogearmeComoUsuarioYDevolver(4) (0,0s)</StdOut>
      </Output>
    </UnitTestResult>
  </Results>
</TestRun>